{"funcIdentifier":"bf4f02c0-c64c-462e-ab0c-6334b1641ba9","input":{"params":{"HeartbeatTimer_Started":"12/04/22 05:10:16"}},"level":"debug","refPath":"[E:\\work\\tms\\TMS-3SPAY\\utils\\heartbeatTimer.js] heartBeatTimer","timestamp":"2022-04-11T23:40:16.972Z"}
{"funcIdentifier":"5e8611f3-901d-4d82-9eae-f60f014611bf","input":{"params":{"role":"admin"}},"level":"debug","refPath":"[E:\\work\\tms\\TMS-3SPAY\\services\\permission.js] getPermissionByRole","timestamp":"2022-04-11T23:42:14.870Z"}
{"funcIdentifier":"5e8611f3-901d-4d82-9eae-f60f014611bf","level":"debug","output":0,"refPath":"[E:\\work\\tms\\TMS-3SPAY\\services\\permission.js] getPermissionByRole","timestamp":"2022-04-11T23:42:14.929Z"}
{"funcIdentifier":"6c59354f-e72f-4b88-9171-96df55b254be","input":{"params":{"role":"admin"}},"level":"debug","refPath":"[E:\\work\\tms\\TMS-3SPAY\\services\\permission.js] getPermissionByRole","timestamp":"2022-04-11T23:42:21.207Z"}
{"funcIdentifier":"6c59354f-e72f-4b88-9171-96df55b254be","level":"debug","output":0,"refPath":"[E:\\work\\tms\\TMS-3SPAY\\services\\permission.js] getPermissionByRole","timestamp":"2022-04-11T23:42:21.225Z"}
{"funcIdentifier":"47805101-d9f9-4e99-a98a-daa9f63f0c5b","input":{"params":{"role":"admin"}},"level":"debug","refPath":"[E:\\work\\tms\\TMS-3SPAY\\services\\permission.js] getPermissionByRole","timestamp":"2022-04-11T23:42:54.215Z"}
{"funcIdentifier":"47805101-d9f9-4e99-a98a-daa9f63f0c5b","level":"debug","output":0,"refPath":"[E:\\work\\tms\\TMS-3SPAY\\services\\permission.js] getPermissionByRole","timestamp":"2022-04-11T23:42:54.220Z"}
{"funcIdentifier":"a398be20-0ff4-4861-99ab-2f1ec68aa4f2","input":{"params":{"role":"admin"}},"level":"debug","refPath":"[E:\\work\\tms\\TMS-3SPAY\\services\\permission.js] getPermissionByRole","timestamp":"2022-04-11T23:43:49.154Z"}
{"funcIdentifier":"a398be20-0ff4-4861-99ab-2f1ec68aa4f2","level":"debug","output":0,"refPath":"[E:\\work\\tms\\TMS-3SPAY\\services\\permission.js] getPermissionByRole","timestamp":"2022-04-11T23:43:49.657Z"}
{"funcIdentifier":"e1b59bfb-c1bc-449e-b8c8-1a45d666971f","input":{"params":{"role":"admin"}},"level":"debug","refPath":"[E:\\work\\tms\\TMS-3SPAY\\services\\permission.js] getPermissionByRole","timestamp":"2022-04-11T23:44:03.448Z"}
{"funcIdentifier":"e1b59bfb-c1bc-449e-b8c8-1a45d666971f","level":"debug","output":0,"refPath":"[E:\\work\\tms\\TMS-3SPAY\\services\\permission.js] getPermissionByRole","timestamp":"2022-04-11T23:44:03.454Z"}
{"funcIdentifier":"7b528a47-8124-4770-9951-5d80b45ae7bd","input":{"params":{"role":"admin"}},"level":"debug","refPath":"[E:\\work\\tms\\TMS-3SPAY\\services\\permission.js] getPermissionByRole","timestamp":"2022-04-11T23:44:10.045Z"}
{"funcIdentifier":"7b528a47-8124-4770-9951-5d80b45ae7bd","level":"debug","output":0,"refPath":"[E:\\work\\tms\\TMS-3SPAY\\services\\permission.js] getPermissionByRole","timestamp":"2022-04-11T23:44:10.049Z"}
{"funcIdentifier":"fdc9fac4-7b1e-4079-9c72-8e2026eeeb65","input":{"params":{"user":{"name":"User"}}},"level":"debug","refPath":"[E:\\work\\tms\\TMS-3SPAY\\services\\StatusLog.js] getLogsByUser","timestamp":"2022-04-11T23:44:16.468Z"}
{"funcIdentifier":"fdc9fac4-7b1e-4079-9c72-8e2026eeeb65","level":"debug","output":0,"refPath":"[E:\\work\\tms\\TMS-3SPAY\\services\\StatusLog.js] getLogsByUser","timestamp":"2022-04-11T23:44:16.526Z"}
{"funcIdentifier":"63e434aa-e618-423b-8c69-ee8d1a1ee674","input":{"params":{"role":"admin"}},"level":"debug","refPath":"[E:\\work\\tms\\TMS-3SPAY\\services\\permission.js] getPermissionByRole","timestamp":"2022-04-11T23:47:16.560Z"}
{"funcIdentifier":"63e434aa-e618-423b-8c69-ee8d1a1ee674","level":"debug","output":0,"refPath":"[E:\\work\\tms\\TMS-3SPAY\\services\\permission.js] getPermissionByRole","timestamp":"2022-04-11T23:47:16.567Z"}
{"funcIdentifier":"bbea1509-18de-4770-bf3e-4e63e584f4b2","input":{"params":{"data":{"isParent":true}}},"level":"debug","refPath":"[E:\\work\\tms\\TMS-3SPAY\\services\\dashboard.js] dashboard","timestamp":"2022-04-11T23:47:16.633Z"}
{"funcIdentifier":"bbea1509-18de-4770-bf3e-4e63e584f4b2","level":"debug","output":0,"refPath":"[E:\\work\\tms\\TMS-3SPAY\\services\\dashboard.js] dashboard","timestamp":"2022-04-11T23:47:16.708Z"}
{"funcIdentifier":"31a0a562-4bf8-431a-b35c-6be24ee85057","input":{"params":{"isParent":"true"}},"level":"debug","refPath":"[E:\\work\\tms\\TMS-3SPAY\\services\\group.js] getMerchantList","timestamp":"2022-04-11T23:47:28.520Z"}
{"funcIdentifier":"58ca0076-87af-42e7-ad4a-60b9ce693333","input":{"params":{}},"level":"debug","refPath":"[E:\\work\\tms\\TMS-3SPAY\\services\\terminal.js] getAllTerminals","timestamp":"2022-04-11T23:47:28.527Z"}
{"funcIdentifier":"58ca0076-87af-42e7-ad4a-60b9ce693333","level":"debug","output":0,"refPath":"[E:\\work\\tms\\TMS-3SPAY\\services\\terminal.js] getAllTerminals","timestamp":"2022-04-11T23:47:28.549Z"}
{"funcIdentifier":"31a0a562-4bf8-431a-b35c-6be24ee85057","level":"debug","output":0,"refPath":"[E:\\work\\tms\\TMS-3SPAY\\services\\group.js] getMerchantList","timestamp":"2022-04-11T23:47:28.573Z"}
{"funcIdentifier":"32a2bd79-63e1-45ed-80a2-13957d410fe2","input":{"params":{"HeartbeatTimer_Execution_Start":"12/04/22 05:40:17"}},"level":"debug","refPath":"[E:\\work\\tms\\TMS-3SPAY\\utils\\heartbeatTimer.js] heartBeatTimer","timestamp":"2022-04-12T00:10:17.010Z"}
{"funcIdentifier":"e2b14a84-497e-45ab-ab97-98a939b07b02","input":{"params":{"_id":"623c707b8dabc225281a2078"}},"level":"debug","refPath":"[E:\\work\\tms\\TMS-3SPAY\\services\\terminal.js] terminalById","timestamp":"2022-04-12T00:26:27.621Z"}
{"funcIdentifier":"e2b14a84-497e-45ab-ab97-98a939b07b02","level":"debug","output":0,"refPath":"[E:\\work\\tms\\TMS-3SPAY\\services\\terminal.js] terminalById","timestamp":"2022-04-12T00:26:27.632Z"}
{"funcIdentifier":"b219c9dc-1fa3-47b7-806e-55f9a747e60e","input":{"params":{"isParent":"true"}},"level":"debug","refPath":"[E:\\work\\tms\\TMS-3SPAY\\services\\group.js] getMerchantList","timestamp":"2022-04-12T00:29:28.538Z"}
{"funcIdentifier":"6faff7cd-0eb7-43a3-82a8-29e4980a9ccb","input":{"params":{}},"level":"debug","refPath":"[E:\\work\\tms\\TMS-3SPAY\\services\\terminal.js] getAllTerminals","timestamp":"2022-04-12T00:29:28.554Z"}
{"funcIdentifier":"b219c9dc-1fa3-47b7-806e-55f9a747e60e","level":"debug","output":0,"refPath":"[E:\\work\\tms\\TMS-3SPAY\\services\\group.js] getMerchantList","timestamp":"2022-04-12T00:29:28.574Z"}
{"funcIdentifier":"6faff7cd-0eb7-43a3-82a8-29e4980a9ccb","level":"debug","output":0,"refPath":"[E:\\work\\tms\\TMS-3SPAY\\services\\terminal.js] getAllTerminals","timestamp":"2022-04-12T00:29:28.594Z"}
{"funcIdentifier":"1bbff397-0c5f-4fdd-b9b7-91f475c5b5e0","input":{"params":{"_id":"623c707b8dabc225281a2078"}},"level":"debug","refPath":"[E:\\work\\tms\\TMS-3SPAY\\services\\terminal.js] terminalById","timestamp":"2022-04-12T00:29:58.094Z"}
{"funcIdentifier":"1bbff397-0c5f-4fdd-b9b7-91f475c5b5e0","level":"debug","output":0,"refPath":"[E:\\work\\tms\\TMS-3SPAY\\services\\terminal.js] terminalById","timestamp":"2022-04-12T00:29:58.103Z"}
{"funcIdentifier":"0acdedde-f49d-4f39-849d-4109ce9de886","input":{},"level":"debug","refPath":"[E:\\work\\tms\\TMS-3SPAY\\services\\fileStore.js] getFileStoreList","timestamp":"2022-04-12T00:35:41.933Z"}
{"funcIdentifier":"0e48fdb9-a0c5-4e39-99e2-91f2da8c5a7a","input":{"params":{"isParent":"true"}},"level":"debug","refPath":"[E:\\work\\tms\\TMS-3SPAY\\services\\group.js] getMerchantList","timestamp":"2022-04-12T00:35:41.940Z"}
{"funcIdentifier":"e5fd35a5-6421-46bd-8f48-842cb1a2a993","input":{},"level":"debug","refPath":"[E:\\work\\tms\\TMS-3SPAY\\services\\terminal.js] terminalSerialDetail","timestamp":"2022-04-12T00:35:41.948Z"}
{"funcIdentifier":"e5fd35a5-6421-46bd-8f48-842cb1a2a993","level":"debug","output":0,"refPath":"[E:\\work\\tms\\TMS-3SPAY\\services\\terminal.js] terminalSerialDetail","timestamp":"2022-04-12T00:35:41.973Z"}
{"funcIdentifier":"0acdedde-f49d-4f39-849d-4109ce9de886","level":"debug","output":0,"refPath":"[E:\\work\\tms\\TMS-3SPAY\\services\\fileStore.js] getFileStoreList","timestamp":"2022-04-12T00:35:41.978Z"}
{"funcIdentifier":"0e48fdb9-a0c5-4e39-99e2-91f2da8c5a7a","level":"debug","output":0,"refPath":"[E:\\work\\tms\\TMS-3SPAY\\services\\group.js] getMerchantList","timestamp":"2022-04-12T00:35:41.999Z"}
{"funcIdentifier":"417f45a5-75d3-4f96-889d-eeb494b770bc","input":{"params":{"_id":"62273e02b1609533741e97da"}},"level":"debug","refPath":"[E:\\work\\tms\\TMS-3SPAY\\services\\group.js] getMerchantById","timestamp":"2022-04-12T00:35:42.210Z"}
{"funcIdentifier":"417f45a5-75d3-4f96-889d-eeb494b770bc","level":"debug","output":0,"refPath":"[E:\\work\\tms\\TMS-3SPAY\\services\\group.js] getMerchantById","timestamp":"2022-04-12T00:35:42.217Z"}
{"funcIdentifier":"8eb9f5ae-e0ab-4a67-8b0e-fc20b5b9b8ff","input":{"params":{"HeartbeatTimer_Execution_Start":"12/04/22 06:10:17"}},"level":"debug","refPath":"[E:\\work\\tms\\TMS-3SPAY\\utils\\heartbeatTimer.js] heartBeatTimer","timestamp":"2022-04-12T00:40:17.008Z"}
{"funcIdentifier":"11677e38-1dfe-490e-b29c-900d7ae6390b","input":{"params":{"_id":"62273e02b1609533741e97da"}},"level":"debug","refPath":"[E:\\work\\tms\\TMS-3SPAY\\services\\group.js] getMerchantById","timestamp":"2022-04-12T00:44:59.404Z"}
{"funcIdentifier":"11677e38-1dfe-490e-b29c-900d7ae6390b","level":"debug","output":0,"refPath":"[E:\\work\\tms\\TMS-3SPAY\\services\\group.js] getMerchantById","timestamp":"2022-04-12T00:44:59.412Z"}
{"funcIdentifier":"7c68dcdb-ae44-49ea-9f4b-80feca60d1ca","input":{"params":{"_id":"6228af5fb1609533741e9a8c"}},"level":"debug","refPath":"[E:\\work\\tms\\TMS-3SPAY\\services\\group.js] getMerchantById","timestamp":"2022-04-12T00:45:38.388Z"}
{"funcIdentifier":"7c68dcdb-ae44-49ea-9f4b-80feca60d1ca","level":"debug","output":0,"refPath":"[E:\\work\\tms\\TMS-3SPAY\\services\\group.js] getMerchantById","timestamp":"2022-04-12T00:45:38.396Z"}
{"funcIdentifier":"ccf2430f-25cc-4c00-9b4f-c21bc7e8506d","input":{"params":{"_id":"62273e02b1609533741e97da"}},"level":"debug","refPath":"[E:\\work\\tms\\TMS-3SPAY\\services\\group.js] getMerchantById","timestamp":"2022-04-12T00:46:01.692Z"}
{"funcIdentifier":"ccf2430f-25cc-4c00-9b4f-c21bc7e8506d","level":"debug","output":0,"refPath":"[E:\\work\\tms\\TMS-3SPAY\\services\\group.js] getMerchantById","timestamp":"2022-04-12T00:46:01.701Z"}
{"funcIdentifier":"6a6023e3-f80b-4a07-8029-74f9205e9305","input":{"params":{"HeartbeatTimer_Execution_Start":"12/04/22 07:46:26"}},"level":"debug","refPath":"[E:\\work\\tms\\TMS-3SPAY\\utils\\heartbeatTimer.js] heartBeatTimer","timestamp":"2022-04-12T02:16:26.504Z"}
{"funcIdentifier":"60e8b4a5-1be7-427a-9678-a98ef72b126c","input":{"params":{"HeartbeatTimer_Execution_Start":"12/04/22 08:16:26"}},"level":"debug","refPath":"[E:\\work\\tms\\TMS-3SPAY\\utils\\heartbeatTimer.js] heartBeatTimer","timestamp":"2022-04-12T02:46:26.509Z"}
{"funcIdentifier":"ab59e345-eb80-48ca-b961-0513df21859e","input":{"params":{"HeartbeatTimer_Execution_Start":"12/04/22 08:46:26"}},"level":"debug","refPath":"[E:\\work\\tms\\TMS-3SPAY\\utils\\heartbeatTimer.js] heartBeatTimer","timestamp":"2022-04-12T03:16:26.509Z"}
{"funcIdentifier":"610b4027-4e2e-43af-a881-36ebb912f988","input":{"params":{"HeartbeatTimer_Execution_Start":"12/04/22 09:16:26"}},"level":"debug","refPath":"[E:\\work\\tms\\TMS-3SPAY\\utils\\heartbeatTimer.js] heartBeatTimer","timestamp":"2022-04-12T03:46:26.509Z"}
{"funcIdentifier":"145787a2-f699-476d-be6e-c1f305bd87ad","input":{"params":{"HeartbeatTimer_Execution_Start":"12/04/22 09:46:26"}},"level":"debug","refPath":"[E:\\work\\tms\\TMS-3SPAY\\utils\\heartbeatTimer.js] heartBeatTimer","timestamp":"2022-04-12T04:16:26.515Z"}
{"funcIdentifier":"c76146ca-7168-4254-888a-9ba2a32aa43d","input":{"params":{"HeartbeatTimer_Execution_Start":"12/04/22 01:06:44"}},"level":"debug","refPath":"[E:\\work\\tms\\TMS-3SPAY\\utils\\heartbeatTimer.js] heartBeatTimer","timestamp":"2022-04-12T07:36:44.769Z"}
{"funcIdentifier":"895b80e4-6b91-4a20-bfa3-eae153edb648","input":{"params":{"HeartbeatTimer_Execution_Start":"12/04/22 09:22:22"}},"level":"debug","refPath":"[E:\\work\\tms\\TMS-3SPAY\\utils\\heartbeatTimer.js] heartBeatTimer","timestamp":"2022-04-12T15:52:23.011Z"}
{"funcIdentifier":"73ef54cf-2db3-4a06-8586-a63e5d40d80c","input":{"params":{"HeartbeatTimer_Execution_Start":"12/04/22 09:52:23"}},"level":"debug","refPath":"[E:\\work\\tms\\TMS-3SPAY\\utils\\heartbeatTimer.js] heartBeatTimer","timestamp":"2022-04-12T16:22:23.243Z"}
