{"funcIdentifier":"123cff76-1dcd-412d-9de9-33a8b7fd3569","input":{"params":{"user":{"name":"User"}}},"level":"debug","refPath":"[E:\\work\\tms\\TMS-3SPAY\\services\\StatusLog.js] getLogsByUser","timestamp":"2022-04-14T18:45:16.106Z"}
{"funcIdentifier":"123cff76-1dcd-412d-9de9-33a8b7fd3569","level":"debug","output":0,"refPath":"[E:\\work\\tms\\TMS-3SPAY\\services\\StatusLog.js] getLogsByUser","timestamp":"2022-04-14T18:45:16.145Z"}
{"funcIdentifier":"d228cdb2-5c06-4f67-a998-2f5811de0441","input":{"params":{"isParent":"true"}},"level":"debug","refPath":"[E:\\work\\tms\\TMS-3SPAY\\services\\group.js] getMerchantList","timestamp":"2022-04-14T18:50:04.020Z"}
{"funcIdentifier":"d228cdb2-5c06-4f67-a998-2f5811de0441","level":"debug","output":0,"refPath":"[E:\\work\\tms\\TMS-3SPAY\\services\\group.js] getMerchantList","timestamp":"2022-04-14T18:50:04.050Z"}
{"funcIdentifier":"28a020f6-c886-4070-bb55-8bb9a05de8f4","input":{"params":{}},"level":"debug","refPath":"[E:\\work\\tms\\TMS-3SPAY\\services\\terminal.js] getAllTerminals","timestamp":"2022-04-14T18:50:04.063Z"}
{"funcIdentifier":"28a020f6-c886-4070-bb55-8bb9a05de8f4","level":"debug","output":0,"refPath":"[E:\\work\\tms\\TMS-3SPAY\\services\\terminal.js] getAllTerminals","timestamp":"2022-04-14T18:50:04.070Z"}
{"funcIdentifier":"01c65c37-6797-4781-a6a7-fa2eae884bdf","input":{"params":{"HeartbeatTimer_Execution_Start":"15/04/22 12:28:23"}},"level":"debug","refPath":"[E:\\work\\tms\\TMS-3SPAY\\utils\\heartbeatTimer.js] heartBeatTimer","timestamp":"2022-04-14T18:58:23.494Z"}
{"funcIdentifier":"3d561baa-4e38-4a29-b166-40c14b27676b","input":{},"level":"debug","refPath":"[E:\\work\\tms\\TMS-3SPAY\\services\\fileStore.js] getFileStoreList","timestamp":"2022-04-14T19:23:57.512Z"}
{"funcIdentifier":"3d561baa-4e38-4a29-b166-40c14b27676b","level":"debug","output":0,"refPath":"[E:\\work\\tms\\TMS-3SPAY\\services\\fileStore.js] getFileStoreList","timestamp":"2022-04-14T19:23:57.546Z"}
{"funcIdentifier":"f5d7d09b-edb7-4ed4-8c29-7736146e06e5","input":{"params":{"HeartbeatTimer_Execution_Start":"15/04/22 12:58:23"}},"level":"debug","refPath":"[E:\\work\\tms\\TMS-3SPAY\\utils\\heartbeatTimer.js] heartBeatTimer","timestamp":"2022-04-14T19:28:23.502Z"}
{"funcIdentifier":"362dd882-4223-4d39-b5d0-b4601d727a04","input":{},"level":"debug","refPath":"[E:\\work\\tms\\TMS-3SPAY\\services\\Application.js] getAllApplication","timestamp":"2022-04-14T19:32:02.045Z"}
{"funcIdentifier":"362dd882-4223-4d39-b5d0-b4601d727a04","level":"debug","output":0,"refPath":"[E:\\work\\tms\\TMS-3SPAY\\services\\Application.js] getAllApplication","timestamp":"2022-04-14T19:32:02.057Z"}
{"funcIdentifier":"a50f8479-afd2-4b2b-abdb-23dcd5bf51cb","input":{"params":{"HeartbeatTimer_Execution_Start":"15/04/22 01:28:23"}},"level":"debug","refPath":"[E:\\work\\tms\\TMS-3SPAY\\utils\\heartbeatTimer.js] heartBeatTimer","timestamp":"2022-04-14T19:58:23.516Z"}
{"funcIdentifier":"bd7c3254-a041-4e10-b590-ed534b69eb2b","input":{"params":{"HeartbeatTimer_Execution_Start":"15/04/22 01:58:23"}},"level":"debug","refPath":"[E:\\work\\tms\\TMS-3SPAY\\utils\\heartbeatTimer.js] heartBeatTimer","timestamp":"2022-04-14T20:28:23.523Z"}
{"funcIdentifier":"b86628d4-b45c-4ab6-937b-8a784a246de0","input":{"params":{"HeartbeatTimer_Execution_Start":"15/04/22 02:28:23"}},"level":"debug","refPath":"[E:\\work\\tms\\TMS-3SPAY\\utils\\heartbeatTimer.js] heartBeatTimer","timestamp":"2022-04-14T20:58:23.528Z"}
{"funcIdentifier":"161f477f-2072-4118-8d31-698489c55d9f","input":{"params":{"HeartbeatTimer_Execution_Start":"15/04/22 02:58:23"}},"level":"debug","refPath":"[E:\\work\\tms\\TMS-3SPAY\\utils\\heartbeatTimer.js] heartBeatTimer","timestamp":"2022-04-14T21:28:23.540Z"}
{"funcIdentifier":"97cdd89f-b409-441f-b77a-134cb1a67a40","input":{"params":{"HeartbeatTimer_Execution_Start":"15/04/22 03:28:23"}},"level":"debug","refPath":"[E:\\work\\tms\\TMS-3SPAY\\utils\\heartbeatTimer.js] heartBeatTimer","timestamp":"2022-04-14T21:58:23.548Z"}
{"funcIdentifier":"7116636f-688b-4952-98b4-fe9c95f2b6d1","input":{"params":{"HeartbeatTimer_Execution_Start":"15/04/22 06:41:03"}},"level":"debug","refPath":"[E:\\work\\tms\\TMS-3SPAY\\utils\\heartbeatTimer.js] heartBeatTimer","timestamp":"2022-04-15T01:11:03.737Z"}
{"funcIdentifier":"aa0bd30f-780e-48d6-b402-3916b108f8a9","input":{"params":{"HeartbeatTimer_Execution_Start":"15/04/22 08:42:55"}},"level":"debug","refPath":"[E:\\work\\tms\\TMS-3SPAY\\utils\\heartbeatTimer.js] heartBeatTimer","timestamp":"2022-04-15T03:12:55.175Z"}
{"funcIdentifier":"b59d83a4-d171-4b11-9e84-ddd234c97eae","input":{"params":{"HeartbeatTimer_Execution_Start":"15/04/22 11:44:14"}},"level":"debug","refPath":"[E:\\work\\tms\\TMS-3SPAY\\utils\\heartbeatTimer.js] heartBeatTimer","timestamp":"2022-04-15T06:14:14.053Z"}
{"funcIdentifier":"470d0bc1-7d86-4bd4-9513-30764a7990a3","input":{"params":{"HeartbeatTimer_Execution_Start":"15/04/22 12:14:06"}},"level":"debug","refPath":"[E:\\work\\tms\\TMS-3SPAY\\utils\\heartbeatTimer.js] heartBeatTimer","timestamp":"2022-04-15T06:44:06.672Z"}
{"funcIdentifier":"86e3dcce-92e8-4f73-b5da-cae4ba01dd36","input":{"params":{"HeartbeatTimer_Execution_Start":"15/04/22 12:44:07"}},"level":"debug","refPath":"[E:\\work\\tms\\TMS-3SPAY\\utils\\heartbeatTimer.js] heartBeatTimer","timestamp":"2022-04-15T07:14:07.743Z"}
{"funcIdentifier":"8f688855-532f-41a5-bc41-13bf005fd23b","input":{"params":{"HeartbeatTimer_Execution_Start":"15/04/22 01:14:07"}},"level":"debug","refPath":"[E:\\work\\tms\\TMS-3SPAY\\utils\\heartbeatTimer.js] heartBeatTimer","timestamp":"2022-04-15T07:44:07.749Z"}
{"funcIdentifier":"f3424a96-949b-49eb-b117-5d48639be317","input":{"params":{"HeartbeatTimer_Execution_Start":"15/04/22 01:44:07"}},"level":"debug","refPath":"[E:\\work\\tms\\TMS-3SPAY\\utils\\heartbeatTimer.js] heartBeatTimer","timestamp":"2022-04-15T08:14:07.752Z"}
{"funcIdentifier":"b7a882ee-2127-4e3f-ada1-70f4ff007bef","input":{"params":{"HeartbeatTimer_Execution_Start":"15/04/22 02:14:07"}},"level":"debug","refPath":"[E:\\work\\tms\\TMS-3SPAY\\utils\\heartbeatTimer.js] heartBeatTimer","timestamp":"2022-04-15T08:44:07.755Z"}
{"funcIdentifier":"b5e50989-e2e6-45d2-9882-05ad9360508f","input":{"params":{"HeartbeatTimer_Execution_Start":"15/04/22 02:44:07"}},"level":"debug","refPath":"[E:\\work\\tms\\TMS-3SPAY\\utils\\heartbeatTimer.js] heartBeatTimer","timestamp":"2022-04-15T09:14:07.757Z"}
{"funcIdentifier":"d8cb447b-fc4e-40e2-8af8-cfa4c687270c","input":{"params":{"HeartbeatTimer_Execution_Start":"15/04/22 03:14:07"}},"level":"debug","refPath":"[E:\\work\\tms\\TMS-3SPAY\\utils\\heartbeatTimer.js] heartBeatTimer","timestamp":"2022-04-15T09:44:07.768Z"}
{"funcIdentifier":"65d559f5-d664-44b1-8038-c42e5af299e1","input":{"params":{"HeartbeatTimer_Execution_Start":"15/04/22 03:44:07"}},"level":"debug","refPath":"[E:\\work\\tms\\TMS-3SPAY\\utils\\heartbeatTimer.js] heartBeatTimer","timestamp":"2022-04-15T10:14:07.780Z"}
{"funcIdentifier":"c17d9efb-c730-4949-80e0-e197daa7ce37","input":{"params":{"HeartbeatTimer_Execution_Start":"15/04/22 04:14:07"}},"level":"debug","refPath":"[E:\\work\\tms\\TMS-3SPAY\\utils\\heartbeatTimer.js] heartBeatTimer","timestamp":"2022-04-15T10:44:07.787Z"}
{"funcIdentifier":"aa43595b-b8ca-47f4-becb-1d7bf52685b2","input":{"params":{"HeartbeatTimer_Execution_Start":"15/04/22 07:13:02"}},"level":"debug","refPath":"[E:\\work\\tms\\TMS-3SPAY\\utils\\heartbeatTimer.js] heartBeatTimer","timestamp":"2022-04-15T13:43:02.909Z"}
