{"funcIdentifier":"78c60930-2161-41ab-96cd-29ebaad04ea4","input":{"params":{"HeartbeatTimer_Execution_Start":"04/04/22 02:26:02"}},"level":"debug","refPath":"[E:\\work\\tms\\TMS-3SPAY\\utils\\heartbeatTimer.js] heartBeatTimer","timestamp":"2022-04-03T20:56:04.069Z"}
{"funcIdentifier":"f17258b8-d270-4da8-bb31-147dce0778f4","input":{"params":{"HeartbeatTimer_Execution_Start":"04/04/22 02:55:54"}},"level":"debug","refPath":"[E:\\work\\tms\\TMS-3SPAY\\utils\\heartbeatTimer.js] heartBeatTimer","timestamp":"2022-04-03T21:25:54.942Z"}
{"funcIdentifier":"097384bb-5da9-4bf9-b4e6-e37a86b4ff40","input":{"params":{"HeartbeatTimer_Execution_Start":"04/04/22 03:25:57"}},"level":"debug","refPath":"[E:\\work\\tms\\TMS-3SPAY\\utils\\heartbeatTimer.js] heartBeatTimer","timestamp":"2022-04-03T21:55:57.467Z"}
{"funcIdentifier":"5a88de17-3d6c-4007-b3ac-663ff2fdb4ac","input":{"params":{"HeartbeatTimer_Started":"04/04/22 03:56:45"}},"level":"debug","refPath":"[E:\\work\\tms\\TMS-3SPAY\\utils\\heartbeatTimer.js] heartBeatTimer","timestamp":"2022-04-03T22:26:45.591Z"}
{"funcIdentifier":"ffd14c6d-e52c-4594-b1ff-6c3b04d85722","input":{"params":{"role":"admin"}},"level":"debug","refPath":"[E:\\work\\tms\\TMS-3SPAY\\services\\permission.js] getPermissionByRole","timestamp":"2022-04-03T22:29:18.119Z"}
{"funcIdentifier":"ffd14c6d-e52c-4594-b1ff-6c3b04d85722","level":"debug","output":0,"refPath":"[E:\\work\\tms\\TMS-3SPAY\\services\\permission.js] getPermissionByRole","timestamp":"2022-04-03T22:29:18.255Z"}
{"funcIdentifier":"769abda3-fa14-473b-a355-9e30e84372ff","input":{"params":{"data":{"isParent":true}}},"level":"debug","refPath":"[E:\\work\\tms\\TMS-3SPAY\\services\\dashboard.js] dashboard","timestamp":"2022-04-03T22:29:19.193Z"}
{"funcIdentifier":"769abda3-fa14-473b-a355-9e30e84372ff","level":"debug","output":0,"refPath":"[E:\\work\\tms\\TMS-3SPAY\\services\\dashboard.js] dashboard","timestamp":"2022-04-03T22:29:19.399Z"}
{"funcIdentifier":"f76108be-c676-4e75-94dd-391de1f4e8e5","input":{"params":{"HeartbeatTimer_Execution_Start":"04/04/22 04:26:45"}},"level":"debug","refPath":"[E:\\work\\tms\\TMS-3SPAY\\utils\\heartbeatTimer.js] heartBeatTimer","timestamp":"2022-04-03T22:56:45.781Z"}
{"funcIdentifier":"cb0d4fe6-0df1-44d5-8332-d6e8e25c5924","input":{"params":{"HeartbeatTimer_Started":"04/04/22 05:20:20"}},"level":"debug","refPath":"[E:\\work\\tms\\TMS-3SPAY\\utils\\heartbeatTimer.js] heartBeatTimer","timestamp":"2022-04-03T23:50:20.574Z"}
{"funcIdentifier":"10a8eae6-7ccf-4a97-bbd5-0f4318dab31a","input":{"params":{"role":"admin"}},"level":"debug","refPath":"[E:\\work\\tms\\TMS-3SPAY\\services\\permission.js] getPermissionByRole","timestamp":"2022-04-03T23:51:36.732Z"}
{"funcIdentifier":"10a8eae6-7ccf-4a97-bbd5-0f4318dab31a","level":"debug","output":0,"refPath":"[E:\\work\\tms\\TMS-3SPAY\\services\\permission.js] getPermissionByRole","timestamp":"2022-04-03T23:51:36.926Z"}
{"funcIdentifier":"d61b9bd6-3e2a-4ad4-ac35-bc56c7f79e76","input":{"params":{"data":{"isParent":true}}},"level":"debug","refPath":"[E:\\work\\tms\\TMS-3SPAY\\services\\dashboard.js] dashboard","timestamp":"2022-04-03T23:51:37.525Z"}
{"funcIdentifier":"d61b9bd6-3e2a-4ad4-ac35-bc56c7f79e76","level":"debug","output":0,"refPath":"[E:\\work\\tms\\TMS-3SPAY\\services\\dashboard.js] dashboard","timestamp":"2022-04-03T23:51:37.691Z"}
{"funcIdentifier":"e0501c94-c2fd-4f0e-81dd-3bbcdddb8e05","input":{"params":{"HeartbeatTimer_Started":"04/04/22 05:31:38"}},"level":"debug","refPath":"[E:\\work\\tms\\TMS-3SPAY\\utils\\heartbeatTimer.js] heartBeatTimer","timestamp":"2022-04-04T00:01:38.478Z"}
{"funcIdentifier":"a66c3db7-9604-4aa1-bc8d-392c8b4712f3","input":{"params":{"HeartbeatTimer_Execution_Start":"04/04/22 06:01:38"}},"level":"debug","refPath":"[E:\\work\\tms\\TMS-3SPAY\\utils\\heartbeatTimer.js] heartBeatTimer","timestamp":"2022-04-04T00:31:38.565Z"}
{"funcIdentifier":"981a00d5-1f85-4028-b3d1-8b8c0ca5b110","input":{"params":{"HeartbeatTimer_Execution_Start":"04/04/22 06:31:38"}},"level":"debug","refPath":"[E:\\work\\tms\\TMS-3SPAY\\utils\\heartbeatTimer.js] heartBeatTimer","timestamp":"2022-04-04T01:01:38.546Z"}
{"funcIdentifier":"b57e1b9b-256e-4ab6-a546-1880ebd41e6c","input":{"params":{"HeartbeatTimer_Execution_Start":"04/04/22 09:42:29"}},"level":"debug","refPath":"[E:\\work\\tms\\TMS-3SPAY\\utils\\heartbeatTimer.js] heartBeatTimer","timestamp":"2022-04-04T04:12:29.257Z"}
{"funcIdentifier":"152ae4df-33dc-4db3-83bd-0fd08f72ab55","input":{"params":{"HeartbeatTimer_Execution_Start":"04/04/22 12:31:52"}},"level":"debug","refPath":"[E:\\work\\tms\\TMS-3SPAY\\utils\\heartbeatTimer.js] heartBeatTimer","timestamp":"2022-04-04T07:01:52.709Z"}
{"funcIdentifier":"02ad9e34-9daa-4ac9-ae2c-718a679b8cda","input":{"params":{"HeartbeatTimer_Execution_Start":"04/04/22 01:01:52"}},"level":"debug","refPath":"[E:\\work\\tms\\TMS-3SPAY\\utils\\heartbeatTimer.js] heartBeatTimer","timestamp":"2022-04-04T07:31:52.665Z"}
{"funcIdentifier":"63494ccc-27ae-460f-b83e-f845cf9df16f","input":{"params":{"HeartbeatTimer_Execution_Start":"04/04/22 04:24:44"}},"level":"debug","refPath":"[E:\\work\\tms\\TMS-3SPAY\\utils\\heartbeatTimer.js] heartBeatTimer","timestamp":"2022-04-04T10:54:44.650Z"}
{"funcIdentifier":"97a1a6ea-c310-4da8-bf1e-391b4e81f592","input":{"params":{"HeartbeatTimer_Execution_Start":"04/04/22 05:16:20"}},"level":"debug","refPath":"[E:\\work\\tms\\TMS-3SPAY\\utils\\heartbeatTimer.js] heartBeatTimer","timestamp":"2022-04-04T11:46:20.473Z"}
{"funcIdentifier":"a5579c62-d1e2-42b8-9aaf-bb553a4d5849","input":{"params":{"role":"admin"}},"level":"debug","refPath":"[E:\\work\\tms\\TMS-3SPAY\\services\\permission.js] getPermissionByRole","timestamp":"2022-04-04T11:49:14.696Z"}
{"funcIdentifier":"a5579c62-d1e2-42b8-9aaf-bb553a4d5849","level":"debug","output":0,"refPath":"[E:\\work\\tms\\TMS-3SPAY\\services\\permission.js] getPermissionByRole","timestamp":"2022-04-04T11:49:14.755Z"}
{"funcIdentifier":"ec7b13b2-0a58-4adf-ab7c-ff311c2ef96c","input":{"params":{"role":"admin"}},"level":"debug","refPath":"[E:\\work\\tms\\TMS-3SPAY\\services\\permission.js] getPermissionByRole","timestamp":"2022-04-04T11:50:30.926Z"}
{"funcIdentifier":"ec7b13b2-0a58-4adf-ab7c-ff311c2ef96c","level":"debug","output":0,"refPath":"[E:\\work\\tms\\TMS-3SPAY\\services\\permission.js] getPermissionByRole","timestamp":"2022-04-04T11:50:30.933Z"}
{"funcIdentifier":"268adc68-7563-4ca4-8f29-a3a8abdb1c9b","input":{"params":{"data":{"isParent":true}}},"level":"debug","refPath":"[E:\\work\\tms\\TMS-3SPAY\\services\\dashboard.js] dashboard","timestamp":"2022-04-04T11:50:31.131Z"}
{"funcIdentifier":"268adc68-7563-4ca4-8f29-a3a8abdb1c9b","level":"debug","output":0,"refPath":"[E:\\work\\tms\\TMS-3SPAY\\services\\dashboard.js] dashboard","timestamp":"2022-04-04T11:50:31.215Z"}
{"funcIdentifier":"17b4a466-3e07-4031-a0d8-569685f29901","input":{"params":{"HeartbeatTimer_Execution_Start":"04/04/22 05:46:20"}},"level":"debug","refPath":"[E:\\work\\tms\\TMS-3SPAY\\utils\\heartbeatTimer.js] heartBeatTimer","timestamp":"2022-04-04T12:16:20.482Z"}
{"funcIdentifier":"83c200a6-bcde-40a0-8da6-e26340fd37eb","input":{"params":{"user":{"name":"User"}}},"level":"debug","refPath":"[E:\\work\\tms\\TMS-3SPAY\\services\\StatusLog.js] getLogsByUser","timestamp":"2022-04-04T12:36:49.050Z"}
{"funcIdentifier":"83c200a6-bcde-40a0-8da6-e26340fd37eb","level":"debug","output":0,"refPath":"[E:\\work\\tms\\TMS-3SPAY\\services\\StatusLog.js] getLogsByUser","timestamp":"2022-04-04T12:36:49.291Z"}
{"funcIdentifier":"bc49de61-64b0-4dd6-8e35-a0c90adf4546","input":{"params":{"role":"admin"}},"level":"debug","refPath":"[E:\\work\\tms\\TMS-3SPAY\\services\\permission.js] getPermissionByRole","timestamp":"2022-04-04T12:38:08.617Z"}
{"funcIdentifier":"bc49de61-64b0-4dd6-8e35-a0c90adf4546","level":"debug","output":0,"refPath":"[E:\\work\\tms\\TMS-3SPAY\\services\\permission.js] getPermissionByRole","timestamp":"2022-04-04T12:38:08.625Z"}
{"funcIdentifier":"5a396088-1cdf-4485-9998-10c56d9d9a63","input":{"params":{"role":"admin"}},"level":"debug","refPath":"[E:\\work\\tms\\TMS-3SPAY\\services\\permission.js] getPermissionByRole","timestamp":"2022-04-04T12:38:24.427Z"}
{"funcIdentifier":"5a396088-1cdf-4485-9998-10c56d9d9a63","level":"debug","output":0,"refPath":"[E:\\work\\tms\\TMS-3SPAY\\services\\permission.js] getPermissionByRole","timestamp":"2022-04-04T12:38:24.431Z"}
{"funcIdentifier":"808de250-e670-42eb-8204-2646e1138d9e","input":{"params":{"HeartbeatTimer_Execution_Start":"04/04/22 06:16:20"}},"level":"debug","refPath":"[E:\\work\\tms\\TMS-3SPAY\\utils\\heartbeatTimer.js] heartBeatTimer","timestamp":"2022-04-04T12:46:20.495Z"}
{"funcIdentifier":"15d372eb-3643-43dd-ae30-755b2c61c938","input":{"params":{"HeartbeatTimer_Execution_Start":"04/04/22 06:46:20"}},"level":"debug","refPath":"[E:\\work\\tms\\TMS-3SPAY\\utils\\heartbeatTimer.js] heartBeatTimer","timestamp":"2022-04-04T13:16:20.506Z"}
{"funcIdentifier":"d06717a9-1b62-48d3-aa0d-6bf09a450a5d","input":{"params":{"HeartbeatTimer_Execution_Start":"04/04/22 08:19:24"}},"level":"debug","refPath":"[E:\\work\\tms\\TMS-3SPAY\\utils\\heartbeatTimer.js] heartBeatTimer","timestamp":"2022-04-04T14:49:24.669Z"}
{"funcIdentifier":"a29a3e8e-34fc-4909-8e5b-937efb17c3ad","input":{"params":{"HeartbeatTimer_Execution_Start":"04/04/22 08:49:24"}},"level":"debug","refPath":"[E:\\work\\tms\\TMS-3SPAY\\utils\\heartbeatTimer.js] heartBeatTimer","timestamp":"2022-04-04T15:19:24.670Z"}
{"funcIdentifier":"379b5c5c-3cf7-4a94-8bd3-af2dac6b48ee","input":{"params":{"HeartbeatTimer_Execution_Start":"04/04/22 10:25:01"}},"level":"debug","refPath":"[E:\\work\\tms\\TMS-3SPAY\\utils\\heartbeatTimer.js] heartBeatTimer","timestamp":"2022-04-04T16:55:01.714Z"}
{"funcIdentifier":"ecc982e0-40a6-4f04-b3ff-0d80460abd58","input":{"params":{"HeartbeatTimer_Execution_Start":"04/04/22 10:55:01"}},"level":"debug","refPath":"[E:\\work\\tms\\TMS-3SPAY\\utils\\heartbeatTimer.js] heartBeatTimer","timestamp":"2022-04-04T17:25:01.715Z"}
{"funcIdentifier":"f1a3ffe0-8450-49d3-9bcc-41ebeb1830f4","input":{"params":{"HeartbeatTimer_Execution_Start":"04/04/22 11:30:43"}},"level":"debug","refPath":"[E:\\work\\tms\\TMS-3SPAY\\utils\\heartbeatTimer.js] heartBeatTimer","timestamp":"2022-04-04T18:00:43.144Z"}
