{"funcIdentifier":"1801a5f1-b261-4798-94e6-47f3b624f5f0","input":{"params":{"HeartbeatTimer_Started":"14/04/22 06:37:37"}},"level":"debug","refPath":"[E:\\work\\tms\\TMS-3SPAY\\utils\\heartbeatTimer.js] heartBeatTimer","timestamp":"2022-04-14T13:07:37.768Z"}
{"funcIdentifier":"513298c8-4a26-407b-9e98-e135b6eb18b1","input":{"params":{"role":"admin"}},"level":"debug","refPath":"[E:\\work\\tms\\TMS-3SPAY\\services\\permission.js] getPermissionByRole","timestamp":"2022-04-14T13:09:46.760Z"}
{"funcIdentifier":"513298c8-4a26-407b-9e98-e135b6eb18b1","level":"debug","output":0,"refPath":"[E:\\work\\tms\\TMS-3SPAY\\services\\permission.js] getPermissionByRole","timestamp":"2022-04-14T13:09:46.841Z"}
{"funcIdentifier":"49e9398e-dc81-403e-ba55-927ecc2426fd","input":{"params":{"role":"admin"}},"level":"debug","refPath":"[E:\\work\\tms\\TMS-3SPAY\\services\\permission.js] getPermissionByRole","timestamp":"2022-04-14T13:09:52.642Z"}
{"funcIdentifier":"49e9398e-dc81-403e-ba55-927ecc2426fd","level":"debug","output":0,"refPath":"[E:\\work\\tms\\TMS-3SPAY\\services\\permission.js] getPermissionByRole","timestamp":"2022-04-14T13:09:52.648Z"}
{"funcIdentifier":"311f05c7-607e-483b-bb52-8071dd08a260","input":{"params":{"data":{"isParent":true}}},"level":"debug","refPath":"[E:\\work\\tms\\TMS-3SPAY\\services\\dashboard.js] dashboard","timestamp":"2022-04-14T13:09:52.713Z"}
{"funcIdentifier":"311f05c7-607e-483b-bb52-8071dd08a260","level":"debug","output":0,"refPath":"[E:\\work\\tms\\TMS-3SPAY\\services\\dashboard.js] dashboard","timestamp":"2022-04-14T13:09:52.812Z"}
{"funcIdentifier":"616f0a69-a15c-49ae-bbac-2ed6945ec231","input":{"params":{"HeartbeatTimer_Execution_Start":"14/04/22 07:07:37"}},"level":"debug","refPath":"[E:\\work\\tms\\TMS-3SPAY\\utils\\heartbeatTimer.js] heartBeatTimer","timestamp":"2022-04-14T13:37:37.810Z"}
{"funcIdentifier":"1f5049e0-db79-46e8-84f0-2a7e6d9707a1","input":{"params":{"HeartbeatTimer_Execution_Start":"14/04/22 07:37:37"}},"level":"debug","refPath":"[E:\\work\\tms\\TMS-3SPAY\\utils\\heartbeatTimer.js] heartBeatTimer","timestamp":"2022-04-14T14:07:37.812Z"}
{"funcIdentifier":"b5aff21f-2502-40a2-86b3-a6dd69e74954","input":{"params":{"HeartbeatTimer_Execution_Start":"14/04/22 08:07:37"}},"level":"debug","refPath":"[E:\\work\\tms\\TMS-3SPAY\\utils\\heartbeatTimer.js] heartBeatTimer","timestamp":"2022-04-14T14:37:37.812Z"}
{"funcIdentifier":"d5ee9654-38ef-426d-b69e-0818deba6d6c","input":{"params":{"HeartbeatTimer_Execution_Start":"14/04/22 09:28:23"}},"level":"debug","refPath":"[E:\\work\\tms\\TMS-3SPAY\\utils\\heartbeatTimer.js] heartBeatTimer","timestamp":"2022-04-14T15:58:23.451Z"}
{"funcIdentifier":"e1b6c198-af3f-4385-8548-9d4a64e889b9","input":{"params":{"HeartbeatTimer_Execution_Start":"14/04/22 09:58:23"}},"level":"debug","refPath":"[E:\\work\\tms\\TMS-3SPAY\\utils\\heartbeatTimer.js] heartBeatTimer","timestamp":"2022-04-14T16:28:23.467Z"}
{"funcIdentifier":"6a29a42c-e16f-4768-8a0c-c260d02a0435","input":{"params":{"HeartbeatTimer_Execution_Start":"14/04/22 10:28:23"}},"level":"debug","refPath":"[E:\\work\\tms\\TMS-3SPAY\\utils\\heartbeatTimer.js] heartBeatTimer","timestamp":"2022-04-14T16:58:23.470Z"}
{"funcIdentifier":"4094fb3e-5ae1-4fda-8a37-13d6e3bcfbc9","input":{"params":{"HeartbeatTimer_Execution_Start":"14/04/22 10:58:23"}},"level":"debug","refPath":"[E:\\work\\tms\\TMS-3SPAY\\utils\\heartbeatTimer.js] heartBeatTimer","timestamp":"2022-04-14T17:28:23.471Z"}
{"funcIdentifier":"3e2f3e42-a876-49dd-b987-5a6435cc170b","input":{"params":{"isParent":"true"}},"level":"debug","refPath":"[E:\\work\\tms\\TMS-3SPAY\\services\\group.js] getMerchantList","timestamp":"2022-04-14T17:46:32.035Z"}
{"funcIdentifier":"33e8eb42-b4f7-43e4-83b5-575b4c9ea74e","input":{"params":{}},"level":"debug","refPath":"[E:\\work\\tms\\TMS-3SPAY\\services\\terminal.js] getAllTerminals","timestamp":"2022-04-14T17:46:32.047Z"}
{"funcIdentifier":"33e8eb42-b4f7-43e4-83b5-575b4c9ea74e","level":"debug","output":0,"refPath":"[E:\\work\\tms\\TMS-3SPAY\\services\\terminal.js] getAllTerminals","timestamp":"2022-04-14T17:46:32.074Z"}
{"funcIdentifier":"3e2f3e42-a876-49dd-b987-5a6435cc170b","level":"debug","output":0,"refPath":"[E:\\work\\tms\\TMS-3SPAY\\services\\group.js] getMerchantList","timestamp":"2022-04-14T17:46:32.106Z"}
{"funcIdentifier":"df2d121c-7b3a-4ec1-800e-ea3d759dcb14","input":{"params":{"HeartbeatTimer_Execution_Start":"14/04/22 11:28:23"}},"level":"debug","refPath":"[E:\\work\\tms\\TMS-3SPAY\\utils\\heartbeatTimer.js] heartBeatTimer","timestamp":"2022-04-14T17:58:23.475Z"}
{"funcIdentifier":"df938a23-2425-43b1-8532-8c92bfd8359c","input":{"params":{"_id":"623c707b8dabc225281a2078"}},"level":"debug","refPath":"[E:\\work\\tms\\TMS-3SPAY\\services\\terminal.js] terminalById","timestamp":"2022-04-14T18:07:33.700Z"}
{"funcIdentifier":"df938a23-2425-43b1-8532-8c92bfd8359c","level":"debug","output":0,"refPath":"[E:\\work\\tms\\TMS-3SPAY\\services\\terminal.js] terminalById","timestamp":"2022-04-14T18:07:33.711Z"}
{"funcIdentifier":"e81d8663-bcef-4944-b0da-d2bd260a67b1","input":{"params":{"isParent":"true"}},"level":"debug","refPath":"[E:\\work\\tms\\TMS-3SPAY\\services\\group.js] getMerchantList","timestamp":"2022-04-14T18:12:15.388Z"}
{"funcIdentifier":"f3857a88-7c34-49d8-a36a-43cfa116e110","input":{"params":{}},"level":"debug","refPath":"[E:\\work\\tms\\TMS-3SPAY\\services\\terminal.js] getAllTerminals","timestamp":"2022-04-14T18:12:15.393Z"}
{"funcIdentifier":"f3857a88-7c34-49d8-a36a-43cfa116e110","level":"debug","output":0,"refPath":"[E:\\work\\tms\\TMS-3SPAY\\services\\terminal.js] getAllTerminals","timestamp":"2022-04-14T18:12:15.411Z"}
{"funcIdentifier":"e81d8663-bcef-4944-b0da-d2bd260a67b1","level":"debug","output":0,"refPath":"[E:\\work\\tms\\TMS-3SPAY\\services\\group.js] getMerchantList","timestamp":"2022-04-14T18:12:15.436Z"}
{"funcIdentifier":"d432599f-e19c-4b02-a3dd-dabcb64981b5","input":{"params":{"_id":"623c707b8dabc225281a2078"}},"level":"debug","refPath":"[E:\\work\\tms\\TMS-3SPAY\\services\\terminal.js] terminalById","timestamp":"2022-04-14T18:19:00.827Z"}
{"funcIdentifier":"d432599f-e19c-4b02-a3dd-dabcb64981b5","level":"debug","output":0,"refPath":"[E:\\work\\tms\\TMS-3SPAY\\services\\terminal.js] terminalById","timestamp":"2022-04-14T18:19:00.833Z"}
{"funcIdentifier":"9e997edf-0433-4664-a012-62e7fe4e414e","input":{"params":{"HeartbeatTimer_Execution_Start":"14/04/22 11:58:23"}},"level":"debug","refPath":"[E:\\work\\tms\\TMS-3SPAY\\utils\\heartbeatTimer.js] heartBeatTimer","timestamp":"2022-04-14T18:28:23.489Z"}
