{"funcIdentifier":"4c8a0ad5-5ce1-4d77-9609-4ee970b68a23","input":{"params":{"HeartbeatTimer_Execution_Start":"22/04/22 12:12:26"}},"level":"debug","refPath":"[E:\\work\\tms\\TMS-3SPAY\\utils\\heartbeatTimer.js] heartBeatTimer","timestamp":"2022-04-21T18:42:26.687Z"}
{"funcIdentifier":"66ba5b41-4fa8-4273-aa48-593f8999a6c7","input":{"params":{"HeartbeatTimer_Execution_Start":"22/04/22 12:42:26"}},"level":"debug","refPath":"[E:\\work\\tms\\TMS-3SPAY\\utils\\heartbeatTimer.js] heartBeatTimer","timestamp":"2022-04-21T19:12:26.700Z"}
{"funcIdentifier":"6396bf9a-f86c-4ef2-9557-6a1172263b6b","input":{"params":{"HeartbeatTimer_Execution_Start":"22/04/22 01:12:26"}},"level":"debug","refPath":"[E:\\work\\tms\\TMS-3SPAY\\utils\\heartbeatTimer.js] heartBeatTimer","timestamp":"2022-04-21T19:42:26.707Z"}
{"funcIdentifier":"9c8f81a3-e73e-4bb7-9ac6-8bbdbf7ee279","input":{"params":{"HeartbeatTimer_Execution_Start":"22/04/22 01:42:26"}},"level":"debug","refPath":"[E:\\work\\tms\\TMS-3SPAY\\utils\\heartbeatTimer.js] heartBeatTimer","timestamp":"2022-04-21T20:12:26.720Z"}
{"funcIdentifier":"649a68a4-de23-4790-89e4-f43c30d50408","input":{"params":{"HeartbeatTimer_Execution_Start":"22/04/22 02:12:26"}},"level":"debug","refPath":"[E:\\work\\tms\\TMS-3SPAY\\utils\\heartbeatTimer.js] heartBeatTimer","timestamp":"2022-04-21T20:42:26.723Z"}
{"funcIdentifier":"6175689e-86e3-4372-9012-a02202590946","input":{"params":{"HeartbeatTimer_Execution_Start":"22/04/22 02:42:26"}},"level":"debug","refPath":"[E:\\work\\tms\\TMS-3SPAY\\utils\\heartbeatTimer.js] heartBeatTimer","timestamp":"2022-04-21T21:12:26.730Z"}
{"funcIdentifier":"96dcba53-d278-4a87-889f-968c74905b0e","input":{"params":{"HeartbeatTimer_Execution_Start":"22/04/22 03:12:26"}},"level":"debug","refPath":"[E:\\work\\tms\\TMS-3SPAY\\utils\\heartbeatTimer.js] heartBeatTimer","timestamp":"2022-04-21T21:42:26.738Z"}
{"funcIdentifier":"528073b9-2897-43a4-b45c-1854515fe2fe","input":{"params":{"role":"admin"}},"level":"debug","refPath":"[E:\\work\\tms\\TMS-3SPAY\\services\\permission.js] getPermissionByRole","timestamp":"2022-04-21T21:56:44.138Z"}
{"funcIdentifier":"528073b9-2897-43a4-b45c-1854515fe2fe","level":"debug","output":0,"refPath":"[E:\\work\\tms\\TMS-3SPAY\\services\\permission.js] getPermissionByRole","timestamp":"2022-04-21T21:56:44.170Z"}
{"funcIdentifier":"cc880f2a-3746-4d0b-bfb6-7a84f71375f4","input":{"params":{}},"level":"debug","refPath":"[E:\\work\\tms\\TMS-3SPAY\\services\\terminal.js] getAllTerminals","timestamp":"2022-04-21T21:56:44.495Z"}
{"funcIdentifier":"cc880f2a-3746-4d0b-bfb6-7a84f71375f4","level":"debug","output":0,"refPath":"[E:\\work\\tms\\TMS-3SPAY\\services\\terminal.js] getAllTerminals","timestamp":"2022-04-21T21:56:44.501Z"}
{"funcIdentifier":"507c97a3-6d12-4fb0-899c-119403254424","input":{"params":{"isParent":"true"}},"level":"debug","refPath":"[E:\\work\\tms\\TMS-3SPAY\\services\\group.js] getMerchantList","timestamp":"2022-04-21T21:56:44.536Z"}
{"funcIdentifier":"507c97a3-6d12-4fb0-899c-119403254424","level":"debug","output":0,"refPath":"[E:\\work\\tms\\TMS-3SPAY\\services\\group.js] getMerchantList","timestamp":"2022-04-21T21:56:44.581Z"}
{"funcIdentifier":"2c2847a9-7f83-4b76-9256-dd745f70f910","input":{"params":{"role":"admin"}},"level":"debug","refPath":"[E:\\work\\tms\\TMS-3SPAY\\services\\permission.js] getPermissionByRole","timestamp":"2022-04-21T21:58:21.627Z"}
{"funcIdentifier":"2c2847a9-7f83-4b76-9256-dd745f70f910","level":"debug","output":0,"refPath":"[E:\\work\\tms\\TMS-3SPAY\\services\\permission.js] getPermissionByRole","timestamp":"2022-04-21T21:58:21.630Z"}
{"funcIdentifier":"e059aad8-2a80-4658-830d-7134f1902841","input":{"params":{}},"level":"debug","refPath":"[E:\\work\\tms\\TMS-3SPAY\\services\\terminal.js] getAllTerminals","timestamp":"2022-04-21T21:58:21.931Z"}
{"funcIdentifier":"e059aad8-2a80-4658-830d-7134f1902841","level":"debug","output":0,"refPath":"[E:\\work\\tms\\TMS-3SPAY\\services\\terminal.js] getAllTerminals","timestamp":"2022-04-21T21:58:21.935Z"}
{"funcIdentifier":"33fea0a1-47ff-4536-98b8-dcf0e513cf10","input":{"params":{"isParent":"true"}},"level":"debug","refPath":"[E:\\work\\tms\\TMS-3SPAY\\services\\group.js] getMerchantList","timestamp":"2022-04-21T21:58:21.983Z"}
{"funcIdentifier":"33fea0a1-47ff-4536-98b8-dcf0e513cf10","level":"debug","output":0,"refPath":"[E:\\work\\tms\\TMS-3SPAY\\services\\group.js] getMerchantList","timestamp":"2022-04-21T21:58:22.001Z"}
{"funcIdentifier":"25f55873-2391-423a-90aa-b94799bc4f14","input":{"params":{"role":"admin"}},"level":"debug","refPath":"[E:\\work\\tms\\TMS-3SPAY\\services\\permission.js] getPermissionByRole","timestamp":"2022-04-21T21:59:18.369Z"}
{"funcIdentifier":"25f55873-2391-423a-90aa-b94799bc4f14","level":"debug","output":0,"refPath":"[E:\\work\\tms\\TMS-3SPAY\\services\\permission.js] getPermissionByRole","timestamp":"2022-04-21T21:59:18.371Z"}
{"funcIdentifier":"83b4cece-063f-406f-8521-69ddeb2cf5bb","input":{"params":{}},"level":"debug","refPath":"[E:\\work\\tms\\TMS-3SPAY\\services\\terminal.js] getAllTerminals","timestamp":"2022-04-21T21:59:18.590Z"}
{"funcIdentifier":"83b4cece-063f-406f-8521-69ddeb2cf5bb","level":"debug","output":0,"refPath":"[E:\\work\\tms\\TMS-3SPAY\\services\\terminal.js] getAllTerminals","timestamp":"2022-04-21T21:59:18.592Z"}
{"funcIdentifier":"0cc6258d-3c0a-48ff-bca4-439cf4bea9f1","input":{"params":{"isParent":"true"}},"level":"debug","refPath":"[E:\\work\\tms\\TMS-3SPAY\\services\\group.js] getMerchantList","timestamp":"2022-04-21T21:59:18.616Z"}
{"funcIdentifier":"0cc6258d-3c0a-48ff-bca4-439cf4bea9f1","level":"debug","output":0,"refPath":"[E:\\work\\tms\\TMS-3SPAY\\services\\group.js] getMerchantList","timestamp":"2022-04-21T21:59:18.632Z"}
{"funcIdentifier":"8a4b87ea-47b0-4c38-9406-0f0093fc7196","input":{"params":{"role":"admin"}},"level":"debug","refPath":"[E:\\work\\tms\\TMS-3SPAY\\services\\permission.js] getPermissionByRole","timestamp":"2022-04-21T22:00:25.846Z"}
{"funcIdentifier":"8a4b87ea-47b0-4c38-9406-0f0093fc7196","level":"debug","output":0,"refPath":"[E:\\work\\tms\\TMS-3SPAY\\services\\permission.js] getPermissionByRole","timestamp":"2022-04-21T22:00:25.852Z"}
{"funcIdentifier":"26809914-e123-4e88-a3e8-c2e56cec53d1","input":{"params":{}},"level":"debug","refPath":"[E:\\work\\tms\\TMS-3SPAY\\services\\terminal.js] getAllTerminals","timestamp":"2022-04-21T22:00:26.219Z"}
{"funcIdentifier":"26809914-e123-4e88-a3e8-c2e56cec53d1","level":"debug","output":0,"refPath":"[E:\\work\\tms\\TMS-3SPAY\\services\\terminal.js] getAllTerminals","timestamp":"2022-04-21T22:00:26.223Z"}
{"funcIdentifier":"f296601f-4b46-45ce-868a-e6306a9a1488","input":{"params":{"isParent":"true"}},"level":"debug","refPath":"[E:\\work\\tms\\TMS-3SPAY\\services\\group.js] getMerchantList","timestamp":"2022-04-21T22:00:26.244Z"}
{"funcIdentifier":"f296601f-4b46-45ce-868a-e6306a9a1488","level":"debug","output":0,"refPath":"[E:\\work\\tms\\TMS-3SPAY\\services\\group.js] getMerchantList","timestamp":"2022-04-21T22:00:26.254Z"}
{"funcIdentifier":"7d032d87-5030-4256-bd35-9b62dff4a9ac","input":{"params":{"role":"admin"}},"level":"debug","refPath":"[E:\\work\\tms\\TMS-3SPAY\\services\\permission.js] getPermissionByRole","timestamp":"2022-04-21T22:01:00.003Z"}
{"funcIdentifier":"7d032d87-5030-4256-bd35-9b62dff4a9ac","level":"debug","output":0,"refPath":"[E:\\work\\tms\\TMS-3SPAY\\services\\permission.js] getPermissionByRole","timestamp":"2022-04-21T22:01:00.006Z"}
{"funcIdentifier":"e7776092-6ee3-4a31-ab32-5ab0f73980e4","input":{"params":{}},"level":"debug","refPath":"[E:\\work\\tms\\TMS-3SPAY\\services\\terminal.js] getAllTerminals","timestamp":"2022-04-21T22:01:00.316Z"}
{"funcIdentifier":"e7776092-6ee3-4a31-ab32-5ab0f73980e4","level":"debug","output":0,"refPath":"[E:\\work\\tms\\TMS-3SPAY\\services\\terminal.js] getAllTerminals","timestamp":"2022-04-21T22:01:00.319Z"}
{"funcIdentifier":"d9e27034-71c7-4a8f-a19b-8d711c55bcd2","input":{"params":{"isParent":"true"}},"level":"debug","refPath":"[E:\\work\\tms\\TMS-3SPAY\\services\\group.js] getMerchantList","timestamp":"2022-04-21T22:01:00.340Z"}
{"funcIdentifier":"d9e27034-71c7-4a8f-a19b-8d711c55bcd2","level":"debug","output":0,"refPath":"[E:\\work\\tms\\TMS-3SPAY\\services\\group.js] getMerchantList","timestamp":"2022-04-21T22:01:00.350Z"}
{"funcIdentifier":"04929550-1028-4c5c-ab58-4e29ca9c04ec","input":{"params":{"isParent":"true"}},"level":"debug","refPath":"[E:\\work\\tms\\TMS-3SPAY\\services\\group.js] getMerchantList","timestamp":"2022-04-21T22:02:07.246Z"}
{"funcIdentifier":"fc3f74b4-df36-41c0-83f7-e8609d5cb673","input":{"params":{}},"level":"debug","refPath":"[E:\\work\\tms\\TMS-3SPAY\\services\\terminal.js] getAllTerminals","timestamp":"2022-04-21T22:02:07.249Z"}
{"funcIdentifier":"fc3f74b4-df36-41c0-83f7-e8609d5cb673","level":"debug","output":0,"refPath":"[E:\\work\\tms\\TMS-3SPAY\\services\\terminal.js] getAllTerminals","timestamp":"2022-04-21T22:02:07.255Z"}
{"funcIdentifier":"04929550-1028-4c5c-ab58-4e29ca9c04ec","level":"debug","output":0,"refPath":"[E:\\work\\tms\\TMS-3SPAY\\services\\group.js] getMerchantList","timestamp":"2022-04-21T22:02:07.262Z"}
{"funcIdentifier":"77fdc9cc-927f-4ff2-ad66-9f8b4a536d24","input":{"params":{"role":"admin"}},"level":"debug","refPath":"[E:\\work\\tms\\TMS-3SPAY\\services\\permission.js] getPermissionByRole","timestamp":"2022-04-21T22:02:07.276Z"}
{"funcIdentifier":"77fdc9cc-927f-4ff2-ad66-9f8b4a536d24","level":"debug","output":0,"refPath":"[E:\\work\\tms\\TMS-3SPAY\\services\\permission.js] getPermissionByRole","timestamp":"2022-04-21T22:02:07.279Z"}
{"funcIdentifier":"2b77fb14-2078-4b3d-9ad9-14c33fb33778","input":{"params":{"isParent":"true"}},"level":"debug","refPath":"[E:\\work\\tms\\TMS-3SPAY\\services\\group.js] getMerchantList","timestamp":"2022-04-21T22:04:05.697Z"}
{"funcIdentifier":"c1775fa7-b85c-4beb-b1ef-0f5461823c31","input":{"params":{}},"level":"debug","refPath":"[E:\\work\\tms\\TMS-3SPAY\\services\\terminal.js] getAllTerminals","timestamp":"2022-04-21T22:04:05.699Z"}
{"funcIdentifier":"c1775fa7-b85c-4beb-b1ef-0f5461823c31","level":"debug","output":0,"refPath":"[E:\\work\\tms\\TMS-3SPAY\\services\\terminal.js] getAllTerminals","timestamp":"2022-04-21T22:04:05.707Z"}
{"funcIdentifier":"2b77fb14-2078-4b3d-9ad9-14c33fb33778","level":"debug","output":0,"refPath":"[E:\\work\\tms\\TMS-3SPAY\\services\\group.js] getMerchantList","timestamp":"2022-04-21T22:04:05.713Z"}
{"funcIdentifier":"98b7b2b9-8a2b-4018-9ec9-7400b06f5baf","input":{"params":{"role":"admin"}},"level":"debug","refPath":"[E:\\work\\tms\\TMS-3SPAY\\services\\permission.js] getPermissionByRole","timestamp":"2022-04-21T22:04:05.728Z"}
{"funcIdentifier":"98b7b2b9-8a2b-4018-9ec9-7400b06f5baf","level":"debug","output":0,"refPath":"[E:\\work\\tms\\TMS-3SPAY\\services\\permission.js] getPermissionByRole","timestamp":"2022-04-21T22:04:05.731Z"}
{"funcIdentifier":"955ba8ff-efde-4e84-8be1-c72808638c29","input":{"params":{"isParent":"true"}},"level":"debug","refPath":"[E:\\work\\tms\\TMS-3SPAY\\services\\group.js] getMerchantList","timestamp":"2022-04-21T22:05:48.517Z"}
{"funcIdentifier":"fb108c68-7471-43a7-9b09-aea899583d2d","input":{"params":{}},"level":"debug","refPath":"[E:\\work\\tms\\TMS-3SPAY\\services\\terminal.js] getAllTerminals","timestamp":"2022-04-21T22:05:48.526Z"}
{"funcIdentifier":"955ba8ff-efde-4e84-8be1-c72808638c29","level":"debug","output":0,"refPath":"[E:\\work\\tms\\TMS-3SPAY\\services\\group.js] getMerchantList","timestamp":"2022-04-21T22:05:48.536Z"}
{"funcIdentifier":"fb108c68-7471-43a7-9b09-aea899583d2d","level":"debug","output":0,"refPath":"[E:\\work\\tms\\TMS-3SPAY\\services\\terminal.js] getAllTerminals","timestamp":"2022-04-21T22:05:48.541Z"}
{"funcIdentifier":"1c5ae842-e09a-40d4-8623-30913864b5c7","input":{"params":{"role":"admin"}},"level":"debug","refPath":"[E:\\work\\tms\\TMS-3SPAY\\services\\permission.js] getPermissionByRole","timestamp":"2022-04-21T22:05:48.574Z"}
{"funcIdentifier":"1c5ae842-e09a-40d4-8623-30913864b5c7","level":"debug","output":0,"refPath":"[E:\\work\\tms\\TMS-3SPAY\\services\\permission.js] getPermissionByRole","timestamp":"2022-04-21T22:05:48.578Z"}
{"funcIdentifier":"42401258-51e6-407a-a155-7d5da1629ff9","input":{"params":{"isParent":"true"}},"level":"debug","refPath":"[E:\\work\\tms\\TMS-3SPAY\\services\\group.js] getMerchantList","timestamp":"2022-04-21T22:10:46.330Z"}
{"funcIdentifier":"42401258-51e6-407a-a155-7d5da1629ff9","level":"debug","output":0,"refPath":"[E:\\work\\tms\\TMS-3SPAY\\services\\group.js] getMerchantList","timestamp":"2022-04-21T22:10:46.348Z"}
{"funcIdentifier":"1acdbef9-909d-435c-8025-412ba697b825","input":{"params":{}},"level":"debug","refPath":"[E:\\work\\tms\\TMS-3SPAY\\services\\terminal.js] getAllTerminals","timestamp":"2022-04-21T22:10:46.354Z"}
{"funcIdentifier":"1acdbef9-909d-435c-8025-412ba697b825","level":"debug","output":0,"refPath":"[E:\\work\\tms\\TMS-3SPAY\\services\\terminal.js] getAllTerminals","timestamp":"2022-04-21T22:10:46.357Z"}
{"funcIdentifier":"c731b41a-a0f0-47ae-9c6f-bb57a283731e","input":{"params":{"role":"admin"}},"level":"debug","refPath":"[E:\\work\\tms\\TMS-3SPAY\\services\\permission.js] getPermissionByRole","timestamp":"2022-04-21T22:10:46.417Z"}
{"funcIdentifier":"c731b41a-a0f0-47ae-9c6f-bb57a283731e","level":"debug","output":0,"refPath":"[E:\\work\\tms\\TMS-3SPAY\\services\\permission.js] getPermissionByRole","timestamp":"2022-04-21T22:10:46.419Z"}
{"funcIdentifier":"256cc801-2144-457b-924f-23ca89bf6c1d","input":{"params":{"role":"admin"}},"level":"debug","refPath":"[E:\\work\\tms\\TMS-3SPAY\\services\\permission.js] getPermissionByRole","timestamp":"2022-04-21T22:10:55.987Z"}
{"funcIdentifier":"256cc801-2144-457b-924f-23ca89bf6c1d","level":"debug","output":0,"refPath":"[E:\\work\\tms\\TMS-3SPAY\\services\\permission.js] getPermissionByRole","timestamp":"2022-04-21T22:10:55.990Z"}
{"funcIdentifier":"52884f4c-efa6-43aa-9b8e-f7e9b3b7eaa2","input":{"params":{}},"level":"debug","refPath":"[E:\\work\\tms\\TMS-3SPAY\\services\\terminal.js] getAllTerminals","timestamp":"2022-04-21T22:10:56.344Z"}
{"funcIdentifier":"52884f4c-efa6-43aa-9b8e-f7e9b3b7eaa2","level":"debug","output":0,"refPath":"[E:\\work\\tms\\TMS-3SPAY\\services\\terminal.js] getAllTerminals","timestamp":"2022-04-21T22:10:56.348Z"}
{"funcIdentifier":"a05d557f-f57b-42f5-bd60-480b2c604d29","input":{"params":{"isParent":"true"}},"level":"debug","refPath":"[E:\\work\\tms\\TMS-3SPAY\\services\\group.js] getMerchantList","timestamp":"2022-04-21T22:10:56.383Z"}
{"funcIdentifier":"a05d557f-f57b-42f5-bd60-480b2c604d29","level":"debug","output":0,"refPath":"[E:\\work\\tms\\TMS-3SPAY\\services\\group.js] getMerchantList","timestamp":"2022-04-21T22:10:56.397Z"}
{"funcIdentifier":"fd0881f2-2c41-4993-8944-b135c69be2eb","input":{"params":{"data":{"isParent":true}}},"level":"debug","refPath":"[E:\\work\\tms\\TMS-3SPAY\\services\\dashboard.js] dashboard","timestamp":"2022-04-21T22:11:00.837Z"}
{"funcIdentifier":"fd0881f2-2c41-4993-8944-b135c69be2eb","level":"debug","output":0,"refPath":"[E:\\work\\tms\\TMS-3SPAY\\services\\dashboard.js] dashboard","timestamp":"2022-04-21T22:11:00.891Z"}
{"funcIdentifier":"82e202e4-bb29-4c17-9634-7fd272271cdd","input":{"params":{"isParent":"true"}},"level":"debug","refPath":"[E:\\work\\tms\\TMS-3SPAY\\services\\group.js] getMerchantList","timestamp":"2022-04-21T22:11:04.196Z"}
{"funcIdentifier":"82e202e4-bb29-4c17-9634-7fd272271cdd","level":"debug","output":0,"refPath":"[E:\\work\\tms\\TMS-3SPAY\\services\\group.js] getMerchantList","timestamp":"2022-04-21T22:11:04.218Z"}
{"funcIdentifier":"8f9948b0-88c6-4bb9-84b0-839abf5de92f","input":{"params":{}},"level":"debug","refPath":"[E:\\work\\tms\\TMS-3SPAY\\services\\terminal.js] getAllTerminals","timestamp":"2022-04-21T22:11:04.223Z"}
{"funcIdentifier":"8f9948b0-88c6-4bb9-84b0-839abf5de92f","level":"debug","output":0,"refPath":"[E:\\work\\tms\\TMS-3SPAY\\services\\terminal.js] getAllTerminals","timestamp":"2022-04-21T22:11:04.227Z"}
{"funcIdentifier":"521f57eb-fe0b-4d20-bf52-e554b9a5e05a","input":{"params":{"HeartbeatTimer_Execution_Start":"22/04/22 03:42:26"}},"level":"debug","refPath":"[E:\\work\\tms\\TMS-3SPAY\\utils\\heartbeatTimer.js] heartBeatTimer","timestamp":"2022-04-21T22:12:26.741Z"}
{"funcIdentifier":"8fe56511-1b16-4793-a8be-bccca9f1a127","input":{"params":{"role":"admin"}},"level":"debug","refPath":"[E:\\work\\tms\\TMS-3SPAY\\services\\permission.js] getPermissionByRole","timestamp":"2022-04-21T22:13:02.475Z"}
{"funcIdentifier":"8fe56511-1b16-4793-a8be-bccca9f1a127","level":"debug","output":0,"refPath":"[E:\\work\\tms\\TMS-3SPAY\\services\\permission.js] getPermissionByRole","timestamp":"2022-04-21T22:13:02.478Z"}
{"funcIdentifier":"c097289c-60cd-48cc-97b5-abce5ab5b8be","input":{"params":{}},"level":"debug","refPath":"[E:\\work\\tms\\TMS-3SPAY\\services\\terminal.js] getAllTerminals","timestamp":"2022-04-21T22:13:02.960Z"}
{"funcIdentifier":"c097289c-60cd-48cc-97b5-abce5ab5b8be","level":"debug","output":0,"refPath":"[E:\\work\\tms\\TMS-3SPAY\\services\\terminal.js] getAllTerminals","timestamp":"2022-04-21T22:13:02.963Z"}
{"funcIdentifier":"d2d75b6b-1308-4be1-a0e8-c666a0db4b4f","input":{"params":{"isParent":"true"}},"level":"debug","refPath":"[E:\\work\\tms\\TMS-3SPAY\\services\\group.js] getMerchantList","timestamp":"2022-04-21T22:13:03.025Z"}
{"funcIdentifier":"d2d75b6b-1308-4be1-a0e8-c666a0db4b4f","level":"debug","output":0,"refPath":"[E:\\work\\tms\\TMS-3SPAY\\services\\group.js] getMerchantList","timestamp":"2022-04-21T22:13:03.043Z"}
{"funcIdentifier":"e36dd3d8-fc9b-481e-be84-01867f9b459e","input":{"params":{"role":"admin"}},"level":"debug","refPath":"[E:\\work\\tms\\TMS-3SPAY\\services\\permission.js] getPermissionByRole","timestamp":"2022-04-21T22:18:22.433Z"}
{"funcIdentifier":"e36dd3d8-fc9b-481e-be84-01867f9b459e","level":"debug","output":0,"refPath":"[E:\\work\\tms\\TMS-3SPAY\\services\\permission.js] getPermissionByRole","timestamp":"2022-04-21T22:18:22.437Z"}
{"funcIdentifier":"ad2da30d-2d8a-4c81-bfd2-385ce7cc778a","input":{"params":{}},"level":"debug","refPath":"[E:\\work\\tms\\TMS-3SPAY\\services\\terminal.js] getAllTerminals","timestamp":"2022-04-21T22:18:22.723Z"}
{"funcIdentifier":"ad2da30d-2d8a-4c81-bfd2-385ce7cc778a","level":"debug","output":0,"refPath":"[E:\\work\\tms\\TMS-3SPAY\\services\\terminal.js] getAllTerminals","timestamp":"2022-04-21T22:18:22.725Z"}
{"funcIdentifier":"aa9d85ad-3341-49c3-a78b-91392736825d","input":{"params":{"isParent":"true"}},"level":"debug","refPath":"[E:\\work\\tms\\TMS-3SPAY\\services\\group.js] getMerchantList","timestamp":"2022-04-21T22:18:22.753Z"}
{"funcIdentifier":"aa9d85ad-3341-49c3-a78b-91392736825d","level":"debug","output":0,"refPath":"[E:\\work\\tms\\TMS-3SPAY\\services\\group.js] getMerchantList","timestamp":"2022-04-21T22:18:22.770Z"}
{"funcIdentifier":"c9032682-e097-4346-8ccc-a3a0f7f77e9d","input":{"params":{"HeartbeatTimer_Execution_Start":"22/04/22 04:12:26"}},"level":"debug","refPath":"[E:\\work\\tms\\TMS-3SPAY\\utils\\heartbeatTimer.js] heartBeatTimer","timestamp":"2022-04-21T22:42:26.750Z"}
{"funcIdentifier":"a9af7b6b-0996-446d-8e2a-10cb86effe63","input":{"params":{"HeartbeatTimer_Execution_Start":"22/04/22 04:42:26"}},"level":"debug","refPath":"[E:\\work\\tms\\TMS-3SPAY\\utils\\heartbeatTimer.js] heartBeatTimer","timestamp":"2022-04-21T23:12:26.761Z"}
{"funcIdentifier":"d61fc419-670c-44df-b904-f3b5a887c582","input":{"params":{"HeartbeatTimer_Execution_Start":"22/04/22 07:47:16"}},"level":"debug","refPath":"[E:\\work\\tms\\TMS-3SPAY\\utils\\heartbeatTimer.js] heartBeatTimer","timestamp":"2022-04-22T02:17:16.388Z"}
{"funcIdentifier":"12aafca0-e393-4a31-8ea1-b76df16b756f","input":{"params":{"HeartbeatTimer_Execution_Start":"22/04/22 10:57:14"}},"level":"debug","refPath":"[E:\\work\\tms\\TMS-3SPAY\\utils\\heartbeatTimer.js] heartBeatTimer","timestamp":"2022-04-22T05:27:14.562Z"}
{"funcIdentifier":"07021bf3-4841-498b-ad44-27d8dd53531d","input":{"params":{"HeartbeatTimer_Execution_Start":"22/04/22 11:27:14"}},"level":"debug","refPath":"[E:\\work\\tms\\TMS-3SPAY\\utils\\heartbeatTimer.js] heartBeatTimer","timestamp":"2022-04-22T05:57:14.571Z"}
{"funcIdentifier":"f3ba3fa8-9edc-4981-9250-0b3c2bd25ccd","input":{"params":{"HeartbeatTimer_Execution_Start":"22/04/22 11:57:14"}},"level":"debug","refPath":"[E:\\work\\tms\\TMS-3SPAY\\utils\\heartbeatTimer.js] heartBeatTimer","timestamp":"2022-04-22T06:27:14.576Z"}
{"funcIdentifier":"c4e39273-6a44-4f68-9e24-421d874c7979","input":{"params":{"HeartbeatTimer_Execution_Start":"22/04/22 12:27:14"}},"level":"debug","refPath":"[E:\\work\\tms\\TMS-3SPAY\\utils\\heartbeatTimer.js] heartBeatTimer","timestamp":"2022-04-22T06:57:14.590Z"}
{"funcIdentifier":"a1dbcc37-05bc-4543-a0f1-f16ed174c497","input":{"params":{"HeartbeatTimer_Execution_Start":"22/04/22 12:57:16"}},"level":"debug","refPath":"[E:\\work\\tms\\TMS-3SPAY\\utils\\heartbeatTimer.js] heartBeatTimer","timestamp":"2022-04-22T07:27:16.097Z"}
{"funcIdentifier":"d74219dc-511d-4158-9382-0db55789c1c0","input":{"params":{"HeartbeatTimer_Execution_Start":"22/04/22 02:37:01"}},"level":"debug","refPath":"[E:\\work\\tms\\TMS-3SPAY\\utils\\heartbeatTimer.js] heartBeatTimer","timestamp":"2022-04-22T09:07:01.806Z"}
{"funcIdentifier":"8f7398b3-0e4c-411b-83cb-342c4cef2512","input":{"params":{"role":"admin"}},"level":"debug","refPath":"[E:\\work\\tms\\TMS-3SPAY\\services\\permission.js] getPermissionByRole","timestamp":"2022-04-22T09:10:36.332Z"}
{"funcIdentifier":"8f7398b3-0e4c-411b-83cb-342c4cef2512","level":"debug","output":0,"refPath":"[E:\\work\\tms\\TMS-3SPAY\\services\\permission.js] getPermissionByRole","timestamp":"2022-04-22T09:10:36.348Z"}
{"funcIdentifier":"166b8e40-974c-4fe1-82b0-67acc93a9a52","input":{"params":{}},"level":"debug","refPath":"[E:\\work\\tms\\TMS-3SPAY\\services\\terminal.js] getAllTerminals","timestamp":"2022-04-22T09:10:36.546Z"}
{"funcIdentifier":"166b8e40-974c-4fe1-82b0-67acc93a9a52","level":"debug","output":0,"refPath":"[E:\\work\\tms\\TMS-3SPAY\\services\\terminal.js] getAllTerminals","timestamp":"2022-04-22T09:10:36.552Z"}
{"funcIdentifier":"55ae0c78-642c-480f-9ac6-9910105ce101","input":{"params":{"isParent":"true"}},"level":"debug","refPath":"[E:\\work\\tms\\TMS-3SPAY\\services\\group.js] getMerchantList","timestamp":"2022-04-22T09:10:36.572Z"}
{"funcIdentifier":"55ae0c78-642c-480f-9ac6-9910105ce101","level":"debug","output":0,"refPath":"[E:\\work\\tms\\TMS-3SPAY\\services\\group.js] getMerchantList","timestamp":"2022-04-22T09:10:36.594Z"}
{"funcIdentifier":"2fd2afd5-cdd3-4d8d-b82a-33abb751645f","input":{"params":{"_id":"623c707b8dabc225281a2078"}},"level":"debug","refPath":"[E:\\work\\tms\\TMS-3SPAY\\services\\terminal.js] terminalById","timestamp":"2022-04-22T09:26:00.519Z"}
{"funcIdentifier":"2fd2afd5-cdd3-4d8d-b82a-33abb751645f","level":"debug","output":0,"refPath":"[E:\\work\\tms\\TMS-3SPAY\\services\\terminal.js] terminalById","timestamp":"2022-04-22T09:26:00.534Z"}
{"funcIdentifier":"078f6ce7-1953-470f-991e-2c96abe1127b","input":{"params":{"id":"623c707b8dabc225281a2078"}},"level":"debug","refPath":"[E:\\work\\tms\\TMS-3SPAY\\services\\StatusLog.js] getLogsByTerminalId","timestamp":"2022-04-22T09:26:02.600Z"}
{"funcIdentifier":"078f6ce7-1953-470f-991e-2c96abe1127b","level":"debug","output":0,"refPath":"[E:\\work\\tms\\TMS-3SPAY\\services\\StatusLog.js] getLogsByTerminalId","timestamp":"2022-04-22T09:26:02.622Z"}
{"funcIdentifier":"37685f87-2948-4dff-a49c-ea1770eb6d51","input":{"params":{"id":"623c707b8dabc225281a2078"}},"level":"debug","refPath":"[E:\\work\\tms\\TMS-3SPAY\\services\\logs.js] getAllLogs","timestamp":"2022-04-22T09:26:22.140Z"}
{"funcIdentifier":"37685f87-2948-4dff-a49c-ea1770eb6d51","level":"warn","refPath":"[E:\\work\\tms\\TMS-3SPAY\\services\\logs.js] getAllLogs","timestamp":"2022-04-22T09:26:22.154Z","warning":"FILE_NOT_FOUND"}
{"funcIdentifier":"eee7eb48-ecf5-4865-9d62-cb86ffce9c23","input":{"params":{"id":"623c707b8dabc225281a2078"}},"level":"debug","refPath":"[E:\\work\\tms\\TMS-3SPAY\\services\\StatusLog.js] getLogsByTerminalId","timestamp":"2022-04-22T09:26:28.278Z"}
{"funcIdentifier":"eee7eb48-ecf5-4865-9d62-cb86ffce9c23","level":"debug","output":0,"refPath":"[E:\\work\\tms\\TMS-3SPAY\\services\\StatusLog.js] getLogsByTerminalId","timestamp":"2022-04-22T09:26:28.285Z"}
{"funcIdentifier":"0955169c-121a-49d0-befb-c9f326d44705","input":{"params":{"isParent":"true"}},"level":"debug","refPath":"[E:\\work\\tms\\TMS-3SPAY\\services\\group.js] getMerchantList","timestamp":"2022-04-22T09:26:30.438Z"}
{"funcIdentifier":"eed4ebc1-5d2f-4b1d-8933-9d8f3a364cee","input":{"params":{}},"level":"debug","refPath":"[E:\\work\\tms\\TMS-3SPAY\\services\\terminal.js] getAllTerminals","timestamp":"2022-04-22T09:26:30.440Z"}
{"funcIdentifier":"eed4ebc1-5d2f-4b1d-8933-9d8f3a364cee","level":"debug","output":0,"refPath":"[E:\\work\\tms\\TMS-3SPAY\\services\\terminal.js] getAllTerminals","timestamp":"2022-04-22T09:26:30.466Z"}
{"funcIdentifier":"0955169c-121a-49d0-befb-c9f326d44705","level":"debug","output":0,"refPath":"[E:\\work\\tms\\TMS-3SPAY\\services\\group.js] getMerchantList","timestamp":"2022-04-22T09:26:30.479Z"}
{"funcIdentifier":"ebbf3828-5144-4ea3-9972-10f9d7b5c424","input":{"params":{"role":"admin"}},"level":"debug","refPath":"[E:\\work\\tms\\TMS-3SPAY\\services\\permission.js] getPermissionByRole","timestamp":"2022-04-22T09:27:18.212Z"}
{"funcIdentifier":"ebbf3828-5144-4ea3-9972-10f9d7b5c424","level":"debug","output":0,"refPath":"[E:\\work\\tms\\TMS-3SPAY\\services\\permission.js] getPermissionByRole","timestamp":"2022-04-22T09:27:18.216Z"}
{"funcIdentifier":"6cdb82d7-5425-4b38-9098-3e972c89ef6e","input":{"params":{}},"level":"debug","refPath":"[E:\\work\\tms\\TMS-3SPAY\\services\\terminal.js] getAllTerminals","timestamp":"2022-04-22T09:27:18.515Z"}
{"funcIdentifier":"6cdb82d7-5425-4b38-9098-3e972c89ef6e","level":"debug","output":0,"refPath":"[E:\\work\\tms\\TMS-3SPAY\\services\\terminal.js] getAllTerminals","timestamp":"2022-04-22T09:27:18.534Z"}
{"funcIdentifier":"86963965-89aa-47cc-9f48-13be77f892ba","input":{"params":{"isParent":"true"}},"level":"debug","refPath":"[E:\\work\\tms\\TMS-3SPAY\\services\\group.js] getMerchantList","timestamp":"2022-04-22T09:27:18.548Z"}
{"funcIdentifier":"86963965-89aa-47cc-9f48-13be77f892ba","level":"debug","output":0,"refPath":"[E:\\work\\tms\\TMS-3SPAY\\services\\group.js] getMerchantList","timestamp":"2022-04-22T09:27:18.565Z"}
{"funcIdentifier":"1468c674-cc36-466f-a508-67b83f606be4","input":{"params":{"_id":"623c707b8dabc225281a2078"}},"level":"debug","refPath":"[E:\\work\\tms\\TMS-3SPAY\\services\\terminal.js] terminalById","timestamp":"2022-04-22T09:27:22.787Z"}
{"funcIdentifier":"1468c674-cc36-466f-a508-67b83f606be4","level":"debug","output":0,"refPath":"[E:\\work\\tms\\TMS-3SPAY\\services\\terminal.js] terminalById","timestamp":"2022-04-22T09:27:22.793Z"}
{"funcIdentifier":"c65b7e79-bbc7-46e1-a1b7-aae340f2b861","input":{"params":{"id":"623c707b8dabc225281a2078"}},"level":"debug","refPath":"[E:\\work\\tms\\TMS-3SPAY\\services\\StatusLog.js] getLogsByTerminalId","timestamp":"2022-04-22T09:27:25.144Z"}
{"funcIdentifier":"c65b7e79-bbc7-46e1-a1b7-aae340f2b861","level":"debug","output":0,"refPath":"[E:\\work\\tms\\TMS-3SPAY\\services\\StatusLog.js] getLogsByTerminalId","timestamp":"2022-04-22T09:27:25.159Z"}
{"funcIdentifier":"ef787506-aa66-49f5-a6e8-7066e2c37782","input":{"params":{"_id":"623c707b8dabc225281a2078"}},"level":"debug","refPath":"[E:\\work\\tms\\TMS-3SPAY\\services\\terminal.js] terminalById","timestamp":"2022-04-22T09:28:44.324Z"}
{"funcIdentifier":"ef787506-aa66-49f5-a6e8-7066e2c37782","level":"debug","output":0,"refPath":"[E:\\work\\tms\\TMS-3SPAY\\services\\terminal.js] terminalById","timestamp":"2022-04-22T09:28:44.331Z"}
{"funcIdentifier":"c88b63ed-fe29-40a6-a36d-bc783f4f2859","input":{"params":{"role":"admin"}},"level":"debug","refPath":"[E:\\work\\tms\\TMS-3SPAY\\services\\permission.js] getPermissionByRole","timestamp":"2022-04-22T09:28:44.756Z"}
{"funcIdentifier":"c88b63ed-fe29-40a6-a36d-bc783f4f2859","level":"debug","output":0,"refPath":"[E:\\work\\tms\\TMS-3SPAY\\services\\permission.js] getPermissionByRole","timestamp":"2022-04-22T09:28:44.759Z"}
{"funcIdentifier":"cfdb110f-1bac-47db-96c6-44c3b68f73dc","input":{"params":{"_id":"623c707b8dabc225281a2078"}},"level":"debug","refPath":"[E:\\work\\tms\\TMS-3SPAY\\services\\terminal.js] terminalById","timestamp":"2022-04-22T09:29:20.272Z"}
{"funcIdentifier":"cfdb110f-1bac-47db-96c6-44c3b68f73dc","level":"debug","output":0,"refPath":"[E:\\work\\tms\\TMS-3SPAY\\services\\terminal.js] terminalById","timestamp":"2022-04-22T09:29:20.280Z"}
{"funcIdentifier":"a6118ec3-8b68-43cf-8f12-dc609bf75c0e","input":{"params":{"role":"admin"}},"level":"debug","refPath":"[E:\\work\\tms\\TMS-3SPAY\\services\\permission.js] getPermissionByRole","timestamp":"2022-04-22T09:29:20.813Z"}
{"funcIdentifier":"a6118ec3-8b68-43cf-8f12-dc609bf75c0e","level":"debug","output":0,"refPath":"[E:\\work\\tms\\TMS-3SPAY\\services\\permission.js] getPermissionByRole","timestamp":"2022-04-22T09:29:20.816Z"}
{"funcIdentifier":"183efb61-67d9-418f-8138-eef20f947aaf","input":{"params":{"_id":"623c707b8dabc225281a2078"}},"level":"debug","refPath":"[E:\\work\\tms\\TMS-3SPAY\\services\\terminal.js] terminalById","timestamp":"2022-04-22T09:29:23.649Z"}
{"funcIdentifier":"183efb61-67d9-418f-8138-eef20f947aaf","level":"debug","output":0,"refPath":"[E:\\work\\tms\\TMS-3SPAY\\services\\terminal.js] terminalById","timestamp":"2022-04-22T09:29:23.655Z"}
{"funcIdentifier":"2ceb0b4e-f3f1-4218-87d5-06f2882aa974","input":{"params":{"role":"admin"}},"level":"debug","refPath":"[E:\\work\\tms\\TMS-3SPAY\\services\\permission.js] getPermissionByRole","timestamp":"2022-04-22T09:29:24.168Z"}
{"funcIdentifier":"2ceb0b4e-f3f1-4218-87d5-06f2882aa974","level":"debug","output":0,"refPath":"[E:\\work\\tms\\TMS-3SPAY\\services\\permission.js] getPermissionByRole","timestamp":"2022-04-22T09:29:24.171Z"}
{"funcIdentifier":"6c02c2a0-0aa1-4ebc-ad57-26d5ae466027","input":{"params":{"_id":"623c707b8dabc225281a2078"}},"level":"debug","refPath":"[E:\\work\\tms\\TMS-3SPAY\\services\\terminal.js] terminalById","timestamp":"2022-04-22T09:29:39.205Z"}
{"funcIdentifier":"6c02c2a0-0aa1-4ebc-ad57-26d5ae466027","level":"debug","output":0,"refPath":"[E:\\work\\tms\\TMS-3SPAY\\services\\terminal.js] terminalById","timestamp":"2022-04-22T09:29:39.211Z"}
{"funcIdentifier":"b8bfd644-7d34-4e22-ab64-dc5c13952ee5","input":{"params":{"role":"admin"}},"level":"debug","refPath":"[E:\\work\\tms\\TMS-3SPAY\\services\\permission.js] getPermissionByRole","timestamp":"2022-04-22T09:29:39.615Z"}
{"funcIdentifier":"b8bfd644-7d34-4e22-ab64-dc5c13952ee5","level":"debug","output":0,"refPath":"[E:\\work\\tms\\TMS-3SPAY\\services\\permission.js] getPermissionByRole","timestamp":"2022-04-22T09:29:39.619Z"}
{"funcIdentifier":"1ff136ae-ebb2-45e2-929f-961dc56aca20","input":{"params":{"id":"623c707b8dabc225281a2078"}},"level":"debug","refPath":"[E:\\work\\tms\\TMS-3SPAY\\services\\StatusLog.js] getLogsByTerminalId","timestamp":"2022-04-22T09:29:41.724Z"}
{"funcIdentifier":"1ff136ae-ebb2-45e2-929f-961dc56aca20","level":"debug","output":0,"refPath":"[E:\\work\\tms\\TMS-3SPAY\\services\\StatusLog.js] getLogsByTerminalId","timestamp":"2022-04-22T09:29:41.735Z"}
{"funcIdentifier":"d09bffa0-50d6-4ed3-9b12-76d3c27405de","input":{"params":{"id":"623c707b8dabc225281a2078"}},"level":"debug","refPath":"[E:\\work\\tms\\TMS-3SPAY\\services\\logs.js] getAllLogs","timestamp":"2022-04-22T09:29:43.733Z"}
{"funcIdentifier":"d09bffa0-50d6-4ed3-9b12-76d3c27405de","level":"warn","refPath":"[E:\\work\\tms\\TMS-3SPAY\\services\\logs.js] getAllLogs","timestamp":"2022-04-22T09:29:43.736Z","warning":"FILE_NOT_FOUND"}
{"funcIdentifier":"ed597e13-0329-4a2e-b237-bb7f9384d437","input":{"params":{"id":"623c707b8dabc225281a2078"}},"level":"debug","refPath":"[E:\\work\\tms\\TMS-3SPAY\\services\\StatusLog.js] getLogsByTerminalId","timestamp":"2022-04-22T09:29:46.455Z"}
{"funcIdentifier":"ed597e13-0329-4a2e-b237-bb7f9384d437","level":"debug","output":0,"refPath":"[E:\\work\\tms\\TMS-3SPAY\\services\\StatusLog.js] getLogsByTerminalId","timestamp":"2022-04-22T09:29:46.474Z"}
{"funcIdentifier":"697cdeca-8bdf-4160-9751-7a48359d7151","input":{"params":{"role":"admin"}},"level":"debug","refPath":"[E:\\work\\tms\\TMS-3SPAY\\services\\permission.js] getPermissionByRole","timestamp":"2022-04-22T09:35:51.317Z"}
{"funcIdentifier":"697cdeca-8bdf-4160-9751-7a48359d7151","level":"debug","output":0,"refPath":"[E:\\work\\tms\\TMS-3SPAY\\services\\permission.js] getPermissionByRole","timestamp":"2022-04-22T09:35:51.320Z"}
{"funcIdentifier":"938289d4-5d82-4d24-95f4-37ec031795fc","input":{"params":{"data":{"features":["Delete Group","Update Terminal","Activate Terminal","Deactivate Terminal","AAS Settings","Reset Supper, Maintainer Password ","Delete Terminal","APN Settings","Move Groups","Update Blacklist, Parameter Files","Upload Blacklist, Parameter Files","Upload OS,Kernel, Application","Update OS,Kernel, Application","Add Group","Update Group","Add New Terminal","Edit Call","Delete Call","Add Call"],"role":"admin","route":["terminals","groups","dashboard","downloadupload","application","callsettings","password","report","transections","userlogs","userlist","Import Terminal List","transactions"]},"role":"admin"}},"level":"debug","refPath":"[E:\\work\\tms\\TMS-3SPAY\\services\\permission.js] updatePermission","timestamp":"2022-04-22T09:36:04.670Z"}
{"funcIdentifier":"938289d4-5d82-4d24-95f4-37ec031795fc","level":"debug","output":0,"refPath":"[E:\\work\\tms\\TMS-3SPAY\\services\\permission.js] updatePermission","timestamp":"2022-04-22T09:36:04.778Z"}
{"funcIdentifier":"445acbb5-43be-49c4-b975-6ed6c74998c1","input":{"params":{"isParent":"true"}},"level":"debug","refPath":"[E:\\work\\tms\\TMS-3SPAY\\services\\group.js] getMerchantList","timestamp":"2022-04-22T09:36:29.456Z"}
{"funcIdentifier":"82ca8675-7139-4c49-a03b-67d6c62eba0a","input":{"params":{}},"level":"debug","refPath":"[E:\\work\\tms\\TMS-3SPAY\\services\\terminal.js] getAllTerminals","timestamp":"2022-04-22T09:36:29.461Z"}
{"funcIdentifier":"82ca8675-7139-4c49-a03b-67d6c62eba0a","level":"debug","output":0,"refPath":"[E:\\work\\tms\\TMS-3SPAY\\services\\terminal.js] getAllTerminals","timestamp":"2022-04-22T09:36:29.474Z"}
{"funcIdentifier":"445acbb5-43be-49c4-b975-6ed6c74998c1","level":"debug","output":0,"refPath":"[E:\\work\\tms\\TMS-3SPAY\\services\\group.js] getMerchantList","timestamp":"2022-04-22T09:36:29.486Z"}
{"funcIdentifier":"4dc9b847-67d6-4d7a-9421-18f63a845e29","input":{"params":{"HeartbeatTimer_Execution_Start":"22/04/22 03:07:01"}},"level":"debug","refPath":"[E:\\work\\tms\\TMS-3SPAY\\utils\\heartbeatTimer.js] heartBeatTimer","timestamp":"2022-04-22T09:37:01.810Z"}
{"funcIdentifier":"6faf6740-d1c4-4a3d-875d-b41baedd7241","input":{"params":{"HeartbeatTimer_Execution_Start":"22/04/22 03:37:01"}},"level":"debug","refPath":"[E:\\work\\tms\\TMS-3SPAY\\utils\\heartbeatTimer.js] heartBeatTimer","timestamp":"2022-04-22T10:07:01.820Z"}
{"funcIdentifier":"72dee75c-87ec-49ca-83d3-27d3d72680ba","input":{"params":{"HeartbeatTimer_Execution_Start":"22/04/22 04:51:20"}},"level":"debug","refPath":"[E:\\work\\tms\\TMS-3SPAY\\utils\\heartbeatTimer.js] heartBeatTimer","timestamp":"2022-04-22T11:21:20.631Z"}
{"funcIdentifier":"f90e7814-59bb-418d-8544-65ee97ad2bd3","input":{"params":{"HeartbeatTimer_Execution_Start":"22/04/22 05:21:20"}},"level":"debug","refPath":"[E:\\work\\tms\\TMS-3SPAY\\utils\\heartbeatTimer.js] heartBeatTimer","timestamp":"2022-04-22T11:51:20.644Z"}
{"funcIdentifier":"706189ef-89fb-4072-8a55-7ac3b74b0706","input":{"params":{"HeartbeatTimer_Execution_Start":"22/04/22 05:51:20"}},"level":"debug","refPath":"[E:\\work\\tms\\TMS-3SPAY\\utils\\heartbeatTimer.js] heartBeatTimer","timestamp":"2022-04-22T12:21:20.645Z"}
{"funcIdentifier":"5847106a-af37-4281-990b-0aea41750bef","input":{"params":{"HeartbeatTimer_Execution_Start":"22/04/22 06:21:20"}},"level":"debug","refPath":"[E:\\work\\tms\\TMS-3SPAY\\utils\\heartbeatTimer.js] heartBeatTimer","timestamp":"2022-04-22T12:51:20.658Z"}
{"funcIdentifier":"f3f71e24-17db-43ab-89c9-f70c683cccba","input":{"params":{"HeartbeatTimer_Execution_Start":"22/04/22 09:37:00"}},"level":"debug","refPath":"[E:\\work\\tms\\TMS-3SPAY\\utils\\heartbeatTimer.js] heartBeatTimer","timestamp":"2022-04-22T16:07:00.915Z"}
{"funcIdentifier":"4f272dd5-d260-4b15-8dbc-8493407d0cc7","input":{"params":{"HeartbeatTimer_Execution_Start":"22/04/22 10:07:00"}},"level":"debug","refPath":"[E:\\work\\tms\\TMS-3SPAY\\utils\\heartbeatTimer.js] heartBeatTimer","timestamp":"2022-04-22T16:37:00.888Z"}
{"funcIdentifier":"0d665d24-c059-49ae-a33b-7e4ca8dca21d","input":{"params":{"HeartbeatTimer_Execution_Start":"22/04/22 10:37:00"}},"level":"debug","refPath":"[E:\\work\\tms\\TMS-3SPAY\\utils\\heartbeatTimer.js] heartBeatTimer","timestamp":"2022-04-22T17:07:00.903Z"}
{"funcIdentifier":"e73c3bb6-f663-434d-8374-27391b384eee","input":{"params":{"HeartbeatTimer_Execution_Start":"22/04/22 11:07:00"}},"level":"debug","refPath":"[E:\\work\\tms\\TMS-3SPAY\\utils\\heartbeatTimer.js] heartBeatTimer","timestamp":"2022-04-22T17:37:00.911Z"}
{"funcIdentifier":"37b62f49-47bb-41ec-9543-65134de1e27c","input":{"params":{"HeartbeatTimer_Execution_Start":"22/04/22 11:37:00"}},"level":"debug","refPath":"[E:\\work\\tms\\TMS-3SPAY\\utils\\heartbeatTimer.js] heartBeatTimer","timestamp":"2022-04-22T18:07:00.915Z"}
