{"funcIdentifier":"e26e411f-3da1-48da-95b3-79e349cc7c76","input":{"params":{"HeartbeatTimer_Started":"25/04/22 08:40:40"}},"level":"debug","refPath":"[E:\\work\\tms\\TMS-3SPAY\\utils\\heartbeatTimer.js] heartBeatTimer","timestamp":"2022-04-25T03:10:40.862Z"}
{"funcIdentifier":"3ddb0a84-a159-45bc-b995-ed18542f9fe4","input":{"params":{"role":"admin"}},"level":"debug","refPath":"[E:\\work\\tms\\TMS-3SPAY\\services\\permission.js] getPermissionByRole","timestamp":"2022-04-25T03:13:15.379Z"}
{"funcIdentifier":"3ddb0a84-a159-45bc-b995-ed18542f9fe4","level":"debug","output":0,"refPath":"[E:\\work\\tms\\TMS-3SPAY\\services\\permission.js] getPermissionByRole","timestamp":"2022-04-25T03:13:15.485Z"}
{"funcIdentifier":"7a7bbacb-1945-4308-a06f-a5ef5fbb1b33","input":{"params":{"data":{"isParent":true}}},"level":"debug","refPath":"[E:\\work\\tms\\TMS-3SPAY\\services\\dashboard.js] dashboard","timestamp":"2022-04-25T03:13:16.234Z"}
{"funcIdentifier":"7a7bbacb-1945-4308-a06f-a5ef5fbb1b33","level":"debug","output":0,"refPath":"[E:\\work\\tms\\TMS-3SPAY\\services\\dashboard.js] dashboard","timestamp":"2022-04-25T03:13:16.351Z"}
{"funcIdentifier":"60dd1504-0a81-4d03-aba9-b7d4eab14568","input":{"params":{"HeartbeatTimer_Execution_Start":"25/04/22 09:10:40"}},"level":"debug","refPath":"[E:\\work\\tms\\TMS-3SPAY\\utils\\heartbeatTimer.js] heartBeatTimer","timestamp":"2022-04-25T03:40:40.889Z"}
{"funcIdentifier":"f829e865-62a4-40c1-8af4-a67545523228","input":{"params":{"HeartbeatTimer_Execution_Start":"25/04/22 11:39:49"}},"level":"debug","refPath":"[E:\\work\\tms\\TMS-3SPAY\\utils\\heartbeatTimer.js] heartBeatTimer","timestamp":"2022-04-25T06:09:49.301Z"}
{"funcIdentifier":"d3778e09-0ddf-4b15-a1bd-22bd404c0fe9","input":{"params":{"role":"admin"}},"level":"debug","refPath":"[E:\\work\\tms\\TMS-3SPAY\\services\\permission.js] getPermissionByRole","timestamp":"2022-04-25T06:15:26.519Z"}
{"funcIdentifier":"d3778e09-0ddf-4b15-a1bd-22bd404c0fe9","level":"debug","output":0,"refPath":"[E:\\work\\tms\\TMS-3SPAY\\services\\permission.js] getPermissionByRole","timestamp":"2022-04-25T06:15:26.554Z"}
{"funcIdentifier":"da47a87c-ae61-4b0c-a248-4b786bfb3678","input":{"params":{"data":{"isParent":true}}},"level":"debug","refPath":"[E:\\work\\tms\\TMS-3SPAY\\services\\dashboard.js] dashboard","timestamp":"2022-04-25T06:15:26.572Z"}
{"funcIdentifier":"da47a87c-ae61-4b0c-a248-4b786bfb3678","level":"debug","output":0,"refPath":"[E:\\work\\tms\\TMS-3SPAY\\services\\dashboard.js] dashboard","timestamp":"2022-04-25T06:15:26.655Z"}
{"funcIdentifier":"d385c43e-ad57-420f-9ea5-5afe8fcc0c0d","input":{"params":{"data":{"isParent":true}}},"level":"debug","refPath":"[E:\\work\\tms\\TMS-3SPAY\\services\\dashboard.js] dashboard","timestamp":"2022-04-25T06:16:33.359Z"}
{"funcIdentifier":"d385c43e-ad57-420f-9ea5-5afe8fcc0c0d","level":"debug","output":0,"refPath":"[E:\\work\\tms\\TMS-3SPAY\\services\\dashboard.js] dashboard","timestamp":"2022-04-25T06:16:33.395Z"}
{"funcIdentifier":"4bb972ef-eb23-4d07-875b-83bd634850fe","input":{"params":{"role":"admin"}},"level":"debug","refPath":"[E:\\work\\tms\\TMS-3SPAY\\services\\permission.js] getPermissionByRole","timestamp":"2022-04-25T06:16:33.427Z"}
{"funcIdentifier":"4bb972ef-eb23-4d07-875b-83bd634850fe","level":"debug","output":0,"refPath":"[E:\\work\\tms\\TMS-3SPAY\\services\\permission.js] getPermissionByRole","timestamp":"2022-04-25T06:16:33.431Z"}
{"funcIdentifier":"1ddf8563-299f-49b7-ad57-ce3b149f1b46","input":{"params":{"role":"admin"}},"level":"debug","refPath":"[E:\\work\\tms\\TMS-3SPAY\\services\\permission.js] getPermissionByRole","timestamp":"2022-04-25T06:16:55.531Z"}
{"funcIdentifier":"1ddf8563-299f-49b7-ad57-ce3b149f1b46","level":"debug","output":0,"refPath":"[E:\\work\\tms\\TMS-3SPAY\\services\\permission.js] getPermissionByRole","timestamp":"2022-04-25T06:16:55.536Z"}
{"funcIdentifier":"3a267c34-e243-45fe-b1f2-66a5ca2027fe","input":{"params":{"data":{"isParent":true}}},"level":"debug","refPath":"[E:\\work\\tms\\TMS-3SPAY\\services\\dashboard.js] dashboard","timestamp":"2022-04-25T06:16:55.743Z"}
{"funcIdentifier":"3a267c34-e243-45fe-b1f2-66a5ca2027fe","level":"debug","output":0,"refPath":"[E:\\work\\tms\\TMS-3SPAY\\services\\dashboard.js] dashboard","timestamp":"2022-04-25T06:16:55.777Z"}
{"funcIdentifier":"d20a9c2b-4621-41e3-bf08-73a55086e190","input":{"params":{"isParent":"true"}},"level":"debug","refPath":"[E:\\work\\tms\\TMS-3SPAY\\services\\group.js] getMerchantList","timestamp":"2022-04-25T06:17:14.314Z"}
{"funcIdentifier":"1458e607-ba86-4f1a-b8e8-b40f0c6d8eaf","input":{"params":{}},"level":"debug","refPath":"[E:\\work\\tms\\TMS-3SPAY\\services\\terminal.js] getAllTerminals","timestamp":"2022-04-25T06:17:14.324Z"}
{"funcIdentifier":"1458e607-ba86-4f1a-b8e8-b40f0c6d8eaf","level":"debug","output":0,"refPath":"[E:\\work\\tms\\TMS-3SPAY\\services\\terminal.js] getAllTerminals","timestamp":"2022-04-25T06:17:14.337Z"}
{"funcIdentifier":"d20a9c2b-4621-41e3-bf08-73a55086e190","level":"debug","output":0,"refPath":"[E:\\work\\tms\\TMS-3SPAY\\services\\group.js] getMerchantList","timestamp":"2022-04-25T06:17:14.365Z"}
{"funcIdentifier":"adf9c8e6-593e-4554-851c-da262585a58a","input":{"params":{"role":"admin"}},"level":"debug","refPath":"[E:\\work\\tms\\TMS-3SPAY\\services\\permission.js] getPermissionByRole","timestamp":"2022-04-25T06:18:47.737Z"}
{"funcIdentifier":"adf9c8e6-593e-4554-851c-da262585a58a","level":"debug","output":0,"refPath":"[E:\\work\\tms\\TMS-3SPAY\\services\\permission.js] getPermissionByRole","timestamp":"2022-04-25T06:18:47.742Z"}
{"funcIdentifier":"676be16a-012c-4058-9b3e-7f5d72bd2dbc","input":{"params":{}},"level":"debug","refPath":"[E:\\work\\tms\\TMS-3SPAY\\services\\terminal.js] getAllTerminals","timestamp":"2022-04-25T06:18:48.163Z"}
{"funcIdentifier":"676be16a-012c-4058-9b3e-7f5d72bd2dbc","level":"debug","output":0,"refPath":"[E:\\work\\tms\\TMS-3SPAY\\services\\terminal.js] getAllTerminals","timestamp":"2022-04-25T06:18:48.167Z"}
{"funcIdentifier":"bec9d03a-64a3-41f7-89b7-8409279e6c9f","input":{"params":{"isParent":"true"}},"level":"debug","refPath":"[E:\\work\\tms\\TMS-3SPAY\\services\\group.js] getMerchantList","timestamp":"2022-04-25T06:18:48.195Z"}
{"funcIdentifier":"bec9d03a-64a3-41f7-89b7-8409279e6c9f","level":"debug","output":0,"refPath":"[E:\\work\\tms\\TMS-3SPAY\\services\\group.js] getMerchantList","timestamp":"2022-04-25T06:18:48.227Z"}
{"funcIdentifier":"9f68e70b-9de3-4911-9c1c-8d11e9c5f5ad","input":{"params":{"role":"admin"}},"level":"debug","refPath":"[E:\\work\\tms\\TMS-3SPAY\\services\\permission.js] getPermissionByRole","timestamp":"2022-04-25T06:20:27.758Z"}
{"funcIdentifier":"9f68e70b-9de3-4911-9c1c-8d11e9c5f5ad","level":"debug","output":0,"refPath":"[E:\\work\\tms\\TMS-3SPAY\\services\\permission.js] getPermissionByRole","timestamp":"2022-04-25T06:20:27.763Z"}
{"funcIdentifier":"1bf9f5da-88cb-4c5c-8560-b781ee10f196","input":{"params":{}},"level":"debug","refPath":"[E:\\work\\tms\\TMS-3SPAY\\services\\terminal.js] getAllTerminals","timestamp":"2022-04-25T06:20:30.357Z"}
{"funcIdentifier":"1bf9f5da-88cb-4c5c-8560-b781ee10f196","level":"debug","output":0,"refPath":"[E:\\work\\tms\\TMS-3SPAY\\services\\terminal.js] getAllTerminals","timestamp":"2022-04-25T06:20:30.363Z"}
{"funcIdentifier":"c2dc9ca7-08b4-408d-b9cc-295725ceb548","input":{"params":{"isParent":"true"}},"level":"debug","refPath":"[E:\\work\\tms\\TMS-3SPAY\\services\\group.js] getMerchantList","timestamp":"2022-04-25T06:20:30.403Z"}
{"funcIdentifier":"c2dc9ca7-08b4-408d-b9cc-295725ceb548","level":"debug","output":0,"refPath":"[E:\\work\\tms\\TMS-3SPAY\\services\\group.js] getMerchantList","timestamp":"2022-04-25T06:20:30.421Z"}
{"funcIdentifier":"9aef2380-026a-428b-973c-90a8bc3eacdc","input":{"params":{"role":"admin"}},"level":"debug","refPath":"[E:\\work\\tms\\TMS-3SPAY\\services\\permission.js] getPermissionByRole","timestamp":"2022-04-25T06:20:53.318Z"}
{"funcIdentifier":"9aef2380-026a-428b-973c-90a8bc3eacdc","level":"debug","output":0,"refPath":"[E:\\work\\tms\\TMS-3SPAY\\services\\permission.js] getPermissionByRole","timestamp":"2022-04-25T06:20:53.322Z"}
{"funcIdentifier":"e565ecbb-a4be-4082-875e-b6d2cce54361","input":{"params":{}},"level":"debug","refPath":"[E:\\work\\tms\\TMS-3SPAY\\services\\terminal.js] getAllTerminals","timestamp":"2022-04-25T06:20:54.321Z"}
{"funcIdentifier":"e565ecbb-a4be-4082-875e-b6d2cce54361","level":"debug","output":0,"refPath":"[E:\\work\\tms\\TMS-3SPAY\\services\\terminal.js] getAllTerminals","timestamp":"2022-04-25T06:20:54.325Z"}
{"funcIdentifier":"1bf664a9-aba4-4d59-ac5b-c760b0f04e17","input":{"params":{"isParent":"true"}},"level":"debug","refPath":"[E:\\work\\tms\\TMS-3SPAY\\services\\group.js] getMerchantList","timestamp":"2022-04-25T06:20:55.477Z"}
{"funcIdentifier":"1bf664a9-aba4-4d59-ac5b-c760b0f04e17","level":"debug","output":0,"refPath":"[E:\\work\\tms\\TMS-3SPAY\\services\\group.js] getMerchantList","timestamp":"2022-04-25T06:20:55.496Z"}
{"funcIdentifier":"9c868c9c-c511-4c18-92bc-983bbfd3b773","input":{"params":{"role":"admin"}},"level":"debug","refPath":"[E:\\work\\tms\\TMS-3SPAY\\services\\permission.js] getPermissionByRole","timestamp":"2022-04-25T06:21:11.251Z"}
{"funcIdentifier":"9c868c9c-c511-4c18-92bc-983bbfd3b773","level":"debug","output":0,"refPath":"[E:\\work\\tms\\TMS-3SPAY\\services\\permission.js] getPermissionByRole","timestamp":"2022-04-25T06:21:11.254Z"}
{"funcIdentifier":"0e0d0c71-2eff-44ee-b37e-8a333245cabc","input":{"params":{}},"level":"debug","refPath":"[E:\\work\\tms\\TMS-3SPAY\\services\\terminal.js] getAllTerminals","timestamp":"2022-04-25T06:21:11.831Z"}
{"funcIdentifier":"0e0d0c71-2eff-44ee-b37e-8a333245cabc","level":"debug","output":0,"refPath":"[E:\\work\\tms\\TMS-3SPAY\\services\\terminal.js] getAllTerminals","timestamp":"2022-04-25T06:21:11.838Z"}
{"funcIdentifier":"63d755db-8ab7-4475-8a48-391a7dff7a5e","input":{"params":{"isParent":"true"}},"level":"debug","refPath":"[E:\\work\\tms\\TMS-3SPAY\\services\\group.js] getMerchantList","timestamp":"2022-04-25T06:21:11.911Z"}
{"funcIdentifier":"63d755db-8ab7-4475-8a48-391a7dff7a5e","level":"debug","output":0,"refPath":"[E:\\work\\tms\\TMS-3SPAY\\services\\group.js] getMerchantList","timestamp":"2022-04-25T06:21:11.929Z"}
{"funcIdentifier":"2b68e7f6-8a1d-4e65-b442-8827ec9a0369","input":{"params":{"role":"admin"}},"level":"debug","refPath":"[E:\\work\\tms\\TMS-3SPAY\\services\\permission.js] getPermissionByRole","timestamp":"2022-04-25T06:21:16.498Z"}
{"funcIdentifier":"2b68e7f6-8a1d-4e65-b442-8827ec9a0369","level":"debug","output":0,"refPath":"[E:\\work\\tms\\TMS-3SPAY\\services\\permission.js] getPermissionByRole","timestamp":"2022-04-25T06:21:16.502Z"}
{"funcIdentifier":"9878f307-0d6f-4df9-a582-a0406a535d8d","input":{"params":{}},"level":"debug","refPath":"[E:\\work\\tms\\TMS-3SPAY\\services\\terminal.js] getAllTerminals","timestamp":"2022-04-25T06:21:16.802Z"}
{"funcIdentifier":"9878f307-0d6f-4df9-a582-a0406a535d8d","level":"debug","output":0,"refPath":"[E:\\work\\tms\\TMS-3SPAY\\services\\terminal.js] getAllTerminals","timestamp":"2022-04-25T06:21:16.806Z"}
{"funcIdentifier":"d5c97dcd-4e7a-4c45-92e0-cff6e8252e6e","input":{"params":{"isParent":"true"}},"level":"debug","refPath":"[E:\\work\\tms\\TMS-3SPAY\\services\\group.js] getMerchantList","timestamp":"2022-04-25T06:21:16.828Z"}
{"funcIdentifier":"d5c97dcd-4e7a-4c45-92e0-cff6e8252e6e","level":"debug","output":0,"refPath":"[E:\\work\\tms\\TMS-3SPAY\\services\\group.js] getMerchantList","timestamp":"2022-04-25T06:21:16.853Z"}
{"funcIdentifier":"8ef9ae2d-4ab9-4086-9363-c4f6a13be560","input":{"params":{"role":"admin"}},"level":"debug","refPath":"[E:\\work\\tms\\TMS-3SPAY\\services\\permission.js] getPermissionByRole","timestamp":"2022-04-25T06:21:54.462Z"}
{"funcIdentifier":"8ef9ae2d-4ab9-4086-9363-c4f6a13be560","level":"debug","output":0,"refPath":"[E:\\work\\tms\\TMS-3SPAY\\services\\permission.js] getPermissionByRole","timestamp":"2022-04-25T06:21:54.465Z"}
{"funcIdentifier":"2afc3176-84b8-4159-b58e-0952dfdd2751","input":{"params":{}},"level":"debug","refPath":"[E:\\work\\tms\\TMS-3SPAY\\services\\terminal.js] getAllTerminals","timestamp":"2022-04-25T06:21:55.023Z"}
{"funcIdentifier":"2afc3176-84b8-4159-b58e-0952dfdd2751","level":"debug","output":0,"refPath":"[E:\\work\\tms\\TMS-3SPAY\\services\\terminal.js] getAllTerminals","timestamp":"2022-04-25T06:21:55.030Z"}
{"funcIdentifier":"3c597cb0-f343-49a5-8edd-fe220d7bc303","input":{"params":{"isParent":"true"}},"level":"debug","refPath":"[E:\\work\\tms\\TMS-3SPAY\\services\\group.js] getMerchantList","timestamp":"2022-04-25T06:21:55.057Z"}
{"funcIdentifier":"3c597cb0-f343-49a5-8edd-fe220d7bc303","level":"debug","output":0,"refPath":"[E:\\work\\tms\\TMS-3SPAY\\services\\group.js] getMerchantList","timestamp":"2022-04-25T06:21:55.075Z"}
{"funcIdentifier":"e6b4e46b-7c61-42ec-8f97-9690ba25c02d","input":{"params":{"role":"admin"}},"level":"debug","refPath":"[E:\\work\\tms\\TMS-3SPAY\\services\\permission.js] getPermissionByRole","timestamp":"2022-04-25T06:22:35.067Z"}
{"funcIdentifier":"e6b4e46b-7c61-42ec-8f97-9690ba25c02d","level":"debug","output":0,"refPath":"[E:\\work\\tms\\TMS-3SPAY\\services\\permission.js] getPermissionByRole","timestamp":"2022-04-25T06:22:35.070Z"}
{"funcIdentifier":"966327ef-d6f0-4c69-bc57-cac10b974023","input":{"params":{}},"level":"debug","refPath":"[E:\\work\\tms\\TMS-3SPAY\\services\\terminal.js] getAllTerminals","timestamp":"2022-04-25T06:22:35.353Z"}
{"funcIdentifier":"966327ef-d6f0-4c69-bc57-cac10b974023","level":"debug","output":0,"refPath":"[E:\\work\\tms\\TMS-3SPAY\\services\\terminal.js] getAllTerminals","timestamp":"2022-04-25T06:22:35.363Z"}
{"funcIdentifier":"e24a93c7-3835-4529-9812-5419aa8889c0","input":{"params":{"isParent":"true"}},"level":"debug","refPath":"[E:\\work\\tms\\TMS-3SPAY\\services\\group.js] getMerchantList","timestamp":"2022-04-25T06:22:35.396Z"}
{"funcIdentifier":"e24a93c7-3835-4529-9812-5419aa8889c0","level":"debug","output":0,"refPath":"[E:\\work\\tms\\TMS-3SPAY\\services\\group.js] getMerchantList","timestamp":"2022-04-25T06:22:35.407Z"}
{"funcIdentifier":"ce1305f6-884e-45ec-bb01-5c7b576526b4","input":{"params":{"data":{"isParent":true}}},"level":"debug","refPath":"[E:\\work\\tms\\TMS-3SPAY\\services\\dashboard.js] dashboard","timestamp":"2022-04-25T06:23:07.818Z"}
{"funcIdentifier":"ce1305f6-884e-45ec-bb01-5c7b576526b4","level":"debug","output":0,"refPath":"[E:\\work\\tms\\TMS-3SPAY\\services\\dashboard.js] dashboard","timestamp":"2022-04-25T06:23:07.860Z"}
{"funcIdentifier":"8108b195-2db7-4b31-83bd-4dd28aadf298","input":{"params":{"isParent":"true"}},"level":"debug","refPath":"[E:\\work\\tms\\TMS-3SPAY\\services\\group.js] getMerchantList","timestamp":"2022-04-25T06:23:19.703Z"}
{"funcIdentifier":"8b6260aa-bc9a-46fb-b9cd-5e741b25740c","input":{"params":{}},"level":"debug","refPath":"[E:\\work\\tms\\TMS-3SPAY\\services\\terminal.js] getAllTerminals","timestamp":"2022-04-25T06:23:19.711Z"}
{"funcIdentifier":"8b6260aa-bc9a-46fb-b9cd-5e741b25740c","level":"debug","output":0,"refPath":"[E:\\work\\tms\\TMS-3SPAY\\services\\terminal.js] getAllTerminals","timestamp":"2022-04-25T06:23:19.722Z"}
{"funcIdentifier":"8108b195-2db7-4b31-83bd-4dd28aadf298","level":"debug","output":0,"refPath":"[E:\\work\\tms\\TMS-3SPAY\\services\\group.js] getMerchantList","timestamp":"2022-04-25T06:23:19.739Z"}
{"funcIdentifier":"e3c871c6-807a-4d51-8bd8-2106bd4fb1c6","input":{},"level":"debug","refPath":"[E:\\work\\tms\\TMS-3SPAY\\services\\report.js] reportFilter","timestamp":"2022-04-25T06:23:22.179Z"}
{"funcIdentifier":"e3c871c6-807a-4d51-8bd8-2106bd4fb1c6","level":"debug","output":0,"refPath":"[E:\\work\\tms\\TMS-3SPAY\\services\\report.js] reportFilter","timestamp":"2022-04-25T06:23:22.215Z"}
{"funcIdentifier":"4cb1c377-90c5-4d75-bde9-251fdc517df1","input":{},"level":"debug","refPath":"[E:\\work\\tms\\TMS-3SPAY\\services\\fileStore.js] getFileStoreList","timestamp":"2022-04-25T06:23:24.041Z"}
{"funcIdentifier":"4cb1c377-90c5-4d75-bde9-251fdc517df1","level":"debug","output":0,"refPath":"[E:\\work\\tms\\TMS-3SPAY\\services\\fileStore.js] getFileStoreList","timestamp":"2022-04-25T06:23:24.059Z"}
{"funcIdentifier":"cd06a732-1e87-433f-8736-fec101ce6724","input":{},"level":"debug","refPath":"[E:\\work\\tms\\TMS-3SPAY\\services\\report.js] reportFilter","timestamp":"2022-04-25T06:24:54.345Z"}
{"funcIdentifier":"cd06a732-1e87-433f-8736-fec101ce6724","level":"debug","output":0,"refPath":"[E:\\work\\tms\\TMS-3SPAY\\services\\report.js] reportFilter","timestamp":"2022-04-25T06:24:54.358Z"}
{"funcIdentifier":"e5110266-ecfb-43b7-9d31-ce5a882da962","input":{},"level":"debug","refPath":"[E:\\work\\tms\\TMS-3SPAY\\services\\report.js] reportFilter","timestamp":"2022-04-25T06:25:52.692Z"}
{"funcIdentifier":"e5110266-ecfb-43b7-9d31-ce5a882da962","level":"debug","output":0,"refPath":"[E:\\work\\tms\\TMS-3SPAY\\services\\report.js] reportFilter","timestamp":"2022-04-25T06:25:52.706Z"}
{"funcIdentifier":"c4234467-3280-468a-8f9e-408bd08e2e46","input":{"params":{"role":"admin"}},"level":"debug","refPath":"[E:\\work\\tms\\TMS-3SPAY\\services\\permission.js] getPermissionByRole","timestamp":"2022-04-25T06:25:53.234Z"}
{"funcIdentifier":"c4234467-3280-468a-8f9e-408bd08e2e46","level":"debug","output":0,"refPath":"[E:\\work\\tms\\TMS-3SPAY\\services\\permission.js] getPermissionByRole","timestamp":"2022-04-25T06:25:53.238Z"}
{"funcIdentifier":"fa7037d5-43d9-49c8-94b4-01db2fb9fe5c","input":{},"level":"debug","refPath":"[E:\\work\\tms\\TMS-3SPAY\\services\\report.js] reportFilter","timestamp":"2022-04-25T06:26:19.459Z"}
{"funcIdentifier":"fa7037d5-43d9-49c8-94b4-01db2fb9fe5c","level":"debug","output":0,"refPath":"[E:\\work\\tms\\TMS-3SPAY\\services\\report.js] reportFilter","timestamp":"2022-04-25T06:26:19.473Z"}
{"funcIdentifier":"2518ba49-54de-455b-8dda-b9bba6cf1640","input":{"params":{"role":"admin"}},"level":"debug","refPath":"[E:\\work\\tms\\TMS-3SPAY\\services\\permission.js] getPermissionByRole","timestamp":"2022-04-25T06:26:19.933Z"}
{"funcIdentifier":"2518ba49-54de-455b-8dda-b9bba6cf1640","level":"debug","output":0,"refPath":"[E:\\work\\tms\\TMS-3SPAY\\services\\permission.js] getPermissionByRole","timestamp":"2022-04-25T06:26:19.937Z"}
{"funcIdentifier":"4bf9e3eb-8b7d-431d-99d9-19a10790c155","input":{"params":{"data":{"isParent":true}}},"level":"debug","refPath":"[E:\\work\\tms\\TMS-3SPAY\\services\\dashboard.js] dashboard","timestamp":"2022-04-25T06:29:07.179Z"}
{"funcIdentifier":"4bf9e3eb-8b7d-431d-99d9-19a10790c155","level":"debug","output":0,"refPath":"[E:\\work\\tms\\TMS-3SPAY\\services\\dashboard.js] dashboard","timestamp":"2022-04-25T06:29:07.229Z"}
{"funcIdentifier":"8880041e-9a20-4c95-a405-ebcdb77d4982","input":{"params":{"isParent":"true"}},"level":"debug","refPath":"[E:\\work\\tms\\TMS-3SPAY\\services\\group.js] getMerchantList","timestamp":"2022-04-25T06:30:03.748Z"}
{"funcIdentifier":"d0b3c07e-25e1-4b44-b9c5-f4f7792f27e0","input":{"params":{}},"level":"debug","refPath":"[E:\\work\\tms\\TMS-3SPAY\\services\\terminal.js] getAllTerminals","timestamp":"2022-04-25T06:30:03.751Z"}
{"funcIdentifier":"d0b3c07e-25e1-4b44-b9c5-f4f7792f27e0","level":"debug","output":0,"refPath":"[E:\\work\\tms\\TMS-3SPAY\\services\\terminal.js] getAllTerminals","timestamp":"2022-04-25T06:30:03.759Z"}
{"funcIdentifier":"8880041e-9a20-4c95-a405-ebcdb77d4982","level":"debug","output":0,"refPath":"[E:\\work\\tms\\TMS-3SPAY\\services\\group.js] getMerchantList","timestamp":"2022-04-25T06:30:03.783Z"}
{"funcIdentifier":"161b5b90-b1e5-461a-8a9f-1e18f10f9da5","input":{"params":{"data":{"isParent":true}}},"level":"debug","refPath":"[E:\\work\\tms\\TMS-3SPAY\\services\\dashboard.js] dashboard","timestamp":"2022-04-25T06:30:21.008Z"}
{"funcIdentifier":"161b5b90-b1e5-461a-8a9f-1e18f10f9da5","level":"debug","output":0,"refPath":"[E:\\work\\tms\\TMS-3SPAY\\services\\dashboard.js] dashboard","timestamp":"2022-04-25T06:30:21.041Z"}
{"funcIdentifier":"38e3580d-09e9-4679-a04b-730d21b286ad","input":{"params":{"isParent":"true"}},"level":"debug","refPath":"[E:\\work\\tms\\TMS-3SPAY\\services\\group.js] getMerchantList","timestamp":"2022-04-25T06:30:26.730Z"}
{"funcIdentifier":"30cd6a0c-e5f0-4264-9771-785ed93d6d73","input":{"params":{}},"level":"debug","refPath":"[E:\\work\\tms\\TMS-3SPAY\\services\\terminal.js] getAllTerminals","timestamp":"2022-04-25T06:30:26.734Z"}
{"funcIdentifier":"30cd6a0c-e5f0-4264-9771-785ed93d6d73","level":"debug","output":0,"refPath":"[E:\\work\\tms\\TMS-3SPAY\\services\\terminal.js] getAllTerminals","timestamp":"2022-04-25T06:30:26.748Z"}
{"funcIdentifier":"38e3580d-09e9-4679-a04b-730d21b286ad","level":"debug","output":0,"refPath":"[E:\\work\\tms\\TMS-3SPAY\\services\\group.js] getMerchantList","timestamp":"2022-04-25T06:30:26.758Z"}
{"funcIdentifier":"545c6259-6f43-4023-90d3-08a24ce04e43","input":{},"level":"debug","refPath":"[E:\\work\\tms\\TMS-3SPAY\\services\\transaction.js] getAllTransactions","timestamp":"2022-04-25T06:30:30.914Z"}
{"funcIdentifier":"545c6259-6f43-4023-90d3-08a24ce04e43","level":"debug","output":0,"refPath":"[E:\\work\\tms\\TMS-3SPAY\\services\\transaction.js] getAllTransactions","timestamp":"2022-04-25T06:30:30.922Z"}
{"funcIdentifier":"d268812e-fb0c-494d-8f7f-189486aee889","input":{"params":{"isParent":"true"}},"level":"debug","refPath":"[E:\\work\\tms\\TMS-3SPAY\\services\\group.js] getMerchantList","timestamp":"2022-04-25T06:30:37.404Z"}
{"funcIdentifier":"51175dbd-80ea-4acd-a3a2-1ccc6e625543","input":{"params":{}},"level":"debug","refPath":"[E:\\work\\tms\\TMS-3SPAY\\services\\terminal.js] getAllTerminals","timestamp":"2022-04-25T06:30:37.423Z"}
{"funcIdentifier":"d268812e-fb0c-494d-8f7f-189486aee889","level":"debug","output":0,"refPath":"[E:\\work\\tms\\TMS-3SPAY\\services\\group.js] getMerchantList","timestamp":"2022-04-25T06:30:37.437Z"}
{"funcIdentifier":"51175dbd-80ea-4acd-a3a2-1ccc6e625543","level":"debug","output":0,"refPath":"[E:\\work\\tms\\TMS-3SPAY\\services\\terminal.js] getAllTerminals","timestamp":"2022-04-25T06:30:37.445Z"}
{"funcIdentifier":"2b3cafa4-06e1-4105-9c21-446cac8dcc63","input":{},"level":"debug","refPath":"[E:\\work\\tms\\TMS-3SPAY\\services\\report.js] reportFilter","timestamp":"2022-04-25T06:30:42.861Z"}
{"funcIdentifier":"2b3cafa4-06e1-4105-9c21-446cac8dcc63","level":"debug","output":0,"refPath":"[E:\\work\\tms\\TMS-3SPAY\\services\\report.js] reportFilter","timestamp":"2022-04-25T06:30:42.873Z"}
{"funcIdentifier":"d4e4697e-c2be-42ee-89cf-72b971827f84","input":{"params":{"data":{"appVersion":"","blVersion":"","city":"","createdAt":null,"group":"","lastCallDateEnd":null,"lastCallDateStart":null,"operatorName":"","serialNumber":"","status":"","subGroup":"","systemIdentifier":"","terminalModel":""}}},"level":"debug","refPath":"[E:\\work\\tms\\TMS-3SPAY\\services\\report.js] report","timestamp":"2022-04-25T06:30:44.886Z"}
{"funcIdentifier":"d4e4697e-c2be-42ee-89cf-72b971827f84","level":"debug","output":0,"refPath":"[E:\\work\\tms\\TMS-3SPAY\\services\\report.js] report","timestamp":"2022-04-25T06:30:44.895Z"}
{"funcIdentifier":"808f6705-10d6-4ccb-8c5e-e12dbc50f113","input":{},"level":"debug","refPath":"[E:\\work\\tms\\TMS-3SPAY\\services\\fileStore.js] getFileStoreList","timestamp":"2022-04-25T06:30:49.456Z"}
{"funcIdentifier":"808f6705-10d6-4ccb-8c5e-e12dbc50f113","level":"debug","output":0,"refPath":"[E:\\work\\tms\\TMS-3SPAY\\services\\fileStore.js] getFileStoreList","timestamp":"2022-04-25T06:30:49.463Z"}
{"funcIdentifier":"56df826f-dded-4d82-95eb-e24d123f30a2","input":{},"level":"debug","refPath":"[E:\\work\\tms\\TMS-3SPAY\\services\\Application.js] getAllApplication","timestamp":"2022-04-25T06:30:52.037Z"}
{"funcIdentifier":"56df826f-dded-4d82-95eb-e24d123f30a2","level":"debug","output":0,"refPath":"[E:\\work\\tms\\TMS-3SPAY\\services\\Application.js] getAllApplication","timestamp":"2022-04-25T06:30:52.044Z"}
{"funcIdentifier":"30fa814f-17ed-4a94-979d-0dfbc89f81e8","input":{},"level":"debug","refPath":"[E:\\work\\tms\\TMS-3SPAY\\services\\terminal.js] terminalSerialDetail","timestamp":"2022-04-25T06:30:55.080Z"}
{"funcIdentifier":"d1d97182-51ac-4e9b-ac29-fe38f358dd07","input":{},"level":"debug","refPath":"[E:\\work\\tms\\TMS-3SPAY\\services\\fileStore.js] getFileStoreList","timestamp":"2022-04-25T06:30:55.086Z"}
{"funcIdentifier":"3289a53d-18ae-4fae-b927-ef6b00c5570b","input":{"params":{"isParent":"true"}},"level":"debug","refPath":"[E:\\work\\tms\\TMS-3SPAY\\services\\group.js] getMerchantList","timestamp":"2022-04-25T06:30:55.090Z"}
{"funcIdentifier":"30fa814f-17ed-4a94-979d-0dfbc89f81e8","level":"debug","output":0,"refPath":"[E:\\work\\tms\\TMS-3SPAY\\services\\terminal.js] terminalSerialDetail","timestamp":"2022-04-25T06:30:55.095Z"}
{"funcIdentifier":"d1d97182-51ac-4e9b-ac29-fe38f358dd07","level":"debug","output":0,"refPath":"[E:\\work\\tms\\TMS-3SPAY\\services\\fileStore.js] getFileStoreList","timestamp":"2022-04-25T06:30:55.111Z"}
{"funcIdentifier":"3289a53d-18ae-4fae-b927-ef6b00c5570b","level":"debug","output":0,"refPath":"[E:\\work\\tms\\TMS-3SPAY\\services\\group.js] getMerchantList","timestamp":"2022-04-25T06:30:55.126Z"}
{"funcIdentifier":"0d324625-8c48-469c-8a9a-b3e81a2f2223","input":{"params":{"_id":"62273e02b1609533741e97da"}},"level":"debug","refPath":"[E:\\work\\tms\\TMS-3SPAY\\services\\group.js] getMerchantById","timestamp":"2022-04-25T06:30:55.343Z"}
{"funcIdentifier":"0d324625-8c48-469c-8a9a-b3e81a2f2223","level":"debug","output":0,"refPath":"[E:\\work\\tms\\TMS-3SPAY\\services\\group.js] getMerchantById","timestamp":"2022-04-25T06:30:55.354Z"}
{"funcIdentifier":"2c7f0018-b82f-4c4e-ba80-802fad087aee","input":{},"level":"debug","refPath":"[E:\\work\\tms\\TMS-3SPAY\\services\\Application.js] getAllApplication","timestamp":"2022-04-25T06:30:59.764Z"}
{"funcIdentifier":"2c7f0018-b82f-4c4e-ba80-802fad087aee","level":"debug","output":0,"refPath":"[E:\\work\\tms\\TMS-3SPAY\\services\\Application.js] getAllApplication","timestamp":"2022-04-25T06:30:59.769Z"}
{"funcIdentifier":"ac567c70-ec71-468b-9416-1ecc632f9462","input":{},"level":"debug","refPath":"[E:\\work\\tms\\TMS-3SPAY\\services\\callSetting.js] CallScheduledList","timestamp":"2022-04-25T06:30:59.783Z"}
{"funcIdentifier":"ac567c70-ec71-468b-9416-1ecc632f9462","level":"debug","output":0,"refPath":"[E:\\work\\tms\\TMS-3SPAY\\services\\callSetting.js] CallScheduledList","timestamp":"2022-04-25T06:30:59.896Z"}
{"funcIdentifier":"c6843c82-fad1-4bdf-8cbf-9507efedb704","input":{"params":{"date":"250422","rangeEnd":"112211","rangeStart":"112211","type":["maintainerPassword","superPassword"]}},"level":"debug","refPath":"[E:\\work\\tms\\TMS-3SPAY\\services\\passwordGenerate.js] passwordGenerate","timestamp":"2022-04-25T06:31:15.157Z"}
{"funcIdentifier":"c6843c82-fad1-4bdf-8cbf-9507efedb704","level":"debug","output":0,"refPath":"[E:\\work\\tms\\TMS-3SPAY\\services\\passwordGenerate.js] passwordGenerate","timestamp":"2022-04-25T06:31:15.162Z"}
{"funcIdentifier":"491d974d-2acf-408c-8584-5afc2d7f21f9","input":{},"level":"debug","refPath":"[E:\\work\\tms\\TMS-3SPAY\\services\\transaction.js] getAllTransactions","timestamp":"2022-04-25T06:31:19.241Z"}
{"funcIdentifier":"491d974d-2acf-408c-8584-5afc2d7f21f9","level":"debug","output":0,"refPath":"[E:\\work\\tms\\TMS-3SPAY\\services\\transaction.js] getAllTransactions","timestamp":"2022-04-25T06:31:19.248Z"}
{"funcIdentifier":"8f0b00fb-1a72-4c63-81d3-57cde5d6e0e5","input":{"params":{"user":{"name":"User"}}},"level":"debug","refPath":"[E:\\work\\tms\\TMS-3SPAY\\services\\StatusLog.js] getLogsByUser","timestamp":"2022-04-25T06:31:26.614Z"}
{"funcIdentifier":"8f0b00fb-1a72-4c63-81d3-57cde5d6e0e5","level":"debug","output":0,"refPath":"[E:\\work\\tms\\TMS-3SPAY\\services\\StatusLog.js] getLogsByUser","timestamp":"2022-04-25T06:31:26.644Z"}
{"funcIdentifier":"2b988d05-9138-4e5c-9ba6-d7ab09cc791a","input":{"params":{"isParent":"true"}},"level":"debug","refPath":"[E:\\work\\tms\\TMS-3SPAY\\services\\group.js] getMerchantList","timestamp":"2022-04-25T06:31:33.344Z"}
{"funcIdentifier":"3a5d46f3-264c-4196-90f5-400896db74f8","input":{"params":{}},"level":"debug","refPath":"[E:\\work\\tms\\TMS-3SPAY\\services\\terminal.js] getAllTerminals","timestamp":"2022-04-25T06:31:33.348Z"}
{"funcIdentifier":"3a5d46f3-264c-4196-90f5-400896db74f8","level":"debug","output":0,"refPath":"[E:\\work\\tms\\TMS-3SPAY\\services\\terminal.js] getAllTerminals","timestamp":"2022-04-25T06:31:33.359Z"}
{"funcIdentifier":"2b988d05-9138-4e5c-9ba6-d7ab09cc791a","level":"debug","output":0,"refPath":"[E:\\work\\tms\\TMS-3SPAY\\services\\group.js] getMerchantList","timestamp":"2022-04-25T06:31:33.375Z"}
{"funcIdentifier":"536b97a7-075b-459b-865c-abb901512a8d","input":{"params":{"isParent":"true"}},"level":"debug","refPath":"[E:\\work\\tms\\TMS-3SPAY\\services\\group.js] getMerchantList","timestamp":"2022-04-25T06:34:14.240Z"}
{"funcIdentifier":"516fdcf0-a364-4b20-b53f-bda9a1f9e9e6","input":{"params":{}},"level":"debug","refPath":"[E:\\work\\tms\\TMS-3SPAY\\services\\terminal.js] getAllTerminals","timestamp":"2022-04-25T06:34:14.244Z"}
{"funcIdentifier":"516fdcf0-a364-4b20-b53f-bda9a1f9e9e6","level":"debug","output":0,"refPath":"[E:\\work\\tms\\TMS-3SPAY\\services\\terminal.js] getAllTerminals","timestamp":"2022-04-25T06:34:14.257Z"}
{"funcIdentifier":"536b97a7-075b-459b-865c-abb901512a8d","level":"debug","output":0,"refPath":"[E:\\work\\tms\\TMS-3SPAY\\services\\group.js] getMerchantList","timestamp":"2022-04-25T06:34:14.270Z"}
{"funcIdentifier":"6c4c498f-508a-44dd-b87e-310886119763","input":{"params":{"isParent":"true"}},"level":"debug","refPath":"[E:\\work\\tms\\TMS-3SPAY\\services\\group.js] getMerchantList","timestamp":"2022-04-25T06:34:34.234Z"}
{"funcIdentifier":"e0c8bbc3-1ca0-4676-90f6-982a329a4523","input":{"params":{}},"level":"debug","refPath":"[E:\\work\\tms\\TMS-3SPAY\\services\\terminal.js] getAllTerminals","timestamp":"2022-04-25T06:34:34.237Z"}
{"funcIdentifier":"e0c8bbc3-1ca0-4676-90f6-982a329a4523","level":"debug","output":0,"refPath":"[E:\\work\\tms\\TMS-3SPAY\\services\\terminal.js] getAllTerminals","timestamp":"2022-04-25T06:34:34.245Z"}
{"funcIdentifier":"6c4c498f-508a-44dd-b87e-310886119763","level":"debug","output":0,"refPath":"[E:\\work\\tms\\TMS-3SPAY\\services\\group.js] getMerchantList","timestamp":"2022-04-25T06:34:34.255Z"}
{"funcIdentifier":"842e25a1-91f3-4c35-8ca5-e8eba8438b42","input":{"params":{"isParent":"true"}},"level":"debug","refPath":"[E:\\work\\tms\\TMS-3SPAY\\services\\group.js] getMerchantList","timestamp":"2022-04-25T06:34:54.525Z"}
{"funcIdentifier":"aeb7eb44-f706-4aba-9143-3db4844082c3","input":{"params":{}},"level":"debug","refPath":"[E:\\work\\tms\\TMS-3SPAY\\services\\terminal.js] getAllTerminals","timestamp":"2022-04-25T06:34:54.528Z"}
{"funcIdentifier":"aeb7eb44-f706-4aba-9143-3db4844082c3","level":"debug","output":0,"refPath":"[E:\\work\\tms\\TMS-3SPAY\\services\\terminal.js] getAllTerminals","timestamp":"2022-04-25T06:34:54.540Z"}
{"funcIdentifier":"842e25a1-91f3-4c35-8ca5-e8eba8438b42","level":"debug","output":0,"refPath":"[E:\\work\\tms\\TMS-3SPAY\\services\\group.js] getMerchantList","timestamp":"2022-04-25T06:34:54.549Z"}
{"funcIdentifier":"ec63cea0-1796-4311-b870-d17554b18692","input":{"params":{"user":{"name":"User"}}},"level":"debug","refPath":"[E:\\work\\tms\\TMS-3SPAY\\services\\StatusLog.js] getLogsByUser","timestamp":"2022-04-25T06:35:23.048Z"}
{"funcIdentifier":"ec63cea0-1796-4311-b870-d17554b18692","level":"debug","output":0,"refPath":"[E:\\work\\tms\\TMS-3SPAY\\services\\StatusLog.js] getLogsByUser","timestamp":"2022-04-25T06:35:23.066Z"}
{"funcIdentifier":"0592966e-d29d-460f-b4e9-e50c4edd559f","input":{"params":{"user":{"name":"User"}}},"level":"debug","refPath":"[E:\\work\\tms\\TMS-3SPAY\\services\\StatusLog.js] getLogsByUser","timestamp":"2022-04-25T06:37:39.487Z"}
{"funcIdentifier":"0592966e-d29d-460f-b4e9-e50c4edd559f","level":"debug","output":0,"refPath":"[E:\\work\\tms\\TMS-3SPAY\\services\\StatusLog.js] getLogsByUser","timestamp":"2022-04-25T06:37:39.506Z"}
{"funcIdentifier":"c023cd08-d9af-4291-9100-0a26ba1230a2","input":{"params":{"user":{"name":"User"}}},"level":"debug","refPath":"[E:\\work\\tms\\TMS-3SPAY\\services\\StatusLog.js] getLogsByUser","timestamp":"2022-04-25T06:37:40.013Z"}
{"funcIdentifier":"c023cd08-d9af-4291-9100-0a26ba1230a2","level":"debug","output":0,"refPath":"[E:\\work\\tms\\TMS-3SPAY\\services\\StatusLog.js] getLogsByUser","timestamp":"2022-04-25T06:37:40.034Z"}
{"funcIdentifier":"63f152ed-5d26-44d5-8d8c-6288c9642ece","input":{"params":{"user":{"name":"User"}}},"level":"debug","refPath":"[E:\\work\\tms\\TMS-3SPAY\\services\\StatusLog.js] getLogsByUser","timestamp":"2022-04-25T06:38:39.687Z"}
{"funcIdentifier":"63f152ed-5d26-44d5-8d8c-6288c9642ece","level":"debug","output":0,"refPath":"[E:\\work\\tms\\TMS-3SPAY\\services\\StatusLog.js] getLogsByUser","timestamp":"2022-04-25T06:38:39.704Z"}
{"funcIdentifier":"f9d7922f-84ed-4bd4-a504-b3b470b65763","input":{"params":{"user":{"name":"User"}}},"level":"debug","refPath":"[E:\\work\\tms\\TMS-3SPAY\\services\\StatusLog.js] getLogsByUser","timestamp":"2022-04-25T06:38:51.588Z"}
{"funcIdentifier":"f9d7922f-84ed-4bd4-a504-b3b470b65763","level":"debug","output":0,"refPath":"[E:\\work\\tms\\TMS-3SPAY\\services\\StatusLog.js] getLogsByUser","timestamp":"2022-04-25T06:38:51.609Z"}
{"funcIdentifier":"4df3b1c6-1655-4314-b005-d45df4885c04","input":{"params":{"user":{"name":"User"}}},"level":"debug","refPath":"[E:\\work\\tms\\TMS-3SPAY\\services\\StatusLog.js] getLogsByUser","timestamp":"2022-04-25T06:38:54.330Z"}
{"funcIdentifier":"4df3b1c6-1655-4314-b005-d45df4885c04","level":"debug","output":0,"refPath":"[E:\\work\\tms\\TMS-3SPAY\\services\\StatusLog.js] getLogsByUser","timestamp":"2022-04-25T06:38:54.345Z"}
{"funcIdentifier":"4a424cb3-ad6c-4d8b-8f14-8a58a41f7ee7","input":{"params":{}},"level":"debug","refPath":"[E:\\work\\tms\\TMS-3SPAY\\services\\terminal.js] getAllTerminals","timestamp":"2022-04-25T06:39:23.484Z"}
{"funcIdentifier":"3c5e327f-3c2b-414d-8241-c6ed780bf050","input":{"params":{"isParent":"true"}},"level":"debug","refPath":"[E:\\work\\tms\\TMS-3SPAY\\services\\group.js] getMerchantList","timestamp":"2022-04-25T06:39:23.488Z"}
{"funcIdentifier":"4a424cb3-ad6c-4d8b-8f14-8a58a41f7ee7","level":"debug","output":0,"refPath":"[E:\\work\\tms\\TMS-3SPAY\\services\\terminal.js] getAllTerminals","timestamp":"2022-04-25T06:39:23.493Z"}
{"funcIdentifier":"3c5e327f-3c2b-414d-8241-c6ed780bf050","level":"debug","output":0,"refPath":"[E:\\work\\tms\\TMS-3SPAY\\services\\group.js] getMerchantList","timestamp":"2022-04-25T06:39:23.515Z"}
{"funcIdentifier":"485381b0-721d-4782-9bb3-69f419ac1d9a","input":{},"level":"debug","refPath":"[E:\\work\\tms\\TMS-3SPAY\\services\\report.js] reportFilter","timestamp":"2022-04-25T06:39:27.077Z"}
{"funcIdentifier":"485381b0-721d-4782-9bb3-69f419ac1d9a","level":"debug","output":0,"refPath":"[E:\\work\\tms\\TMS-3SPAY\\services\\report.js] reportFilter","timestamp":"2022-04-25T06:39:27.093Z"}
{"funcIdentifier":"910f5288-a89f-4c87-bf53-cf26aecf9026","input":{},"level":"debug","refPath":"[E:\\work\\tms\\TMS-3SPAY\\services\\fileStore.js] getFileStoreList","timestamp":"2022-04-25T06:39:28.942Z"}
{"funcIdentifier":"910f5288-a89f-4c87-bf53-cf26aecf9026","level":"debug","output":0,"refPath":"[E:\\work\\tms\\TMS-3SPAY\\services\\fileStore.js] getFileStoreList","timestamp":"2022-04-25T06:39:28.951Z"}
{"funcIdentifier":"45c23646-107e-4881-9fb8-94f077b6befb","input":{},"level":"debug","refPath":"[E:\\work\\tms\\TMS-3SPAY\\services\\Application.js] getAllApplication","timestamp":"2022-04-25T06:39:30.507Z"}
{"funcIdentifier":"45c23646-107e-4881-9fb8-94f077b6befb","level":"debug","output":0,"refPath":"[E:\\work\\tms\\TMS-3SPAY\\services\\Application.js] getAllApplication","timestamp":"2022-04-25T06:39:30.514Z"}
{"funcIdentifier":"69ab1d86-65b5-47ee-a60f-d45b1ed93a24","input":{},"level":"debug","refPath":"[E:\\work\\tms\\TMS-3SPAY\\services\\Application.js] getAllApplication","timestamp":"2022-04-25T06:39:33.799Z"}
{"funcIdentifier":"69ab1d86-65b5-47ee-a60f-d45b1ed93a24","level":"debug","output":0,"refPath":"[E:\\work\\tms\\TMS-3SPAY\\services\\Application.js] getAllApplication","timestamp":"2022-04-25T06:39:33.802Z"}
{"funcIdentifier":"a6bc42e9-7f08-4b5b-90fe-e1b91285d280","input":{},"level":"debug","refPath":"[E:\\work\\tms\\TMS-3SPAY\\services\\callSetting.js] CallScheduledList","timestamp":"2022-04-25T06:39:33.810Z"}
{"funcIdentifier":"a6bc42e9-7f08-4b5b-90fe-e1b91285d280","level":"debug","output":0,"refPath":"[E:\\work\\tms\\TMS-3SPAY\\services\\callSetting.js] CallScheduledList","timestamp":"2022-04-25T06:39:33.833Z"}
{"funcIdentifier":"1d6527f0-6df5-47ca-a40c-e59552959ab6","input":{},"level":"debug","refPath":"[E:\\work\\tms\\TMS-3SPAY\\services\\transaction.js] getAllTransactions","timestamp":"2022-04-25T06:39:36.387Z"}
{"funcIdentifier":"1d6527f0-6df5-47ca-a40c-e59552959ab6","level":"debug","output":0,"refPath":"[E:\\work\\tms\\TMS-3SPAY\\services\\transaction.js] getAllTransactions","timestamp":"2022-04-25T06:39:36.392Z"}
{"funcIdentifier":"cb2f9514-8687-4281-91af-30ee5896db60","input":{"params":{"isParent":"true"}},"level":"debug","refPath":"[E:\\work\\tms\\TMS-3SPAY\\services\\group.js] getMerchantList","timestamp":"2022-04-25T06:39:41.340Z"}
{"funcIdentifier":"6b53baa6-16c1-4061-a1a4-340c9bf412d0","input":{"params":{}},"level":"debug","refPath":"[E:\\work\\tms\\TMS-3SPAY\\services\\terminal.js] getAllTerminals","timestamp":"2022-04-25T06:39:41.344Z"}
{"funcIdentifier":"6b53baa6-16c1-4061-a1a4-340c9bf412d0","level":"debug","output":0,"refPath":"[E:\\work\\tms\\TMS-3SPAY\\services\\terminal.js] getAllTerminals","timestamp":"2022-04-25T06:39:41.356Z"}
{"funcIdentifier":"cb2f9514-8687-4281-91af-30ee5896db60","level":"debug","output":0,"refPath":"[E:\\work\\tms\\TMS-3SPAY\\services\\group.js] getMerchantList","timestamp":"2022-04-25T06:39:41.368Z"}
{"funcIdentifier":"364df67e-6c08-4f78-b317-d3f07e885cf2","input":{"params":{"_id":"623c707b8dabc225281a2078"}},"level":"debug","refPath":"[E:\\work\\tms\\TMS-3SPAY\\services\\terminal.js] terminalById","timestamp":"2022-04-25T06:39:47.638Z"}
{"funcIdentifier":"364df67e-6c08-4f78-b317-d3f07e885cf2","level":"debug","output":0,"refPath":"[E:\\work\\tms\\TMS-3SPAY\\services\\terminal.js] terminalById","timestamp":"2022-04-25T06:39:47.644Z"}
{"funcIdentifier":"6f95ed2f-674a-4861-8ffd-1366eb612751","input":{"params":{"HeartbeatTimer_Execution_Start":"25/04/22 12:09:49"}},"level":"debug","refPath":"[E:\\work\\tms\\TMS-3SPAY\\utils\\heartbeatTimer.js] heartBeatTimer","timestamp":"2022-04-25T06:39:49.305Z"}
{"funcIdentifier":"f3c3b988-08ed-4dac-ab4f-5badd45f6ed3","input":{"params":{"id":"623c707b8dabc225281a2078"}},"level":"debug","refPath":"[E:\\work\\tms\\TMS-3SPAY\\services\\StatusLog.js] getLogsByTerminalId","timestamp":"2022-04-25T06:39:51.210Z"}
{"funcIdentifier":"f3c3b988-08ed-4dac-ab4f-5badd45f6ed3","level":"debug","output":0,"refPath":"[E:\\work\\tms\\TMS-3SPAY\\services\\StatusLog.js] getLogsByTerminalId","timestamp":"2022-04-25T06:39:51.225Z"}
{"funcIdentifier":"1d1ff2e8-1ede-457f-98ad-959f17ddb663","input":{"params":{"id":"623c707b8dabc225281a2078"}},"level":"debug","refPath":"[E:\\work\\tms\\TMS-3SPAY\\services\\logs.js] getAllLogs","timestamp":"2022-04-25T06:39:53.798Z"}
{"funcIdentifier":"1d1ff2e8-1ede-457f-98ad-959f17ddb663","level":"warn","refPath":"[E:\\work\\tms\\TMS-3SPAY\\services\\logs.js] getAllLogs","timestamp":"2022-04-25T06:39:53.804Z","warning":"FILE_NOT_FOUND"}
{"funcIdentifier":"483fd5a9-0c1d-4eaa-a90e-a578bb8debfb","input":{"params":{"id":"623c707b8dabc225281a2078"}},"level":"debug","refPath":"[E:\\work\\tms\\TMS-3SPAY\\services\\StatusLog.js] getLogsByTerminalId","timestamp":"2022-04-25T06:39:56.126Z"}
{"funcIdentifier":"483fd5a9-0c1d-4eaa-a90e-a578bb8debfb","level":"debug","output":0,"refPath":"[E:\\work\\tms\\TMS-3SPAY\\services\\StatusLog.js] getLogsByTerminalId","timestamp":"2022-04-25T06:39:56.135Z"}
{"funcIdentifier":"39136b2e-b3b6-4e78-9568-908928619d1e","input":{"params":{"isParent":"true"}},"level":"debug","refPath":"[E:\\work\\tms\\TMS-3SPAY\\services\\group.js] getMerchantList","timestamp":"2022-04-25T06:40:03.974Z"}
{"funcIdentifier":"c20b9253-bf6f-4d44-8b94-5e994e246272","input":{"params":{}},"level":"debug","refPath":"[E:\\work\\tms\\TMS-3SPAY\\services\\terminal.js] getAllTerminals","timestamp":"2022-04-25T06:40:03.977Z"}
{"funcIdentifier":"c20b9253-bf6f-4d44-8b94-5e994e246272","level":"debug","output":0,"refPath":"[E:\\work\\tms\\TMS-3SPAY\\services\\terminal.js] getAllTerminals","timestamp":"2022-04-25T06:40:03.990Z"}
{"funcIdentifier":"39136b2e-b3b6-4e78-9568-908928619d1e","level":"debug","output":0,"refPath":"[E:\\work\\tms\\TMS-3SPAY\\services\\group.js] getMerchantList","timestamp":"2022-04-25T06:40:04.004Z"}
{"funcIdentifier":"2d8040e4-a80b-4725-9e42-9637931c93da","input":{},"level":"debug","refPath":"[E:\\work\\tms\\TMS-3SPAY\\services\\report.js] reportFilter","timestamp":"2022-04-25T06:49:02.934Z"}
{"funcIdentifier":"2d8040e4-a80b-4725-9e42-9637931c93da","level":"debug","output":0,"refPath":"[E:\\work\\tms\\TMS-3SPAY\\services\\report.js] reportFilter","timestamp":"2022-04-25T06:49:02.947Z"}
{"funcIdentifier":"008d373e-45ab-4444-84ac-7b71058852b2","input":{"params":{"data":{"appVersion":"","blVersion":"","city":"","createdAt":null,"group":"","lastCallDateEnd":null,"lastCallDateStart":null,"operatorName":"","serialNumber":"","status":"","subGroup":"","systemIdentifier":"","terminalModel":""}}},"level":"debug","refPath":"[E:\\work\\tms\\TMS-3SPAY\\services\\report.js] report","timestamp":"2022-04-25T06:49:05.217Z"}
{"funcIdentifier":"008d373e-45ab-4444-84ac-7b71058852b2","level":"debug","output":0,"refPath":"[E:\\work\\tms\\TMS-3SPAY\\services\\report.js] report","timestamp":"2022-04-25T06:49:05.227Z"}
{"funcIdentifier":"4c0e4ccc-1c5e-4ccd-b673-9f2221830a5a","input":{},"level":"debug","refPath":"[E:\\work\\tms\\TMS-3SPAY\\services\\report.js] reportFilter","timestamp":"2022-04-25T07:06:03.110Z"}
{"funcIdentifier":"4c0e4ccc-1c5e-4ccd-b673-9f2221830a5a","level":"debug","output":0,"refPath":"[E:\\work\\tms\\TMS-3SPAY\\services\\report.js] reportFilter","timestamp":"2022-04-25T07:06:03.122Z"}
{"funcIdentifier":"e510b6d0-7705-49ee-b432-a68be6909686","input":{},"level":"debug","refPath":"[E:\\work\\tms\\TMS-3SPAY\\services\\report.js] reportFilter","timestamp":"2022-04-25T07:06:09.621Z"}
{"funcIdentifier":"e510b6d0-7705-49ee-b432-a68be6909686","level":"debug","output":0,"refPath":"[E:\\work\\tms\\TMS-3SPAY\\services\\report.js] reportFilter","timestamp":"2022-04-25T07:06:09.633Z"}
{"funcIdentifier":"22602bd8-2054-4e23-8b8a-dde463a20cc6","input":{"params":{"HeartbeatTimer_Execution_Start":"25/04/22 12:39:49"}},"level":"debug","refPath":"[E:\\work\\tms\\TMS-3SPAY\\utils\\heartbeatTimer.js] heartBeatTimer","timestamp":"2022-04-25T07:09:49.305Z"}
{"funcIdentifier":"547f70e6-468a-4b62-adc3-9365521637ce","input":{"params":{"data":{"appVersion":"","blVersion":"","city":"","createdAt":null,"group":"","lastCallDateEnd":"2022-04-03T06:49:00.000Z","lastCallDateStart":"2022-04-28T07:06:00.000Z","operatorName":"","serialNumber":"","status":"","subGroup":"","systemIdentifier":"","terminalModel":""}}},"level":"debug","refPath":"[E:\\work\\tms\\TMS-3SPAY\\services\\report.js] report","timestamp":"2022-04-25T07:12:38.420Z"}
{"funcIdentifier":"547f70e6-468a-4b62-adc3-9365521637ce","level":"debug","output":0,"refPath":"[E:\\work\\tms\\TMS-3SPAY\\services\\report.js] report","timestamp":"2022-04-25T07:12:38.437Z"}
{"funcIdentifier":"66f8c2aa-b9fe-43cb-bc6c-ac07f92ff8c1","input":{"params":{"HeartbeatTimer_Execution_Start":"25/04/22 01:09:49"}},"level":"debug","refPath":"[E:\\work\\tms\\TMS-3SPAY\\utils\\heartbeatTimer.js] heartBeatTimer","timestamp":"2022-04-25T07:39:49.319Z"}
{"funcIdentifier":"f360463f-d460-4b1f-a85c-2bb110437621","input":{"params":{"HeartbeatTimer_Execution_Start":"25/04/22 01:39:49"}},"level":"debug","refPath":"[E:\\work\\tms\\TMS-3SPAY\\utils\\heartbeatTimer.js] heartBeatTimer","timestamp":"2022-04-25T08:09:49.319Z"}
{"funcIdentifier":"8de564dd-e088-4b2c-a12f-f1ecf9e5db62","input":{"params":{"HeartbeatTimer_Execution_Start":"25/04/22 02:09:49"}},"level":"debug","refPath":"[E:\\work\\tms\\TMS-3SPAY\\utils\\heartbeatTimer.js] heartBeatTimer","timestamp":"2022-04-25T08:39:49.331Z"}
{"funcIdentifier":"ec6d1beb-265a-4c2c-9698-06ab98ae3e35","input":{"params":{"HeartbeatTimer_Execution_Start":"25/04/22 02:39:49"}},"level":"debug","refPath":"[E:\\work\\tms\\TMS-3SPAY\\utils\\heartbeatTimer.js] heartBeatTimer","timestamp":"2022-04-25T09:09:49.339Z"}
{"funcIdentifier":"e3c0bafb-e9a0-4739-b8eb-6b8dbde6bbd2","input":{"params":{"HeartbeatTimer_Execution_Start":"25/04/22 03:49:47"}},"level":"debug","refPath":"[E:\\work\\tms\\TMS-3SPAY\\utils\\heartbeatTimer.js] heartBeatTimer","timestamp":"2022-04-25T10:19:47.960Z"}
{"funcIdentifier":"8deb7697-515b-454a-8842-82e9251e69b2","input":{"params":{"HeartbeatTimer_Execution_Start":"25/04/22 04:19:47"}},"level":"debug","refPath":"[E:\\work\\tms\\TMS-3SPAY\\utils\\heartbeatTimer.js] heartBeatTimer","timestamp":"2022-04-25T10:49:47.974Z"}
{"funcIdentifier":"aa07c0b0-1428-4fd5-8caf-97121ff0d44f","input":{"params":{"HeartbeatTimer_Execution_Start":"25/04/22 07:10:23"}},"level":"debug","refPath":"[E:\\work\\tms\\TMS-3SPAY\\utils\\heartbeatTimer.js] heartBeatTimer","timestamp":"2022-04-25T13:40:23.788Z"}
{"funcIdentifier":"631c4dc3-2437-4078-a7a3-eca0ce1412bd","input":{"params":{"HeartbeatTimer_Execution_Start":"25/04/22 09:38:23"}},"level":"debug","refPath":"[E:\\work\\tms\\TMS-3SPAY\\utils\\heartbeatTimer.js] heartBeatTimer","timestamp":"2022-04-25T16:08:23.550Z"}
{"funcIdentifier":"962e9614-c549-4e4d-b7bd-ff71d28d76e1","input":{"params":{"HeartbeatTimer_Execution_Start":"25/04/22 10:08:23"}},"level":"debug","refPath":"[E:\\work\\tms\\TMS-3SPAY\\utils\\heartbeatTimer.js] heartBeatTimer","timestamp":"2022-04-25T16:38:23.560Z"}
{"funcIdentifier":"40862d50-b6ed-445c-9228-711ab6f4c284","input":{"params":{"HeartbeatTimer_Execution_Start":"25/04/22 10:38:23"}},"level":"debug","refPath":"[E:\\work\\tms\\TMS-3SPAY\\utils\\heartbeatTimer.js] heartBeatTimer","timestamp":"2022-04-25T17:08:23.568Z"}
{"funcIdentifier":"c14ed7ff-1b2b-442a-aaf8-d51acaaecda6","input":{"params":{"HeartbeatTimer_Execution_Start":"25/04/22 11:08:24"}},"level":"debug","refPath":"[E:\\work\\tms\\TMS-3SPAY\\utils\\heartbeatTimer.js] heartBeatTimer","timestamp":"2022-04-25T17:38:24.719Z"}
{"funcIdentifier":"f99fe7fc-2b8e-4e27-aa86-a9d06ba4311a","input":{"params":{"HeartbeatTimer_Execution_Start":"25/04/22 11:38:24"}},"level":"debug","refPath":"[E:\\work\\tms\\TMS-3SPAY\\utils\\heartbeatTimer.js] heartBeatTimer","timestamp":"2022-04-25T18:08:24.728Z"}
