{"funcIdentifier":"19eef032-514a-41f6-b65a-a0034882e38b","input":{"params":{"HeartbeatTimer_Execution_Start":"07/04/22 12:23:45"}},"level":"debug","refPath":"[E:\\work\\tms\\TMS-3SPAY\\utils\\heartbeatTimer.js] heartBeatTimer","timestamp":"2022-04-06T18:53:45.276Z"}
{"funcIdentifier":"89ef779e-4fe0-4695-bfb6-5d838f881753","input":{"params":{"HeartbeatTimer_Execution_Start":"07/04/22 12:53:45"}},"level":"debug","refPath":"[E:\\work\\tms\\TMS-3SPAY\\utils\\heartbeatTimer.js] heartBeatTimer","timestamp":"2022-04-06T19:23:45.285Z"}
{"funcIdentifier":"54deafb9-2d16-47a3-b26e-ffee63bc421a","input":{"params":{"HeartbeatTimer_Execution_Start":"07/04/22 01:23:45"}},"level":"debug","refPath":"[E:\\work\\tms\\TMS-3SPAY\\utils\\heartbeatTimer.js] heartBeatTimer","timestamp":"2022-04-06T19:53:45.298Z"}
{"funcIdentifier":"d525dca4-2ebd-437b-badb-c355d62828f2","input":{"params":{"HeartbeatTimer_Execution_Start":"07/04/22 01:53:45"}},"level":"debug","refPath":"[E:\\work\\tms\\TMS-3SPAY\\utils\\heartbeatTimer.js] heartBeatTimer","timestamp":"2022-04-06T20:23:45.298Z"}
{"funcIdentifier":"fa083f18-14b6-4515-b570-f456f1681e1a","input":{"params":{"role":"admin"}},"level":"debug","refPath":"[E:\\work\\tms\\TMS-3SPAY\\services\\permission.js] getPermissionByRole","timestamp":"2022-04-06T20:24:49.212Z"}
{"funcIdentifier":"fa083f18-14b6-4515-b570-f456f1681e1a","level":"debug","output":0,"refPath":"[E:\\work\\tms\\TMS-3SPAY\\services\\permission.js] getPermissionByRole","timestamp":"2022-04-06T20:24:49.244Z"}
{"funcIdentifier":"62caaae9-7b37-489a-91d0-bec743c9afec","input":{"params":{"role":"admin"}},"level":"debug","refPath":"[E:\\work\\tms\\TMS-3SPAY\\services\\permission.js] getPermissionByRole","timestamp":"2022-04-06T20:24:54.535Z"}
{"funcIdentifier":"62caaae9-7b37-489a-91d0-bec743c9afec","level":"debug","output":0,"refPath":"[E:\\work\\tms\\TMS-3SPAY\\services\\permission.js] getPermissionByRole","timestamp":"2022-04-06T20:24:54.541Z"}
{"funcIdentifier":"2fb3ead1-dc52-424a-adc6-61104f63a620","input":{"params":{}},"level":"debug","refPath":"[E:\\work\\tms\\TMS-3SPAY\\services\\terminal.js] getAllTerminals","timestamp":"2022-04-06T20:24:54.870Z"}
{"funcIdentifier":"2fb3ead1-dc52-424a-adc6-61104f63a620","level":"debug","output":0,"refPath":"[E:\\work\\tms\\TMS-3SPAY\\services\\terminal.js] getAllTerminals","timestamp":"2022-04-06T20:24:54.881Z"}
{"funcIdentifier":"7366ae3c-065e-47e5-9fac-4c488d8c6e2e","input":{"params":{"isParent":"true"}},"level":"debug","refPath":"[E:\\work\\tms\\TMS-3SPAY\\services\\group.js] getMerchantList","timestamp":"2022-04-06T20:24:54.904Z"}
{"funcIdentifier":"7366ae3c-065e-47e5-9fac-4c488d8c6e2e","level":"debug","output":0,"refPath":"[E:\\work\\tms\\TMS-3SPAY\\services\\group.js] getMerchantList","timestamp":"2022-04-06T20:24:54.946Z"}
{"funcIdentifier":"10e297f1-c0b3-4029-8248-081f1d23d188","input":{"params":{"data":{"isParent":true}}},"level":"debug","refPath":"[E:\\work\\tms\\TMS-3SPAY\\services\\dashboard.js] dashboard","timestamp":"2022-04-06T20:25:01.565Z"}
{"funcIdentifier":"10e297f1-c0b3-4029-8248-081f1d23d188","level":"debug","output":0,"refPath":"[E:\\work\\tms\\TMS-3SPAY\\services\\dashboard.js] dashboard","timestamp":"2022-04-06T20:25:01.611Z"}
{"funcIdentifier":"dbf3f725-67dd-47ac-972e-e565cc8e8291","input":{"params":{"isParent":"true"}},"level":"debug","refPath":"[E:\\work\\tms\\TMS-3SPAY\\services\\group.js] getMerchantList","timestamp":"2022-04-06T20:49:39.564Z"}
{"funcIdentifier":"394818fc-765a-480a-9f76-9376d568cf39","input":{"params":{}},"level":"debug","refPath":"[E:\\work\\tms\\TMS-3SPAY\\services\\terminal.js] getAllTerminals","timestamp":"2022-04-06T20:49:39.570Z"}
{"funcIdentifier":"394818fc-765a-480a-9f76-9376d568cf39","level":"debug","output":0,"refPath":"[E:\\work\\tms\\TMS-3SPAY\\services\\terminal.js] getAllTerminals","timestamp":"2022-04-06T20:49:39.586Z"}
{"funcIdentifier":"dbf3f725-67dd-47ac-972e-e565cc8e8291","level":"debug","output":0,"refPath":"[E:\\work\\tms\\TMS-3SPAY\\services\\group.js] getMerchantList","timestamp":"2022-04-06T20:49:39.613Z"}
{"funcIdentifier":"c36ed62a-7606-48a0-b3e9-8c02398f1ec7","input":{},"level":"debug","refPath":"[E:\\work\\tms\\TMS-3SPAY\\services\\report.js] reportFilter","timestamp":"2022-04-06T20:49:49.970Z"}
{"funcIdentifier":"c36ed62a-7606-48a0-b3e9-8c02398f1ec7","level":"debug","output":0,"refPath":"[E:\\work\\tms\\TMS-3SPAY\\services\\report.js] reportFilter","timestamp":"2022-04-06T20:49:49.999Z"}
{"funcIdentifier":"3951334e-bdb7-463d-ac05-71a172a093a7","input":{},"level":"debug","refPath":"[E:\\work\\tms\\TMS-3SPAY\\services\\fileStore.js] getFileStoreList","timestamp":"2022-04-06T20:49:57.316Z"}
{"funcIdentifier":"3951334e-bdb7-463d-ac05-71a172a093a7","level":"debug","output":0,"refPath":"[E:\\work\\tms\\TMS-3SPAY\\services\\fileStore.js] getFileStoreList","timestamp":"2022-04-06T20:49:57.330Z"}
{"funcIdentifier":"77e9ad29-5389-40a3-b606-94b897523cd9","input":{},"level":"debug","refPath":"[E:\\work\\tms\\TMS-3SPAY\\services\\Application.js] getAllApplication","timestamp":"2022-04-06T20:50:03.243Z"}
{"funcIdentifier":"77e9ad29-5389-40a3-b606-94b897523cd9","level":"debug","output":0,"refPath":"[E:\\work\\tms\\TMS-3SPAY\\services\\Application.js] getAllApplication","timestamp":"2022-04-06T20:50:03.254Z"}
{"funcIdentifier":"b213130d-3fa8-45ce-8d2e-41e748c4ee26","input":{},"level":"debug","refPath":"[E:\\work\\tms\\TMS-3SPAY\\services\\fileStore.js] getFileStoreList","timestamp":"2022-04-06T20:50:08.684Z"}
{"funcIdentifier":"ef6b7970-64f6-4468-a210-a5b671ee3e21","input":{},"level":"debug","refPath":"[E:\\work\\tms\\TMS-3SPAY\\services\\terminal.js] terminalSerialDetail","timestamp":"2022-04-06T20:50:08.690Z"}
{"funcIdentifier":"12de3e0a-de3e-47aa-a062-15875159aa67","input":{"params":{"isParent":"true"}},"level":"debug","refPath":"[E:\\work\\tms\\TMS-3SPAY\\services\\group.js] getMerchantList","timestamp":"2022-04-06T20:50:08.695Z"}
{"funcIdentifier":"ef6b7970-64f6-4468-a210-a5b671ee3e21","level":"debug","output":0,"refPath":"[E:\\work\\tms\\TMS-3SPAY\\services\\terminal.js] terminalSerialDetail","timestamp":"2022-04-06T20:50:08.711Z"}
{"funcIdentifier":"12de3e0a-de3e-47aa-a062-15875159aa67","level":"debug","output":0,"refPath":"[E:\\work\\tms\\TMS-3SPAY\\services\\group.js] getMerchantList","timestamp":"2022-04-06T20:50:08.815Z"}
{"funcIdentifier":"b213130d-3fa8-45ce-8d2e-41e748c4ee26","level":"debug","output":0,"refPath":"[E:\\work\\tms\\TMS-3SPAY\\services\\fileStore.js] getFileStoreList","timestamp":"2022-04-06T20:50:08.920Z"}
{"funcIdentifier":"d3f071f8-30eb-4510-bc5d-618c398bcb6a","input":{"params":{"_id":"62273e02b1609533741e97da"}},"level":"debug","refPath":"[E:\\work\\tms\\TMS-3SPAY\\services\\group.js] getMerchantById","timestamp":"2022-04-06T20:50:09.175Z"}
{"funcIdentifier":"d3f071f8-30eb-4510-bc5d-618c398bcb6a","level":"debug","output":0,"refPath":"[E:\\work\\tms\\TMS-3SPAY\\services\\group.js] getMerchantById","timestamp":"2022-04-06T20:50:09.186Z"}
{"funcIdentifier":"27791199-8cb1-494e-95a9-e74a5e068a51","input":{"params":{"_id":"61d699c944a2de45c46fa9f2"}},"level":"debug","refPath":"[E:\\work\\tms\\TMS-3SPAY\\services\\group.js] getMerchantById","timestamp":"2022-04-06T20:50:13.136Z"}
{"funcIdentifier":"27791199-8cb1-494e-95a9-e74a5e068a51","level":"debug","output":0,"refPath":"[E:\\work\\tms\\TMS-3SPAY\\services\\group.js] getMerchantById","timestamp":"2022-04-06T20:50:13.143Z"}
{"funcIdentifier":"e15b82a2-360e-4674-b674-100b070ab1a4","input":{"params":{"_id":"61d71b332757ad28c0489ae9"}},"level":"debug","refPath":"[E:\\work\\tms\\TMS-3SPAY\\services\\group.js] getMerchantById","timestamp":"2022-04-06T20:50:15.571Z"}
{"funcIdentifier":"e15b82a2-360e-4674-b674-100b070ab1a4","level":"debug","output":0,"refPath":"[E:\\work\\tms\\TMS-3SPAY\\services\\group.js] getMerchantById","timestamp":"2022-04-06T20:50:15.577Z"}
{"funcIdentifier":"bf152299-d09a-4884-ae4f-d7a3f6416325","input":{"params":{"_id":"61d699c944a2de45c46fa9f2"}},"level":"debug","refPath":"[E:\\work\\tms\\TMS-3SPAY\\services\\group.js] getMerchantById","timestamp":"2022-04-06T20:50:16.887Z"}
{"funcIdentifier":"bf152299-d09a-4884-ae4f-d7a3f6416325","level":"debug","output":0,"refPath":"[E:\\work\\tms\\TMS-3SPAY\\services\\group.js] getMerchantById","timestamp":"2022-04-06T20:50:16.895Z"}
{"funcIdentifier":"3dca69f5-bb1b-4798-9996-7eedc3764dd6","input":{"params":{"_id":"61d699c944a2de45c46fa9f2","data":{"city":"","country":"","groupType":"bank","merchantName":"bank A","parameterFile":"","state":"","streetAddress":"","terminal":["623c6dd7d033a9060c7c185b","623c70258dabc225281a2064","623c70258dabc225281a2065"]},"terminal":["623c6dd7d033a9060c7c185b","623c70258dabc225281a2064","623c70258dabc225281a2065"],"user":{"name":"User"}}},"level":"debug","refPath":"[E:\\work\\tms\\TMS-3SPAY\\services\\group.js] update","timestamp":"2022-04-06T20:50:35.152Z"}
{"funcIdentifier":"81f0bb59-bbbf-4618-a719-84c248108c8b","input":{"params":{"action":"GROUP_UPDATE","terminals":"bank A","user":"User"}},"level":"debug","refPath":"[E:\\work\\tms\\TMS-3SPAY\\services\\StatusLog.js] logDetail","timestamp":"2022-04-06T20:50:35.196Z"}
{"funcIdentifier":"3dca69f5-bb1b-4798-9996-7eedc3764dd6","level":"debug","output":0,"refPath":"[E:\\work\\tms\\TMS-3SPAY\\services\\group.js] update","timestamp":"2022-04-06T20:50:35.209Z"}
{"funcIdentifier":"81f0bb59-bbbf-4618-a719-84c248108c8b","level":"debug","output":0,"refPath":"[E:\\work\\tms\\TMS-3SPAY\\services\\StatusLog.js] logDetail","timestamp":"2022-04-06T20:50:35.261Z"}
{"funcIdentifier":"5ba70b9e-e9bb-4dfe-ab4f-ddd4373fcb93","input":{"params":{"isParent":"true"}},"level":"debug","refPath":"[E:\\work\\tms\\TMS-3SPAY\\services\\group.js] getMerchantList","timestamp":"2022-04-06T20:50:35.293Z"}
{"funcIdentifier":"5ba70b9e-e9bb-4dfe-ab4f-ddd4373fcb93","level":"debug","output":0,"refPath":"[E:\\work\\tms\\TMS-3SPAY\\services\\group.js] getMerchantList","timestamp":"2022-04-06T20:50:35.320Z"}
{"funcIdentifier":"5d776c6e-13ce-4901-92ac-664b508b6596","input":{"params":{"_id":"61d699c944a2de45c46fa9f2"}},"level":"debug","refPath":"[E:\\work\\tms\\TMS-3SPAY\\services\\group.js] getMerchantById","timestamp":"2022-04-06T20:50:35.341Z"}
{"funcIdentifier":"5d776c6e-13ce-4901-92ac-664b508b6596","level":"debug","output":0,"refPath":"[E:\\work\\tms\\TMS-3SPAY\\services\\group.js] getMerchantById","timestamp":"2022-04-06T20:50:35.356Z"}
{"funcIdentifier":"e0cd86a8-4b95-4537-b586-3a92a992dbc4","input":{"params":{"_id":"62273e02b1609533741e97da"}},"level":"debug","refPath":"[E:\\work\\tms\\TMS-3SPAY\\services\\group.js] getMerchantById","timestamp":"2022-04-06T20:50:35.431Z"}
{"funcIdentifier":"e0cd86a8-4b95-4537-b586-3a92a992dbc4","level":"debug","output":0,"refPath":"[E:\\work\\tms\\TMS-3SPAY\\services\\group.js] getMerchantById","timestamp":"2022-04-06T20:50:35.439Z"}
{"funcIdentifier":"f1af3105-afc8-4a1e-bc31-20f7a280e44a","input":{"params":{"_id":"61d699c944a2de45c46fa9f2"}},"level":"debug","refPath":"[E:\\work\\tms\\TMS-3SPAY\\services\\group.js] getMerchantById","timestamp":"2022-04-06T20:50:38.150Z"}
{"funcIdentifier":"f1af3105-afc8-4a1e-bc31-20f7a280e44a","level":"debug","output":0,"refPath":"[E:\\work\\tms\\TMS-3SPAY\\services\\group.js] getMerchantById","timestamp":"2022-04-06T20:50:38.168Z"}
{"funcIdentifier":"005a90a8-1427-421c-95c2-7d21531e9fe5","input":{"params":{"_id":"61d71b332757ad28c0489ae9"}},"level":"debug","refPath":"[E:\\work\\tms\\TMS-3SPAY\\services\\group.js] getMerchantById","timestamp":"2022-04-06T20:50:42.158Z"}
{"funcIdentifier":"005a90a8-1427-421c-95c2-7d21531e9fe5","level":"debug","output":0,"refPath":"[E:\\work\\tms\\TMS-3SPAY\\services\\group.js] getMerchantById","timestamp":"2022-04-06T20:50:42.164Z"}
{"funcIdentifier":"ae26229a-8e1b-427d-ac15-c97af64f70c9","input":{"params":{"_id":"61d699c944a2de45c46fa9f2"}},"level":"debug","refPath":"[E:\\work\\tms\\TMS-3SPAY\\services\\group.js] getMerchantById","timestamp":"2022-04-06T20:50:47.706Z"}
{"funcIdentifier":"ae26229a-8e1b-427d-ac15-c97af64f70c9","level":"debug","output":0,"refPath":"[E:\\work\\tms\\TMS-3SPAY\\services\\group.js] getMerchantById","timestamp":"2022-04-06T20:50:47.720Z"}
{"funcIdentifier":"6c5f9532-30c9-4886-8d30-fafea45fcb4e","input":{},"level":"debug","refPath":"[E:\\work\\tms\\TMS-3SPAY\\services\\Application.js] getAllApplication","timestamp":"2022-04-06T20:50:55.597Z"}
{"funcIdentifier":"6c5f9532-30c9-4886-8d30-fafea45fcb4e","level":"debug","output":0,"refPath":"[E:\\work\\tms\\TMS-3SPAY\\services\\Application.js] getAllApplication","timestamp":"2022-04-06T20:50:55.607Z"}
{"funcIdentifier":"decb8d7b-bb6d-488b-8ee8-cefdf34d56be","input":{},"level":"debug","refPath":"[E:\\work\\tms\\TMS-3SPAY\\services\\callSetting.js] CallScheduledList","timestamp":"2022-04-06T20:50:55.651Z"}
{"funcIdentifier":"decb8d7b-bb6d-488b-8ee8-cefdf34d56be","level":"debug","output":0,"refPath":"[E:\\work\\tms\\TMS-3SPAY\\services\\callSetting.js] CallScheduledList","timestamp":"2022-04-06T20:50:55.755Z"}
{"funcIdentifier":"2222d740-1d93-49e9-a401-0e06ca766768","input":{},"level":"debug","refPath":"[E:\\work\\tms\\TMS-3SPAY\\services\\transaction.js] getAllTransactions","timestamp":"2022-04-06T20:51:08.275Z"}
{"funcIdentifier":"2222d740-1d93-49e9-a401-0e06ca766768","level":"debug","output":0,"refPath":"[E:\\work\\tms\\TMS-3SPAY\\services\\transaction.js] getAllTransactions","timestamp":"2022-04-06T20:51:08.306Z"}
{"funcIdentifier":"569a4b29-a426-4b76-ab3a-3f8d4f0a377b","input":{"params":{"user":{"name":"User"}}},"level":"debug","refPath":"[E:\\work\\tms\\TMS-3SPAY\\services\\StatusLog.js] getLogsByUser","timestamp":"2022-04-06T20:51:23.041Z"}
{"funcIdentifier":"569a4b29-a426-4b76-ab3a-3f8d4f0a377b","level":"debug","output":0,"refPath":"[E:\\work\\tms\\TMS-3SPAY\\services\\StatusLog.js] getLogsByUser","timestamp":"2022-04-06T20:51:23.062Z"}
{"funcIdentifier":"d5d22f79-ccea-4089-b6c2-8ab17720e73f","input":{"params":{}},"level":"debug","refPath":"[E:\\work\\tms\\TMS-3SPAY\\services\\terminal.js] getAllTerminals","timestamp":"2022-04-06T20:51:32.656Z"}
{"funcIdentifier":"3a46be56-1b40-4ea9-945c-6897f3bd1b2f","input":{"params":{"isParent":"true"}},"level":"debug","refPath":"[E:\\work\\tms\\TMS-3SPAY\\services\\group.js] getMerchantList","timestamp":"2022-04-06T20:51:32.660Z"}
{"funcIdentifier":"d5d22f79-ccea-4089-b6c2-8ab17720e73f","level":"debug","output":0,"refPath":"[E:\\work\\tms\\TMS-3SPAY\\services\\terminal.js] getAllTerminals","timestamp":"2022-04-06T20:51:32.670Z"}
{"funcIdentifier":"3a46be56-1b40-4ea9-945c-6897f3bd1b2f","level":"debug","output":0,"refPath":"[E:\\work\\tms\\TMS-3SPAY\\services\\group.js] getMerchantList","timestamp":"2022-04-06T20:51:32.696Z"}
{"funcIdentifier":"04cad6d5-a871-449c-be15-906db7c41bba","input":{"params":{"HeartbeatTimer_Execution_Start":"07/04/22 02:23:45"}},"level":"debug","refPath":"[E:\\work\\tms\\TMS-3SPAY\\utils\\heartbeatTimer.js] heartBeatTimer","timestamp":"2022-04-06T20:53:45.301Z"}
{"funcIdentifier":"0bbe3166-bc4a-4f14-b5ff-2876ae1c602b","input":{},"level":"debug","refPath":"[E:\\work\\tms\\TMS-3SPAY\\services\\report.js] reportFilter","timestamp":"2022-04-06T21:03:33.542Z"}
{"funcIdentifier":"0bbe3166-bc4a-4f14-b5ff-2876ae1c602b","level":"debug","output":0,"refPath":"[E:\\work\\tms\\TMS-3SPAY\\services\\report.js] reportFilter","timestamp":"2022-04-06T21:03:33.556Z"}
{"funcIdentifier":"33ffd61a-fe04-457a-a545-37aba4439349","input":{"params":{"data":{"appVersion":"","blVersion":"","city":"","createdAt":null,"group":"","lastCallDateEnd":null,"lastCallDateStart":null,"operatorName":"","serialNumber":"","status":"","subGroup":"","systemIdentifier":"","terminalModel":""}}},"level":"debug","refPath":"[E:\\work\\tms\\TMS-3SPAY\\services\\report.js] report","timestamp":"2022-04-06T21:03:37.533Z"}
{"funcIdentifier":"33ffd61a-fe04-457a-a545-37aba4439349","level":"debug","output":0,"refPath":"[E:\\work\\tms\\TMS-3SPAY\\services\\report.js] report","timestamp":"2022-04-06T21:03:37.541Z"}
{"funcIdentifier":"b51c99a6-fea8-4ee3-b4b2-d16090ffff58","input":{"params":{"data":{"appVersion":"","blVersion":"","city":"","createdAt":null,"group":"","lastCallDateEnd":null,"lastCallDateStart":null,"operatorName":"","serialNumber":"","status":"","subGroup":"","systemIdentifier":"","terminalModel":""}}},"level":"debug","refPath":"[E:\\work\\tms\\TMS-3SPAY\\services\\report.js] report","timestamp":"2022-04-06T21:04:06.250Z"}
{"funcIdentifier":"b51c99a6-fea8-4ee3-b4b2-d16090ffff58","level":"debug","output":0,"refPath":"[E:\\work\\tms\\TMS-3SPAY\\services\\report.js] report","timestamp":"2022-04-06T21:04:06.256Z"}
{"funcIdentifier":"cea8f608-c19c-4739-a204-4563af608f79","input":{},"level":"debug","refPath":"[E:\\work\\tms\\TMS-3SPAY\\services\\fileStore.js] getFileStoreList","timestamp":"2022-04-06T21:09:30.017Z"}
{"funcIdentifier":"cea8f608-c19c-4739-a204-4563af608f79","level":"debug","output":0,"refPath":"[E:\\work\\tms\\TMS-3SPAY\\services\\fileStore.js] getFileStoreList","timestamp":"2022-04-06T21:09:30.025Z"}
{"funcIdentifier":"cc762618-ac8c-4639-a569-e553518c9ad8","input":{},"level":"debug","refPath":"[E:\\work\\tms\\TMS-3SPAY\\services\\Application.js] getAllApplication","timestamp":"2022-04-06T21:13:55.738Z"}
{"funcIdentifier":"cc762618-ac8c-4639-a569-e553518c9ad8","level":"debug","output":0,"refPath":"[E:\\work\\tms\\TMS-3SPAY\\services\\Application.js] getAllApplication","timestamp":"2022-04-06T21:13:55.744Z"}
{"funcIdentifier":"d7710167-14bd-492f-a9be-2cf1895bb01c","input":{"params":{"HeartbeatTimer_Execution_Start":"07/04/22 02:53:45"}},"level":"debug","refPath":"[E:\\work\\tms\\TMS-3SPAY\\utils\\heartbeatTimer.js] heartBeatTimer","timestamp":"2022-04-06T21:23:45.314Z"}
{"funcIdentifier":"db8fc9e7-12e5-4202-a5f5-be506f8c5cbd","input":{"params":{"HeartbeatTimer_Execution_Start":"07/04/22 03:23:45"}},"level":"debug","refPath":"[E:\\work\\tms\\TMS-3SPAY\\utils\\heartbeatTimer.js] heartBeatTimer","timestamp":"2022-04-06T21:53:45.327Z"}
{"funcIdentifier":"6290c296-103f-4c91-8f5b-3874c83eb305","input":{"params":{"HeartbeatTimer_Execution_Start":"07/04/22 06:40:05"}},"level":"debug","refPath":"[E:\\work\\tms\\TMS-3SPAY\\utils\\heartbeatTimer.js] heartBeatTimer","timestamp":"2022-04-07T01:10:05.953Z"}
{"funcIdentifier":"13c7b229-126d-47f7-8b14-972cf1484ce1","input":{"params":{"HeartbeatTimer_Execution_Start":"07/04/22 11:19:40"}},"level":"debug","refPath":"[E:\\work\\tms\\TMS-3SPAY\\utils\\heartbeatTimer.js] heartBeatTimer","timestamp":"2022-04-07T05:49:40.639Z"}
{"funcIdentifier":"edbbe45e-1c84-471e-ba9e-6f91ced0dab0","input":{"params":{"HeartbeatTimer_Execution_Start":"07/04/22 11:49:42"}},"level":"debug","refPath":"[E:\\work\\tms\\TMS-3SPAY\\utils\\heartbeatTimer.js] heartBeatTimer","timestamp":"2022-04-07T06:19:42.880Z"}
{"funcIdentifier":"6decb483-fd25-4714-b2cc-0fce1a8f9e70","input":{"params":{"HeartbeatTimer_Execution_Start":"07/04/22 12:19:42"}},"level":"debug","refPath":"[E:\\work\\tms\\TMS-3SPAY\\utils\\heartbeatTimer.js] heartBeatTimer","timestamp":"2022-04-07T06:49:42.887Z"}
{"funcIdentifier":"f25b43a7-d560-4de7-8896-e490337f7e80","input":{"params":{"HeartbeatTimer_Execution_Start":"07/04/22 12:49:42"}},"level":"debug","refPath":"[E:\\work\\tms\\TMS-3SPAY\\utils\\heartbeatTimer.js] heartBeatTimer","timestamp":"2022-04-07T07:19:42.892Z"}
{"funcIdentifier":"b88bf6aa-3dc9-4404-9747-7c30fc35ebf0","input":{"params":{"HeartbeatTimer_Execution_Start":"07/04/22 01:19:42"}},"level":"debug","refPath":"[E:\\work\\tms\\TMS-3SPAY\\utils\\heartbeatTimer.js] heartBeatTimer","timestamp":"2022-04-07T07:49:42.904Z"}
{"funcIdentifier":"228369f8-2312-4e7e-9fb7-a5f47db8c0f0","input":{"params":{"HeartbeatTimer_Execution_Start":"07/04/22 01:49:42"}},"level":"debug","refPath":"[E:\\work\\tms\\TMS-3SPAY\\utils\\heartbeatTimer.js] heartBeatTimer","timestamp":"2022-04-07T08:19:42.910Z"}
{"funcIdentifier":"f9762ad6-6286-44dd-b921-445918349816","input":{"params":{"HeartbeatTimer_Execution_Start":"07/04/22 02:19:42"}},"level":"debug","refPath":"[E:\\work\\tms\\TMS-3SPAY\\utils\\heartbeatTimer.js] heartBeatTimer","timestamp":"2022-04-07T08:49:42.878Z"}
{"funcIdentifier":"91235ea5-4814-4b33-9f51-19e9d00742b8","input":{"params":{"HeartbeatTimer_Execution_Start":"07/04/22 02:49:42"}},"level":"debug","refPath":"[E:\\work\\tms\\TMS-3SPAY\\utils\\heartbeatTimer.js] heartBeatTimer","timestamp":"2022-04-07T09:19:42.879Z"}
{"funcIdentifier":"f84ab8ae-2486-4ddc-8af3-ae5829b055c6","input":{"params":{"HeartbeatTimer_Execution_Start":"07/04/22 03:19:42"}},"level":"debug","refPath":"[E:\\work\\tms\\TMS-3SPAY\\utils\\heartbeatTimer.js] heartBeatTimer","timestamp":"2022-04-07T09:49:42.881Z"}
{"funcIdentifier":"0ab4c6fb-eb5b-4505-83a5-de93d4d32d31","input":{"params":{"HeartbeatTimer_Execution_Start":"07/04/22 03:49:42"}},"level":"debug","refPath":"[E:\\work\\tms\\TMS-3SPAY\\utils\\heartbeatTimer.js] heartBeatTimer","timestamp":"2022-04-07T10:19:42.893Z"}
{"funcIdentifier":"df4ca1b2-59e6-4dcd-aba6-979e7e42e065","input":{"params":{"HeartbeatTimer_Execution_Start":"07/04/22 05:41:27"}},"level":"debug","refPath":"[E:\\work\\tms\\TMS-3SPAY\\utils\\heartbeatTimer.js] heartBeatTimer","timestamp":"2022-04-07T12:11:28.568Z"}
{"funcIdentifier":"796c3929-baee-46e8-bd22-ca7f299c60ee","input":{"params":{"HeartbeatTimer_Execution_Start":"07/04/22 06:11:27"}},"level":"debug","refPath":"[E:\\work\\tms\\TMS-3SPAY\\utils\\heartbeatTimer.js] heartBeatTimer","timestamp":"2022-04-07T12:41:27.546Z"}
{"funcIdentifier":"68015775-f561-4420-af43-643e2fa5c6ac","input":{"params":{"HeartbeatTimer_Execution_Start":"07/04/22 07:10:34"}},"level":"debug","refPath":"[E:\\work\\tms\\TMS-3SPAY\\utils\\heartbeatTimer.js] heartBeatTimer","timestamp":"2022-04-07T13:40:34.802Z"}
{"funcIdentifier":"e0f442d5-c54e-4615-a62f-6b48216a2a81","input":{"params":{"HeartbeatTimer_Execution_Start":"07/04/22 07:40:34"}},"level":"debug","refPath":"[E:\\work\\tms\\TMS-3SPAY\\utils\\heartbeatTimer.js] heartBeatTimer","timestamp":"2022-04-07T14:10:34.225Z"}
{"funcIdentifier":"58b48500-8f2c-4355-92b8-cb8566452e8d","input":{"params":{"HeartbeatTimer_Execution_Start":"07/04/22 08:10:34"}},"level":"debug","refPath":"[E:\\work\\tms\\TMS-3SPAY\\utils\\heartbeatTimer.js] heartBeatTimer","timestamp":"2022-04-07T14:40:34.235Z"}
{"funcIdentifier":"1b2ea856-440e-4f6b-b748-388bd98002b0","input":{"params":{"HeartbeatTimer_Execution_Start":"07/04/22 11:05:53"}},"level":"debug","refPath":"[E:\\work\\tms\\TMS-3SPAY\\utils\\heartbeatTimer.js] heartBeatTimer","timestamp":"2022-04-07T17:35:53.396Z"}
{"funcIdentifier":"ce1d0ff7-c8bb-4b3c-9d28-2c799ee525dd","input":{},"level":"debug","refPath":"[E:\\work\\tms\\TMS-3SPAY\\services\\Application.js] getAllApplication","timestamp":"2022-04-07T17:55:21.405Z"}
{"funcIdentifier":"ce1d0ff7-c8bb-4b3c-9d28-2c799ee525dd","level":"debug","output":0,"refPath":"[E:\\work\\tms\\TMS-3SPAY\\services\\Application.js] getAllApplication","timestamp":"2022-04-07T17:55:21.443Z"}
{"funcIdentifier":"99b3c896-727e-4d71-a505-4d4fe3730f47","input":{"params":{"role":"admin"}},"level":"debug","refPath":"[E:\\work\\tms\\TMS-3SPAY\\services\\permission.js] getPermissionByRole","timestamp":"2022-04-07T17:55:21.681Z"}
{"funcIdentifier":"99b3c896-727e-4d71-a505-4d4fe3730f47","level":"debug","output":0,"refPath":"[E:\\work\\tms\\TMS-3SPAY\\services\\permission.js] getPermissionByRole","timestamp":"2022-04-07T17:55:21.705Z"}
{"funcIdentifier":"2ef5e533-1fe9-4895-b4c9-4bf7c2061cdb","input":{},"level":"debug","refPath":"[E:\\work\\tms\\TMS-3SPAY\\services\\Application.js] getAllApplication","timestamp":"2022-04-07T17:55:36.614Z"}
{"funcIdentifier":"2ef5e533-1fe9-4895-b4c9-4bf7c2061cdb","level":"debug","output":0,"refPath":"[E:\\work\\tms\\TMS-3SPAY\\services\\Application.js] getAllApplication","timestamp":"2022-04-07T17:55:36.622Z"}
{"funcIdentifier":"4c551de6-09bd-4d0f-8cf0-02c00a93663b","input":{},"level":"debug","refPath":"[E:\\work\\tms\\TMS-3SPAY\\services\\callSetting.js] CallScheduledList","timestamp":"2022-04-07T17:55:36.640Z"}
{"funcIdentifier":"4c551de6-09bd-4d0f-8cf0-02c00a93663b","level":"debug","output":0,"refPath":"[E:\\work\\tms\\TMS-3SPAY\\services\\callSetting.js] CallScheduledList","timestamp":"2022-04-07T17:55:36.671Z"}
{"funcIdentifier":"ddf195cc-c84f-4879-a76a-8145d2ed5db4","input":{"params":{"isParent":"true"}},"level":"debug","refPath":"[E:\\work\\tms\\TMS-3SPAY\\services\\group.js] getMerchantList","timestamp":"2022-04-07T17:55:50.628Z"}
{"funcIdentifier":"ddf195cc-c84f-4879-a76a-8145d2ed5db4","level":"debug","output":0,"refPath":"[E:\\work\\tms\\TMS-3SPAY\\services\\group.js] getMerchantList","timestamp":"2022-04-07T17:55:50.666Z"}
{"funcIdentifier":"af928d81-d2e2-4bb5-94da-e897455fd3f8","input":{"params":{"isParent":"true"}},"level":"debug","refPath":"[E:\\work\\tms\\TMS-3SPAY\\services\\group.js] getMerchantList","timestamp":"2022-04-07T18:04:43.277Z"}
{"funcIdentifier":"af928d81-d2e2-4bb5-94da-e897455fd3f8","level":"debug","output":0,"refPath":"[E:\\work\\tms\\TMS-3SPAY\\services\\group.js] getMerchantList","timestamp":"2022-04-07T18:04:43.296Z"}
{"funcIdentifier":"5c3a13b5-98cd-47f1-8652-b10edf41e917","input":{"params":{"HeartbeatTimer_Execution_Start":"07/04/22 11:35:53"}},"level":"debug","refPath":"[E:\\work\\tms\\TMS-3SPAY\\utils\\heartbeatTimer.js] heartBeatTimer","timestamp":"2022-04-07T18:05:53.406Z"}
{"funcIdentifier":"29571737-b1aa-4d1e-b79b-033d29c9a8c8","input":{"params":{"date":"070422","rangeEnd":"112231","rangeStart":"112211","type":["maintainerPassword","superPassword"]}},"level":"debug","refPath":"[E:\\work\\tms\\TMS-3SPAY\\services\\passwordGenerate.js] passwordGenerate","timestamp":"2022-04-07T18:19:06.895Z"}
{"funcIdentifier":"29571737-b1aa-4d1e-b79b-033d29c9a8c8","level":"debug","output":0,"refPath":"[E:\\work\\tms\\TMS-3SPAY\\services\\passwordGenerate.js] passwordGenerate","timestamp":"2022-04-07T18:19:06.903Z"}
{"funcIdentifier":"fcb82c7e-af98-47c7-9f6c-26bf7fcf14f3","input":{},"level":"debug","refPath":"[E:\\work\\tms\\TMS-3SPAY\\services\\transaction.js] getAllTransactions","timestamp":"2022-04-07T18:21:58.321Z"}
{"funcIdentifier":"fcb82c7e-af98-47c7-9f6c-26bf7fcf14f3","level":"debug","output":0,"refPath":"[E:\\work\\tms\\TMS-3SPAY\\services\\transaction.js] getAllTransactions","timestamp":"2022-04-07T18:21:58.333Z"}
{"funcIdentifier":"9a5fa7bd-ebe2-4c79-bd21-c17c7983db16","input":{"params":{"role":"admin"}},"level":"debug","refPath":"[E:\\work\\tms\\TMS-3SPAY\\services\\permission.js] getPermissionByRole","timestamp":"2022-04-07T18:29:11.084Z"}
{"funcIdentifier":"9a5fa7bd-ebe2-4c79-bd21-c17c7983db16","level":"debug","output":0,"refPath":"[E:\\work\\tms\\TMS-3SPAY\\services\\permission.js] getPermissionByRole","timestamp":"2022-04-07T18:29:11.089Z"}
